This file contains any messages produced by compilers while
running configure, to aid debugging if configure makes a mistake.

It was created by SRx configure 0.6.1.2, which was
generated by GNU Autoconf 2.69.  Invocation command line was

  $ ./configure --prefix=/home/kmh/src/AS-Cones/local-6.2.0 sca_dir=/home/kmh/src/AS-Cones/local-6.2.0 CFLAGS=-O0 -g

## --------- ##
## Platform. ##
## --------- ##

hostname = localhost.localdomain
uname -m = x86_64
uname -r = 3.10.0-1160.66.1.el7.x86_64
uname -s = Linux
uname -v = #1 SMP Wed May 18 16:02:34 UTC 2022

/usr/bin/uname -p = x86_64
/bin/uname -X     = unknown

/bin/arch              = x86_64
/usr/bin/arch -k       = unknown
/usr/convex/getsysinfo = unknown
/usr/bin/hostinfo      = unknown
/bin/machine           = unknown
/usr/bin/oslevel       = unknown
/bin/universe          = unknown

PATH: /usr/local/bin
PATH: /usr/local/sbin
PATH: /usr/bin
PATH: /usr/sbin
PATH: /bin
PATH: /sbin
PATH: /home/kmh/.local/bin
PATH: /home/kmh/bin


## ----------- ##
## Core tests. ##
## ----------- ##

configure:2162: checking for a BSD-compatible install
configure:2230: result: /usr/bin/install -c
configure:2241: checking whether build environment is sane
configure:2296: result: yes
configure:2447: checking for a thread-safe mkdir -p
configure:2486: result: /usr/bin/mkdir -p
configure:2493: checking for gawk
configure:2509: found /usr/bin/gawk
configure:2520: result: gawk
configure:2531: checking whether make sets $(MAKE)
configure:2553: result: yes
configure:2582: checking whether make supports nested variables
configure:2599: result: yes
configure:2683: checking whether make sets $(MAKE)
configure:2705: result: yes
configure:2716: checking for patch
configure:2732: found /usr/bin/patch
configure:2744: result: yes
configure:2790: checking build system type
configure:2804: result: x86_64-unknown-linux-gnu
configure:2824: checking host system type
configure:2837: result: x86_64-unknown-linux-gnu
configure:2878: checking how to print strings
configure:2905: result: printf
configure:2938: checking for style of include used by make
configure:2966: result: GNU
configure:3037: checking for gcc
configure:3053: found /usr/bin/gcc
configure:3064: result: gcc
configure:3293: checking for C compiler version
configure:3302: gcc --version >&5
gcc (GCC) 4.8.5 20150623 (Red Hat 4.8.5-44)
Copyright (C) 2015 Free Software Foundation, Inc.
This is free software; see the source for copying conditions.  There is NO
warranty; not even for MERCHANTABILITY or FITNESS FOR A PARTICULAR PURPOSE.

configure:3313: $? = 0
configure:3302: gcc -v >&5
Using built-in specs.
COLLECT_GCC=gcc
COLLECT_LTO_WRAPPER=/usr/libexec/gcc/x86_64-redhat-linux/4.8.5/lto-wrapper
Target: x86_64-redhat-linux
Configured with: ../configure --prefix=/usr --mandir=/usr/share/man --infodir=/usr/share/info --with-bugurl=http://bugzilla.redhat.com/bugzilla --enable-bootstrap --enable-shared --enable-threads=posix --enable-checking=release --with-system-zlib --enable-__cxa_atexit --disable-libunwind-exceptions --enable-gnu-unique-object --enable-linker-build-id --with-linker-hash-style=gnu --enable-languages=c,c++,objc,obj-c++,java,fortran,ada,go,lto --enable-plugin --enable-initfini-array --disable-libgcj --with-isl=/builddir/build/BUILD/gcc-4.8.5-20150702/obj-x86_64-redhat-linux/isl-install --with-cloog=/builddir/build/BUILD/gcc-4.8.5-20150702/obj-x86_64-redhat-linux/cloog-install --enable-gnu-indirect-function --with-tune=generic --with-arch_32=x86-64 --build=x86_64-redhat-linux
Thread model: posix
gcc version 4.8.5 20150623 (Red Hat 4.8.5-44) (GCC) 
configure:3313: $? = 0
configure:3302: gcc -V >&5
gcc: error: unrecognized command line option '-V'
gcc: fatal error: no input files
compilation terminated.
configure:3313: $? = 4
configure:3302: gcc -qversion >&5
gcc: error: unrecognized command line option '-qversion'
gcc: fatal error: no input files
compilation terminated.
configure:3313: $? = 4
configure:3333: checking whether the C compiler works
configure:3355: gcc -O0 -g   conftest.c  >&5
configure:3359: $? = 0
configure:3407: result: yes
configure:3410: checking for C compiler default output file name
configure:3412: result: a.out
configure:3418: checking for suffix of executables
configure:3425: gcc -o conftest -O0 -g   conftest.c  >&5
configure:3429: $? = 0
configure:3451: result: 
configure:3473: checking whether we are cross compiling
configure:3481: gcc -o conftest -O0 -g   conftest.c  >&5
configure:3485: $? = 0
configure:3492: ./conftest
configure:3496: $? = 0
configure:3511: result: no
configure:3516: checking for suffix of object files
configure:3538: gcc -c -O0 -g  conftest.c >&5
configure:3542: $? = 0
configure:3563: result: o
configure:3567: checking whether we are using the GNU C compiler
configure:3586: gcc -c -O0 -g  conftest.c >&5
configure:3586: $? = 0
configure:3595: result: yes
configure:3604: checking whether gcc accepts -g
configure:3624: gcc -c -g  conftest.c >&5
configure:3624: $? = 0
configure:3665: result: yes
configure:3682: checking for gcc option to accept ISO C89
configure:3745: gcc  -c -O0 -g  conftest.c >&5
configure:3745: $? = 0
configure:3758: result: none needed
configure:3780: checking dependency style of gcc
configure:3891: result: none
configure:3906: checking for a sed that does not truncate output
configure:3970: result: /usr/bin/sed
configure:3988: checking for grep that handles long lines and -e
configure:4046: result: /usr/bin/grep
configure:4051: checking for egrep
configure:4113: result: /usr/bin/grep -E
configure:4118: checking for fgrep
configure:4180: result: /usr/bin/grep -F
configure:4215: checking for ld used by gcc
configure:4282: result: /usr/bin/ld
configure:4289: checking if the linker (/usr/bin/ld) is GNU ld
configure:4304: result: yes
configure:4316: checking for BSD- or MS-compatible name lister (nm)
configure:4365: result: /usr/bin/nm -B
configure:4495: checking the name lister (/usr/bin/nm -B) interface
configure:4502: gcc -c -O0 -g  conftest.c >&5
configure:4505: /usr/bin/nm -B "conftest.o"
configure:4508: output
0000000000000000 B some_variable
configure:4515: result: BSD nm
configure:4518: checking whether ln -s works
configure:4522: result: yes
configure:4530: checking the maximum length of command line arguments
configure:4660: result: 1572864
configure:4677: checking whether the shell understands some XSI constructs
configure:4687: result: yes
configure:4691: checking whether the shell understands "+="
configure:4697: result: yes
configure:4732: checking how to convert x86_64-unknown-linux-gnu file names to x86_64-unknown-linux-gnu format
configure:4772: result: func_convert_file_noop
configure:4779: checking how to convert x86_64-unknown-linux-gnu file names to toolchain format
configure:4799: result: func_convert_file_noop
configure:4806: checking for /usr/bin/ld option to reload object files
configure:4813: result: -r
configure:4887: checking for objdump
configure:4903: found /usr/bin/objdump
configure:4914: result: objdump
configure:4946: checking how to recognize dependent libraries
configure:5148: result: pass_all
configure:5233: checking for dlltool
configure:5263: result: no
configure:5293: checking how to associate runtime and link libraries
configure:5320: result: printf %s\n
configure:5381: checking for ar
configure:5397: found /usr/bin/ar
configure:5408: result: ar
configure:5445: checking for archiver @FILE support
configure:5462: gcc -c -O0 -g  conftest.c >&5
configure:5462: $? = 0
configure:5465: ar cru libconftest.a @conftest.lst >&5
configure:5468: $? = 0
configure:5473: ar cru libconftest.a @conftest.lst >&5
ar: conftest.o: No such file or directory
configure:5476: $? = 1
configure:5488: result: @
configure:5546: checking for strip
configure:5562: found /usr/bin/strip
configure:5573: result: strip
configure:5645: checking for ranlib
configure:5661: found /usr/bin/ranlib
configure:5672: result: ranlib
configure:5774: checking command to parse /usr/bin/nm -B output from gcc object
configure:5894: gcc -c -O0 -g  conftest.c >&5
configure:5897: $? = 0
configure:5901: /usr/bin/nm -B conftest.o \| sed -n -e 's/^.*[ ]\([ABCDGIRSTW][ABCDGIRSTW]*\)[ ][ ]*\([_A-Za-z][_A-Za-z0-9]*\)$/\1 \2 \2/p' | sed '/ __gnu_lto/d' \> conftest.nm
configure:5904: $? = 0
configure:5970: gcc -o conftest -O0 -g   conftest.c conftstm.o >&5
configure:5973: $? = 0
configure:6011: result: ok
configure:6048: checking for sysroot
configure:6078: result: no
configure:6155: gcc -c -O0 -g  conftest.c >&5
configure:6158: $? = 0
configure:6334: checking for mt
configure:6364: result: no
configure:6384: checking if : is a manifest tool
configure:6390: : '-?'
configure:6398: result: no
configure:7040: checking how to run the C preprocessor
configure:7071: gcc -E  conftest.c
configure:7071: $? = 0
configure:7085: gcc -E  conftest.c
conftest.c:11:28: fatal error: ac_nonexistent.h: No such file or directory
 #include <ac_nonexistent.h>
                            ^
compilation terminated.
configure:7085: $? = 1
configure: failed program was:
| /* confdefs.h */
| #define PACKAGE_NAME "SRx"
| #define PACKAGE_TARNAME "srx"
| #define PACKAGE_VERSION "0.6.1.2"
| #define PACKAGE_STRING "SRx 0.6.1.2"
| #define PACKAGE_BUGREPORT "itrg-contact@list.nist.gov"
| #define PACKAGE_URL "https://www.nist.gov/services-resources/software/bgp-secure-routing-extension-bgp-srx-prototype"
| #define PACKAGE "srx"
| #define VERSION "0.6.1.2"
| /* end confdefs.h.  */
| #include <ac_nonexistent.h>
configure:7110: result: gcc -E
configure:7130: gcc -E  conftest.c
configure:7130: $? = 0
configure:7144: gcc -E  conftest.c
conftest.c:11:28: fatal error: ac_nonexistent.h: No such file or directory
 #include <ac_nonexistent.h>
                            ^
compilation terminated.
configure:7144: $? = 1
configure: failed program was:
| /* confdefs.h */
| #define PACKAGE_NAME "SRx"
| #define PACKAGE_TARNAME "srx"
| #define PACKAGE_VERSION "0.6.1.2"
| #define PACKAGE_STRING "SRx 0.6.1.2"
| #define PACKAGE_BUGREPORT "itrg-contact@list.nist.gov"
| #define PACKAGE_URL "https://www.nist.gov/services-resources/software/bgp-secure-routing-extension-bgp-srx-prototype"
| #define PACKAGE "srx"
| #define VERSION "0.6.1.2"
| /* end confdefs.h.  */
| #include <ac_nonexistent.h>
configure:7173: checking for ANSI C header files
configure:7193: gcc -c -O0 -g  conftest.c >&5
configure:7193: $? = 0
configure:7266: gcc -o conftest -O0 -g   conftest.c  >&5
configure:7266: $? = 0
configure:7266: ./conftest
configure:7266: $? = 0
configure:7277: result: yes
configure:7290: checking for sys/types.h
configure:7290: gcc -c -O0 -g  conftest.c >&5
configure:7290: $? = 0
configure:7290: result: yes
configure:7290: checking for sys/stat.h
configure:7290: gcc -c -O0 -g  conftest.c >&5
configure:7290: $? = 0
configure:7290: result: yes
configure:7290: checking for stdlib.h
configure:7290: gcc -c -O0 -g  conftest.c >&5
configure:7290: $? = 0
configure:7290: result: yes
configure:7290: checking for string.h
configure:7290: gcc -c -O0 -g  conftest.c >&5
configure:7290: $? = 0
configure:7290: result: yes
configure:7290: checking for memory.h
configure:7290: gcc -c -O0 -g  conftest.c >&5
configure:7290: $? = 0
configure:7290: result: yes
configure:7290: checking for strings.h
configure:7290: gcc -c -O0 -g  conftest.c >&5
configure:7290: $? = 0
configure:7290: result: yes
configure:7290: checking for inttypes.h
configure:7290: gcc -c -O0 -g  conftest.c >&5
configure:7290: $? = 0
configure:7290: result: yes
configure:7290: checking for stdint.h
configure:7290: gcc -c -O0 -g  conftest.c >&5
configure:7290: $? = 0
configure:7290: result: yes
configure:7290: checking for unistd.h
configure:7290: gcc -c -O0 -g  conftest.c >&5
configure:7290: $? = 0
configure:7290: result: yes
configure:7304: checking for dlfcn.h
configure:7304: gcc -c -O0 -g  conftest.c >&5
configure:7304: $? = 0
configure:7304: result: yes
configure:7509: checking for objdir
configure:7524: result: .libs
configure:7795: checking if gcc supports -fno-rtti -fno-exceptions
configure:7813: gcc -c -O0 -g  -fno-rtti -fno-exceptions conftest.c >&5
cc1: warning: command line option '-fno-rtti' is valid for C++/ObjC++ but not for C [enabled by default]
configure:7817: $? = 0
configure:7830: result: no
configure:8157: checking for gcc option to produce PIC
configure:8164: result: -fPIC -DPIC
configure:8172: checking if gcc PIC flag -fPIC -DPIC works
configure:8190: gcc -c -O0 -g  -fPIC -DPIC -DPIC conftest.c >&5
configure:8194: $? = 0
configure:8207: result: yes
configure:8236: checking if gcc static flag -static works
configure:8264: result: no
configure:8279: checking if gcc supports -c -o file.o
configure:8300: gcc -c -O0 -g  -o out/conftest2.o conftest.c >&5
configure:8304: $? = 0
configure:8326: result: yes
configure:8334: checking if gcc supports -c -o file.o
configure:8381: result: yes
configure:8414: checking whether the gcc linker (/usr/bin/ld -m elf_x86_64) supports shared libraries
configure:9567: result: yes
configure:9604: checking whether -lc should be explicitly linked in
configure:9612: gcc -c -O0 -g  conftest.c >&5
configure:9615: $? = 0
configure:9630: gcc -shared  -fPIC -DPIC conftest.o  -v -Wl,-soname -Wl,conftest -o conftest 2\>\&1 \| /usr/bin/grep  -lc  \>/dev/null 2\>\&1
configure:9633: $? = 0
configure:9647: result: no
configure:9807: checking dynamic linker characteristics
configure:10318: gcc -o conftest -O0 -g   -Wl,-rpath -Wl,/foo conftest.c  >&5
configure:10318: $? = 0
configure:10544: result: GNU/Linux ld.so
configure:10651: checking how to hardcode library paths into programs
configure:10676: result: immediate
configure:10770: checking for shl_load
configure:10770: gcc -o conftest -O0 -g   conftest.c  >&5
/tmp/ccHSZfRt.o: In function `main':
/home/kmh/src/AS-Cones/srx-server/conftest.c:57: undefined reference to `shl_load'
collect2: error: ld returned 1 exit status
configure:10770: $? = 1
configure: failed program was:
| /* confdefs.h */
| #define PACKAGE_NAME "SRx"
| #define PACKAGE_TARNAME "srx"
| #define PACKAGE_VERSION "0.6.1.2"
| #define PACKAGE_STRING "SRx 0.6.1.2"
| #define PACKAGE_BUGREPORT "itrg-contact@list.nist.gov"
| #define PACKAGE_URL "https://www.nist.gov/services-resources/software/bgp-secure-routing-extension-bgp-srx-prototype"
| #define PACKAGE "srx"
| #define VERSION "0.6.1.2"
| #define STDC_HEADERS 1
| #define HAVE_SYS_TYPES_H 1
| #define HAVE_SYS_STAT_H 1
| #define HAVE_STDLIB_H 1
| #define HAVE_STRING_H 1
| #define HAVE_MEMORY_H 1
| #define HAVE_STRINGS_H 1
| #define HAVE_INTTYPES_H 1
| #define HAVE_STDINT_H 1
| #define HAVE_UNISTD_H 1
| #define HAVE_DLFCN_H 1
| #define LT_OBJDIR ".libs/"
| /* end confdefs.h.  */
| /* Define shl_load to an innocuous variant, in case <limits.h> declares shl_load.
|    For example, HP-UX 11i <limits.h> declares gettimeofday.  */
| #define shl_load innocuous_shl_load
| 
| /* System header to define __stub macros and hopefully few prototypes,
|     which can conflict with char shl_load (); below.
|     Prefer <limits.h> to <assert.h> if __STDC__ is defined, since
|     <limits.h> exists even on freestanding compilers.  */
| 
| #ifdef __STDC__
| # include <limits.h>
| #else
| # include <assert.h>
| #endif
| 
| #undef shl_load
| 
| /* Override any GCC internal prototype to avoid an error.
|    Use char because int might match the return type of a GCC
|    builtin and then its argument prototype would still apply.  */
| #ifdef __cplusplus
| extern "C"
| #endif
| char shl_load ();
| /* The GNU C library defines this for functions which it implements
|     to always fail with ENOSYS.  Some functions are actually named
|     something starting with __ and the normal name is an alias.  */
| #if defined __stub_shl_load || defined __stub___shl_load
| choke me
| #endif
| 
| int
| main ()
| {
| return shl_load ();
|   ;
|   return 0;
| }
configure:10770: result: no
configure:10774: checking for shl_load in -ldld
configure:10799: gcc -o conftest -O0 -g   conftest.c -ldld   >&5
/usr/bin/ld: cannot find -ldld
collect2: error: ld returned 1 exit status
configure:10799: $? = 1
configure: failed program was:
| /* confdefs.h */
| #define PACKAGE_NAME "SRx"
| #define PACKAGE_TARNAME "srx"
| #define PACKAGE_VERSION "0.6.1.2"
| #define PACKAGE_STRING "SRx 0.6.1.2"
| #define PACKAGE_BUGREPORT "itrg-contact@list.nist.gov"
| #define PACKAGE_URL "https://www.nist.gov/services-resources/software/bgp-secure-routing-extension-bgp-srx-prototype"
| #define PACKAGE "srx"
| #define VERSION "0.6.1.2"
| #define STDC_HEADERS 1
| #define HAVE_SYS_TYPES_H 1
| #define HAVE_SYS_STAT_H 1
| #define HAVE_STDLIB_H 1
| #define HAVE_STRING_H 1
| #define HAVE_MEMORY_H 1
| #define HAVE_STRINGS_H 1
| #define HAVE_INTTYPES_H 1
| #define HAVE_STDINT_H 1
| #define HAVE_UNISTD_H 1
| #define HAVE_DLFCN_H 1
| #define LT_OBJDIR ".libs/"
| /* end confdefs.h.  */
| 
| /* Override any GCC internal prototype to avoid an error.
|    Use char because int might match the return type of a GCC
|    builtin and then its argument prototype would still apply.  */
| #ifdef __cplusplus
| extern "C"
| #endif
| char shl_load ();
| int
| main ()
| {
| return shl_load ();
|   ;
|   return 0;
| }
configure:10808: result: no
configure:10813: checking for dlopen
configure:10813: gcc -o conftest -O0 -g   conftest.c  >&5
/tmp/cczL4gnu.o: In function `main':
/home/kmh/src/AS-Cones/srx-server/conftest.c:57: undefined reference to `dlopen'
collect2: error: ld returned 1 exit status
configure:10813: $? = 1
configure: failed program was:
| /* confdefs.h */
| #define PACKAGE_NAME "SRx"
| #define PACKAGE_TARNAME "srx"
| #define PACKAGE_VERSION "0.6.1.2"
| #define PACKAGE_STRING "SRx 0.6.1.2"
| #define PACKAGE_BUGREPORT "itrg-contact@list.nist.gov"
| #define PACKAGE_URL "https://www.nist.gov/services-resources/software/bgp-secure-routing-extension-bgp-srx-prototype"
| #define PACKAGE "srx"
| #define VERSION "0.6.1.2"
| #define STDC_HEADERS 1
| #define HAVE_SYS_TYPES_H 1
| #define HAVE_SYS_STAT_H 1
| #define HAVE_STDLIB_H 1
| #define HAVE_STRING_H 1
| #define HAVE_MEMORY_H 1
| #define HAVE_STRINGS_H 1
| #define HAVE_INTTYPES_H 1
| #define HAVE_STDINT_H 1
| #define HAVE_UNISTD_H 1
| #define HAVE_DLFCN_H 1
| #define LT_OBJDIR ".libs/"
| /* end confdefs.h.  */
| /* Define dlopen to an innocuous variant, in case <limits.h> declares dlopen.
|    For example, HP-UX 11i <limits.h> declares gettimeofday.  */
| #define dlopen innocuous_dlopen
| 
| /* System header to define __stub macros and hopefully few prototypes,
|     which can conflict with char dlopen (); below.
|     Prefer <limits.h> to <assert.h> if __STDC__ is defined, since
|     <limits.h> exists even on freestanding compilers.  */
| 
| #ifdef __STDC__
| # include <limits.h>
| #else
| # include <assert.h>
| #endif
| 
| #undef dlopen
| 
| /* Override any GCC internal prototype to avoid an error.
|    Use char because int might match the return type of a GCC
|    builtin and then its argument prototype would still apply.  */
| #ifdef __cplusplus
| extern "C"
| #endif
| char dlopen ();
| /* The GNU C library defines this for functions which it implements
|     to always fail with ENOSYS.  Some functions are actually named
|     something starting with __ and the normal name is an alias.  */
| #if defined __stub_dlopen || defined __stub___dlopen
| choke me
| #endif
| 
| int
| main ()
| {
| return dlopen ();
|   ;
|   return 0;
| }
configure:10813: result: no
configure:10817: checking for dlopen in -ldl
configure:10842: gcc -o conftest -O0 -g   conftest.c -ldl   >&5
configure:10842: $? = 0
configure:10851: result: yes
configure:10970: checking whether a program can dlopen itself
configure:11050: gcc -o conftest -O0 -g  -DHAVE_DLFCN_H  -Wl,--export-dynamic conftest.c -ldl  >&5
configure:11053: $? = 0
configure:11071: result: yes
configure:11076: checking whether a statically linked program can dlopen itself
configure:11156: gcc -o conftest -O0 -g  -DHAVE_DLFCN_H  -Wl,--export-dynamic  conftest.c -ldl  >&5
configure:11159: $? = 0
configure:11177: result: yes
configure:11216: checking whether stripping libraries is possible
configure:11221: result: yes
configure:11256: checking if libtool supports shared libraries
configure:11258: result: yes
configure:11261: checking whether to build shared libraries
configure:11282: result: yes
configure:11285: checking whether to build static libraries
configure:11289: result: yes
configure:11479: checking that generated files are newer than configure
configure:11485: result: done
configure:11508: creating ./config.status

## ---------------------- ##
## Running config.status. ##
## ---------------------- ##

This file was extended by SRx config.status 0.6.1.2, which was
generated by GNU Autoconf 2.69.  Invocation command line was

  CONFIG_FILES    = 
  CONFIG_HEADERS  = 
  CONFIG_LINKS    = 
  CONFIG_COMMANDS = 
  $ ./config.status 

on localhost.localdomain

config.status:1006: creating Makefile
config.status:1178: executing depfiles commands
config.status:1178: executing libtool commands
configure:13612: === configuring in src (/home/kmh/src/AS-Cones/srx-server/src)
configure:13675: running /bin/sh ./configure --disable-option-checking '--prefix=/home/kmh/src/AS-Cones/local-6.2.0'  'sca_dir=/home/kmh/src/AS-Cones/local-6.2.0' 'CFLAGS=-O0 -g' --cache-file=/dev/null --srcdir=.

## ---------------- ##
## Cache variables. ##
## ---------------- ##

ac_cv_build=x86_64-unknown-linux-gnu
ac_cv_c_compiler_gnu=yes
ac_cv_env_CC_set=
ac_cv_env_CC_value=
ac_cv_env_CFLAGS_set=set
ac_cv_env_CFLAGS_value='-O0 -g'
ac_cv_env_CPPFLAGS_set=
ac_cv_env_CPPFLAGS_value=
ac_cv_env_CPP_set=
ac_cv_env_CPP_value=
ac_cv_env_LDFLAGS_set=
ac_cv_env_LDFLAGS_value=
ac_cv_env_LIBS_set=
ac_cv_env_LIBS_value=
ac_cv_env_build_alias_set=
ac_cv_env_build_alias_value=
ac_cv_env_host_alias_set=
ac_cv_env_host_alias_value=
ac_cv_env_target_alias_set=
ac_cv_env_target_alias_value=
ac_cv_func_dlopen=no
ac_cv_func_shl_load=no
ac_cv_header_dlfcn_h=yes
ac_cv_header_inttypes_h=yes
ac_cv_header_memory_h=yes
ac_cv_header_stdc=yes
ac_cv_header_stdint_h=yes
ac_cv_header_stdlib_h=yes
ac_cv_header_string_h=yes
ac_cv_header_strings_h=yes
ac_cv_header_sys_stat_h=yes
ac_cv_header_sys_types_h=yes
ac_cv_header_unistd_h=yes
ac_cv_host=x86_64-unknown-linux-gnu
ac_cv_lib_dl_dlopen=yes
ac_cv_lib_dld_shl_load=no
ac_cv_objext=o
ac_cv_path_EGREP='/usr/bin/grep -E'
ac_cv_path_FGREP='/usr/bin/grep -F'
ac_cv_path_GREP=/usr/bin/grep
ac_cv_path_SED=/usr/bin/sed
ac_cv_path_install='/usr/bin/install -c'
ac_cv_path_mkdir=/usr/bin/mkdir
ac_cv_prog_AWK=gawk
ac_cv_prog_CPP='gcc -E'
ac_cv_prog_PATCH=yes
ac_cv_prog_ac_ct_AR=ar
ac_cv_prog_ac_ct_CC=gcc
ac_cv_prog_ac_ct_OBJDUMP=objdump
ac_cv_prog_ac_ct_RANLIB=ranlib
ac_cv_prog_ac_ct_STRIP=strip
ac_cv_prog_cc_c89=
ac_cv_prog_cc_g=yes
ac_cv_prog_make_make_set=yes
am_cv_CC_dependencies_compiler_type=none
am_cv_make_support_nested_variables=yes
lt_cv_ar_at_file=@
lt_cv_archive_cmds_need_lc=no
lt_cv_deplibs_check_method=pass_all
lt_cv_dlopen=dlopen
lt_cv_dlopen_libs=-ldl
lt_cv_dlopen_self=yes
lt_cv_dlopen_self_static=yes
lt_cv_file_magic_cmd='$MAGIC_CMD'
lt_cv_file_magic_test_file=
lt_cv_ld_reload_flag=-r
lt_cv_nm_interface='BSD nm'
lt_cv_objdir=.libs
lt_cv_path_LD=/usr/bin/ld
lt_cv_path_NM='/usr/bin/nm -B'
lt_cv_path_mainfest_tool=no
lt_cv_prog_compiler_c_o=yes
lt_cv_prog_compiler_pic='-fPIC -DPIC'
lt_cv_prog_compiler_pic_works=yes
lt_cv_prog_compiler_rtti_exceptions=no
lt_cv_prog_compiler_static_works=no
lt_cv_prog_gnu_ld=yes
lt_cv_sharedlib_from_linklib_cmd='printf %s\n'
lt_cv_shlibpath_overrides_runpath=no
lt_cv_sys_global_symbol_pipe='sed -n -e '\''s/^.*[	 ]\([ABCDGIRSTW][ABCDGIRSTW]*\)[	 ][	 ]*\([_A-Za-z][_A-Za-z0-9]*\)$/\1 \2 \2/p'\'' | sed '\''/ __gnu_lto/d'\'''
lt_cv_sys_global_symbol_to_c_name_address='sed -n -e '\''s/^: \([^ ]*\)[ ]*$/  {\"\1\", (void *) 0},/p'\'' -e '\''s/^[ABCDGIRSTW]* \([^ ]*\) \([^ ]*\)$/  {"\2", (void *) \&\2},/p'\'''
lt_cv_sys_global_symbol_to_c_name_address_lib_prefix='sed -n -e '\''s/^: \([^ ]*\)[ ]*$/  {\"\1\", (void *) 0},/p'\'' -e '\''s/^[ABCDGIRSTW]* \([^ ]*\) \(lib[^ ]*\)$/  {"\2", (void *) \&\2},/p'\'' -e '\''s/^[ABCDGIRSTW]* \([^ ]*\) \([^ ]*\)$/  {"lib\2", (void *) \&\2},/p'\'''
lt_cv_sys_global_symbol_to_cdecl='sed -n -e '\''s/^T .* \(.*\)$/extern int \1();/p'\'' -e '\''s/^[ABCDGIRSTW]* .* \(.*\)$/extern char \1;/p'\'''
lt_cv_sys_max_cmd_len=1572864
lt_cv_to_host_file_cmd=func_convert_file_noop
lt_cv_to_tool_file_cmd=func_convert_file_noop

## ----------------- ##
## Output variables. ##
## ----------------- ##

ACLOCAL='${SHELL} /home/kmh/src/AS-Cones/srx-server/missing aclocal-1.13'
AMDEPBACKSLASH='\'
AMDEP_FALSE='#'
AMDEP_TRUE=''
AMTAR='$${TAR-tar}'
AM_BACKSLASH='\'
AM_DEFAULT_V='$(AM_DEFAULT_VERBOSITY)'
AM_DEFAULT_VERBOSITY='1'
AM_V='$(V)'
AR='ar'
AUTOCONF='${SHELL} /home/kmh/src/AS-Cones/srx-server/missing autoconf'
AUTOHEADER='${SHELL} /home/kmh/src/AS-Cones/srx-server/missing autoheader'
AUTOMAKE='${SHELL} /home/kmh/src/AS-Cones/srx-server/missing automake-1.13'
AWK='gawk'
CC='gcc'
CCDEPMODE='depmode=none'
CFLAGS='-O0 -g'
CPP='gcc -E'
CPPFLAGS=''
CYGPATH_W='echo'
DEFS='-DPACKAGE_NAME=\"SRx\" -DPACKAGE_TARNAME=\"srx\" -DPACKAGE_VERSION=\"0.6.1.2\" -DPACKAGE_STRING=\"SRx\ 0.6.1.2\" -DPACKAGE_BUGREPORT=\"itrg-contact@list.nist.gov\" -DPACKAGE_URL=\"https://www.nist.gov/services-resources/software/bgp-secure-routing-extension-bgp-srx-prototype\" -DPACKAGE=\"srx\" -DVERSION=\"0.6.1.2\" -DSTDC_HEADERS=1 -DHAVE_SYS_TYPES_H=1 -DHAVE_SYS_STAT_H=1 -DHAVE_STDLIB_H=1 -DHAVE_STRING_H=1 -DHAVE_MEMORY_H=1 -DHAVE_STRINGS_H=1 -DHAVE_INTTYPES_H=1 -DHAVE_STDINT_H=1 -DHAVE_UNISTD_H=1 -DHAVE_DLFCN_H=1 -DLT_OBJDIR=\".libs/\"'
DEPDIR='.deps'
DLLTOOL='false'
DSYMUTIL=''
DUMPBIN=''
ECHO_C=''
ECHO_N='-n'
ECHO_T=''
EGREP='/usr/bin/grep -E'
EXEEXT=''
FGREP='/usr/bin/grep -F'
GREP='/usr/bin/grep'
INSTALL_DATA='${INSTALL} -m 644'
INSTALL_PROGRAM='${INSTALL}'
INSTALL_SCRIPT='${INSTALL}'
INSTALL_STRIP_PROGRAM='$(install_sh) -c -s'
LD='/usr/bin/ld -m elf_x86_64'
LDFLAGS=''
LIBOBJS=''
LIBS=''
LIBTOOL='$(SHELL) $(top_builddir)/libtool'
LIPO=''
LN_S='ln -s'
LTLIBOBJS=''
MAKEINFO='${SHELL} /home/kmh/src/AS-Cones/srx-server/missing makeinfo'
MANIFEST_TOOL=':'
MKDIR_P='/usr/bin/mkdir -p'
NM='/usr/bin/nm -B'
NMEDIT=''
OBJDUMP='objdump'
OBJEXT='o'
OTOOL64=''
OTOOL=''
PACKAGE='srx'
PACKAGE_BUGREPORT='itrg-contact@list.nist.gov'
PACKAGE_NAME='SRx'
PACKAGE_STRING='SRx 0.6.1.2'
PACKAGE_TARNAME='srx'
PACKAGE_URL='https://www.nist.gov/services-resources/software/bgp-secure-routing-extension-bgp-srx-prototype'
PACKAGE_VERSION='0.6.1.2'
PATCH='yes'
PATH_SEPARATOR=':'
RANLIB='ranlib'
SED='/usr/bin/sed'
SET_MAKE=''
SHELL='/bin/sh'
STRIP='strip'
VERSION='0.6.1.2'
ac_ct_AR='ar'
ac_ct_CC='gcc'
ac_ct_DUMPBIN=''
am__EXEEXT_FALSE=''
am__EXEEXT_TRUE='#'
am__fastdepCC_FALSE=''
am__fastdepCC_TRUE='#'
am__include='include'
am__isrc=''
am__leading_dot='.'
am__nodep='_no'
am__quote=''
am__tar='$${TAR-tar} chof - "$$tardir"'
am__untar='$${TAR-tar} xf -'
bindir='${exec_prefix}/bin'
build='x86_64-unknown-linux-gnu'
build_alias=''
build_cpu='x86_64'
build_os='linux-gnu'
build_vendor='unknown'
datadir='${datarootdir}'
datarootdir='${prefix}/share'
docdir='${datarootdir}/doc/${PACKAGE_TARNAME}'
dvidir='${docdir}'
exec_prefix='${prefix}'
host='x86_64-unknown-linux-gnu'
host_alias=''
host_cpu='x86_64'
host_os='linux-gnu'
host_vendor='unknown'
htmldir='${docdir}'
includedir='${prefix}/include'
infodir='${datarootdir}/info'
install_sh='${SHELL} /home/kmh/src/AS-Cones/srx-server/install-sh'
libdir='${exec_prefix}/lib'
libexecdir='${exec_prefix}/libexec'
localedir='${datarootdir}/locale'
localstatedir='${prefix}/var'
mandir='${datarootdir}/man'
mkdir_p='$(MKDIR_P)'
oldincludedir='/usr/include'
pdfdir='${docdir}'
prefix='/home/kmh/src/AS-Cones/local-6.2.0'
program_transform_name='s,x,x,'
psdir='${docdir}'
sbindir='${exec_prefix}/sbin'
sharedstatedir='${prefix}/com'
subdirs=' src'
sysconfdir='${prefix}/etc'
target_alias=''

## ----------- ##
## confdefs.h. ##
## ----------- ##

/* confdefs.h */
#define PACKAGE_NAME "SRx"
#define PACKAGE_TARNAME "srx"
#define PACKAGE_VERSION "0.6.1.2"
#define PACKAGE_STRING "SRx 0.6.1.2"
#define PACKAGE_BUGREPORT "itrg-contact@list.nist.gov"
#define PACKAGE_URL "https://www.nist.gov/services-resources/software/bgp-secure-routing-extension-bgp-srx-prototype"
#define PACKAGE "srx"
#define VERSION "0.6.1.2"
#define STDC_HEADERS 1
#define HAVE_SYS_TYPES_H 1
#define HAVE_SYS_STAT_H 1
#define HAVE_STDLIB_H 1
#define HAVE_STRING_H 1
#define HAVE_MEMORY_H 1
#define HAVE_STRINGS_H 1
#define HAVE_INTTYPES_H 1
#define HAVE_STDINT_H 1
#define HAVE_UNISTD_H 1
#define HAVE_DLFCN_H 1
#define LT_OBJDIR ".libs/"

configure: exit 0
