/home/kmh/src/AS-Cones/local-6.2.0/opt/bgp-srx-examples/bgpsec-keys/
/home/kmh/src/AS-Cones/local-6.2.0/opt/bgp-srx-examples/bin/
/home/kmh/src/AS-Cones/local-6.2.0/opt/bgp-srx-examples/config-quaggasrx/
/home/kmh/src/AS-Cones/local-6.2.0/opt/bgp-srx-examples/config-rpki/
/home/kmh/src/AS-Cones/local-6.2.0/opt/bgp-srx-examples/example-demo-all/
/home/kmh/src/AS-Cones/local-6.2.0/opt/bgp-srx-examples/example-demo-aspa/
/home/kmh/src/AS-Cones/local-6.2.0/opt/bgp-srx-examples/example-demo-aspa-new/
/home/kmh/src/AS-Cones/local-6.2.0/opt/bgp-srx-examples/example-demo-bgpsec/
/home/kmh/src/AS-Cones/local-6.2.0/opt/bgp-srx-examples/example-demo-interactive/
/home/kmh/src/AS-Cones/local-6.2.0/opt/bgp-srx-examples/example-demo-origin/
/home/kmh/src/AS-Cones/local-6.2.0/opt/bgp-srx-examples/lib/
/home/kmh/src/AS-Cones/local-6.2.0/opt/bgp-srx-examples/test-bio-sca/
/home/kmh/src/AS-Cones/local-6.2.0/opt/bgp-srx-examples/test-sca/
/home/kmh/src/AS-Cones/local-6.2.0/opt/bgp-srx-examples/tfg-aspa/
/home/kmh/src/AS-Cones/local-6.2.0/opt/bgp-srx-examples/bgpsec-keys/
/home/kmh/src/AS-Cones/local-6.2.0/opt/bgp-srx-examples/bin/
/home/kmh/src/AS-Cones/local-6.2.0/opt/bgp-srx-examples/config-quaggasrx/
/home/kmh/src/AS-Cones/local-6.2.0/opt/bgp-srx-examples/config-rpki/
/home/kmh/src/AS-Cones/local-6.2.0/opt/bgp-srx-examples/example-demo-all/
/home/kmh/src/AS-Cones/local-6.2.0/opt/bgp-srx-examples/example-demo-aspa/
/home/kmh/src/AS-Cones/local-6.2.0/opt/bgp-srx-examples/example-demo-aspa-new/
/home/kmh/src/AS-Cones/local-6.2.0/opt/bgp-srx-examples/example-demo-bgpsec/
/home/kmh/src/AS-Cones/local-6.2.0/opt/bgp-srx-examples/example-demo-interactive/
/home/kmh/src/AS-Cones/local-6.2.0/opt/bgp-srx-examples/example-demo-origin/
/home/kmh/src/AS-Cones/local-6.2.0/opt/bgp-srx-examples/lib/
/home/kmh/src/AS-Cones/local-6.2.0/opt/bgp-srx-examples/test-bio-sca/
/home/kmh/src/AS-Cones/local-6.2.0/opt/bgp-srx-examples/test-sca/
/home/kmh/src/AS-Cones/local-6.2.0/opt/bgp-srx-examples/tfg-aspa/
