This file contains any messages produced by compilers while
running configure, to aid debugging if configure makes a mistake.

It was created by SRx configure 0.6.1.2, which was
generated by GNU Autoconf 2.69.  Invocation command line was

  $ ./configure --disable-option-checking --prefix=/home/centos/CNSM/CNSM-23-demo/AS-Cones/local-6.2.0 sca_dir=/home/centos/CNSM/CNSM-23-demo/AS-Cones/local-6.2.0 CFLAGS=-O0 -g --cache-file=/dev/null --srcdir=.

## --------- ##
## Platform. ##
## --------- ##

hostname = localhost.localdomain
uname -m = x86_64
uname -r = 3.10.0-1160.92.1.el7.x86_64
uname -s = Linux
uname -v = #1 SMP Tue Jun 20 11:48:01 UTC 2023

/usr/bin/uname -p = x86_64
/bin/uname -X     = unknown

/bin/arch              = x86_64
/usr/bin/arch -k       = unknown
/usr/convex/getsysinfo = unknown
/usr/bin/hostinfo      = unknown
/bin/machine           = unknown
/usr/bin/oslevel       = unknown
/bin/universe          = unknown

PATH: /sbin
PATH: /bin
PATH: /usr/sbin
PATH: /usr/bin


## ----------- ##
## Core tests. ##
## ----------- ##

configure:2399: checking for a BSD-compatible install
configure:2467: result: /bin/install -c
configure:2478: checking whether build environment is sane
configure:2533: result: yes
configure:2684: checking for a thread-safe mkdir -p
configure:2723: result: /bin/mkdir -p
configure:2730: checking for gawk
configure:2746: found /bin/gawk
configure:2757: result: gawk
configure:2768: checking whether make sets $(MAKE)
configure:2790: result: yes
configure:2819: checking whether make supports nested variables
configure:2836: result: yes
configure:2950: checking build system type
configure:2964: result: x86_64-unknown-linux-gnu
configure:2984: checking host system type
configure:2997: result: x86_64-unknown-linux-gnu
configure:3038: checking how to print strings
configure:3065: result: printf
configure:3098: checking for style of include used by make
configure:3126: result: GNU
configure:3197: checking for gcc
configure:3213: found /bin/gcc
configure:3224: result: gcc
configure:3453: checking for C compiler version
configure:3462: gcc --version >&5
gcc (GCC) 4.8.5 20150623 (Red Hat 4.8.5-44)
Copyright (C) 2015 Free Software Foundation, Inc.
This is free software; see the source for copying conditions.  There is NO
warranty; not even for MERCHANTABILITY or FITNESS FOR A PARTICULAR PURPOSE.

configure:3473: $? = 0
configure:3462: gcc -v >&5
Using built-in specs.
COLLECT_GCC=gcc
COLLECT_LTO_WRAPPER=/usr/libexec/gcc/x86_64-redhat-linux/4.8.5/lto-wrapper
Target: x86_64-redhat-linux
Configured with: ../configure --prefix=/usr --mandir=/usr/share/man --infodir=/usr/share/info --with-bugurl=http://bugzilla.redhat.com/bugzilla --enable-bootstrap --enable-shared --enable-threads=posix --enable-checking=release --with-system-zlib --enable-__cxa_atexit --disable-libunwind-exceptions --enable-gnu-unique-object --enable-linker-build-id --with-linker-hash-style=gnu --enable-languages=c,c++,objc,obj-c++,java,fortran,ada,go,lto --enable-plugin --enable-initfini-array --disable-libgcj --with-isl=/builddir/build/BUILD/gcc-4.8.5-20150702/obj-x86_64-redhat-linux/isl-install --with-cloog=/builddir/build/BUILD/gcc-4.8.5-20150702/obj-x86_64-redhat-linux/cloog-install --enable-gnu-indirect-function --with-tune=generic --with-arch_32=x86-64 --build=x86_64-redhat-linux
Thread model: posix
gcc version 4.8.5 20150623 (Red Hat 4.8.5-44) (GCC) 
configure:3473: $? = 0
configure:3462: gcc -V >&5
gcc: error: unrecognized command line option '-V'
gcc: fatal error: no input files
compilation terminated.
configure:3473: $? = 4
configure:3462: gcc -qversion >&5
gcc: error: unrecognized command line option '-qversion'
gcc: fatal error: no input files
compilation terminated.
configure:3473: $? = 4
configure:3493: checking whether the C compiler works
configure:3515: gcc -O0 -g   conftest.c  >&5
configure:3519: $? = 0
configure:3567: result: yes
configure:3570: checking for C compiler default output file name
configure:3572: result: a.out
configure:3578: checking for suffix of executables
configure:3585: gcc -o conftest -O0 -g   conftest.c  >&5
configure:3589: $? = 0
configure:3611: result: 
configure:3633: checking whether we are cross compiling
configure:3641: gcc -o conftest -O0 -g   conftest.c  >&5
configure:3645: $? = 0
configure:3652: ./conftest
configure:3656: $? = 0
configure:3671: result: no
configure:3676: checking for suffix of object files
configure:3698: gcc -c -O0 -g  conftest.c >&5
configure:3702: $? = 0
configure:3723: result: o
configure:3727: checking whether we are using the GNU C compiler
configure:3746: gcc -c -O0 -g  conftest.c >&5
configure:3746: $? = 0
configure:3755: result: yes
configure:3764: checking whether gcc accepts -g
configure:3784: gcc -c -g  conftest.c >&5
configure:3784: $? = 0
configure:3825: result: yes
configure:3842: checking for gcc option to accept ISO C89
configure:3905: gcc  -c -O0 -g  conftest.c >&5
configure:3905: $? = 0
configure:3918: result: none needed
configure:3940: checking dependency style of gcc
configure:4051: result: gcc3
configure:4066: checking for a sed that does not truncate output
configure:4130: result: /bin/sed
configure:4148: checking for grep that handles long lines and -e
configure:4206: result: /bin/grep
configure:4211: checking for egrep
configure:4273: result: /bin/grep -E
configure:4278: checking for fgrep
configure:4340: result: /bin/grep -F
configure:4375: checking for ld used by gcc
configure:4442: result: /bin/ld
configure:4449: checking if the linker (/bin/ld) is GNU ld
configure:4464: result: yes
configure:4476: checking for BSD- or MS-compatible name lister (nm)
configure:4525: result: /bin/nm -B
configure:4655: checking the name lister (/bin/nm -B) interface
configure:4662: gcc -c -O0 -g  conftest.c >&5
configure:4665: /bin/nm -B "conftest.o"
configure:4668: output
0000000000000000 B some_variable
configure:4675: result: BSD nm
configure:4678: checking whether ln -s works
configure:4682: result: yes
configure:4690: checking the maximum length of command line arguments
configure:4820: result: 1572864
configure:4837: checking whether the shell understands some XSI constructs
configure:4847: result: yes
configure:4851: checking whether the shell understands "+="
configure:4857: result: yes
configure:4892: checking how to convert x86_64-unknown-linux-gnu file names to x86_64-unknown-linux-gnu format
configure:4932: result: func_convert_file_noop
configure:4939: checking how to convert x86_64-unknown-linux-gnu file names to toolchain format
configure:4959: result: func_convert_file_noop
configure:4966: checking for /bin/ld option to reload object files
configure:4973: result: -r
configure:5047: checking for objdump
configure:5063: found /bin/objdump
configure:5074: result: objdump
configure:5106: checking how to recognize dependent libraries
configure:5308: result: pass_all
configure:5393: checking for dlltool
configure:5423: result: no
configure:5453: checking how to associate runtime and link libraries
configure:5480: result: printf %s\n
configure:5541: checking for ar
configure:5557: found /bin/ar
configure:5568: result: ar
configure:5605: checking for archiver @FILE support
configure:5622: gcc -c -O0 -g  conftest.c >&5
configure:5622: $? = 0
configure:5625: ar cru libconftest.a @conftest.lst >&5
configure:5628: $? = 0
configure:5633: ar cru libconftest.a @conftest.lst >&5
ar: conftest.o: No such file or directory
configure:5636: $? = 1
configure:5648: result: @
configure:5706: checking for strip
configure:5722: found /bin/strip
configure:5733: result: strip
configure:5805: checking for ranlib
configure:5821: found /bin/ranlib
configure:5832: result: ranlib
configure:5934: checking command to parse /bin/nm -B output from gcc object
configure:6054: gcc -c -O0 -g  conftest.c >&5
configure:6057: $? = 0
configure:6061: /bin/nm -B conftest.o \| sed -n -e 's/^.*[ ]\([ABCDGIRSTW][ABCDGIRSTW]*\)[ ][ ]*\([_A-Za-z][_A-Za-z0-9]*\)$/\1 \2 \2/p' | sed '/ __gnu_lto/d' \> conftest.nm
configure:6064: $? = 0
configure:6130: gcc -o conftest -O0 -g   conftest.c conftstm.o >&5
configure:6133: $? = 0
configure:6171: result: ok
configure:6208: checking for sysroot
configure:6238: result: no
configure:6315: gcc -c -O0 -g  conftest.c >&5
configure:6318: $? = 0
configure:6494: checking for mt
configure:6524: result: no
configure:6544: checking if : is a manifest tool
configure:6550: : '-?'
configure:6558: result: no
configure:7200: checking how to run the C preprocessor
configure:7231: gcc -E  conftest.c
configure:7231: $? = 0
configure:7245: gcc -E  conftest.c
conftest.c:11:28: fatal error: ac_nonexistent.h: No such file or directory
 #include <ac_nonexistent.h>
                            ^
compilation terminated.
configure:7245: $? = 1
configure: failed program was:
| /* confdefs.h */
| #define PACKAGE_NAME "SRx"
| #define PACKAGE_TARNAME "srx"
| #define PACKAGE_VERSION "0.6.1.2"
| #define PACKAGE_STRING "SRx 0.6.1.2"
| #define PACKAGE_BUGREPORT "itrg-contact@list.nist.gov"
| #define PACKAGE_URL "https://www.nist.gov/services-resources/software/bgp-secure-routing-extension-bgp-srx-prototype"
| #define PACKAGE "srx"
| #define VERSION "0.6.1.2"
| /* end confdefs.h.  */
| #include <ac_nonexistent.h>
configure:7270: result: gcc -E
configure:7290: gcc -E  conftest.c
configure:7290: $? = 0
configure:7304: gcc -E  conftest.c
conftest.c:11:28: fatal error: ac_nonexistent.h: No such file or directory
 #include <ac_nonexistent.h>
                            ^
compilation terminated.
configure:7304: $? = 1
configure: failed program was:
| /* confdefs.h */
| #define PACKAGE_NAME "SRx"
| #define PACKAGE_TARNAME "srx"
| #define PACKAGE_VERSION "0.6.1.2"
| #define PACKAGE_STRING "SRx 0.6.1.2"
| #define PACKAGE_BUGREPORT "itrg-contact@list.nist.gov"
| #define PACKAGE_URL "https://www.nist.gov/services-resources/software/bgp-secure-routing-extension-bgp-srx-prototype"
| #define PACKAGE "srx"
| #define VERSION "0.6.1.2"
| /* end confdefs.h.  */
| #include <ac_nonexistent.h>
configure:7333: checking for ANSI C header files
configure:7353: gcc -c -O0 -g  conftest.c >&5
configure:7353: $? = 0
configure:7426: gcc -o conftest -O0 -g   conftest.c  >&5
configure:7426: $? = 0
configure:7426: ./conftest
configure:7426: $? = 0
configure:7437: result: yes
configure:7450: checking for sys/types.h
configure:7450: gcc -c -O0 -g  conftest.c >&5
configure:7450: $? = 0
configure:7450: result: yes
configure:7450: checking for sys/stat.h
configure:7450: gcc -c -O0 -g  conftest.c >&5
configure:7450: $? = 0
configure:7450: result: yes
configure:7450: checking for stdlib.h
configure:7450: gcc -c -O0 -g  conftest.c >&5
configure:7450: $? = 0
configure:7450: result: yes
configure:7450: checking for string.h
configure:7450: gcc -c -O0 -g  conftest.c >&5
configure:7450: $? = 0
configure:7450: result: yes
configure:7450: checking for memory.h
configure:7450: gcc -c -O0 -g  conftest.c >&5
configure:7450: $? = 0
configure:7450: result: yes
configure:7450: checking for strings.h
configure:7450: gcc -c -O0 -g  conftest.c >&5
configure:7450: $? = 0
configure:7450: result: yes
configure:7450: checking for inttypes.h
configure:7450: gcc -c -O0 -g  conftest.c >&5
configure:7450: $? = 0
configure:7450: result: yes
configure:7450: checking for stdint.h
configure:7450: gcc -c -O0 -g  conftest.c >&5
configure:7450: $? = 0
configure:7450: result: yes
configure:7450: checking for unistd.h
configure:7450: gcc -c -O0 -g  conftest.c >&5
configure:7450: $? = 0
configure:7450: result: yes
configure:7464: checking for dlfcn.h
configure:7464: gcc -c -O0 -g  conftest.c >&5
configure:7464: $? = 0
configure:7464: result: yes
configure:7669: checking for objdir
configure:7684: result: .libs
configure:7955: checking if gcc supports -fno-rtti -fno-exceptions
configure:7973: gcc -c -O0 -g  -fno-rtti -fno-exceptions conftest.c >&5
cc1: warning: command line option '-fno-rtti' is valid for C++/ObjC++ but not for C [enabled by default]
configure:7977: $? = 0
configure:7990: result: no
configure:8317: checking for gcc option to produce PIC
configure:8324: result: -fPIC -DPIC
configure:8332: checking if gcc PIC flag -fPIC -DPIC works
configure:8350: gcc -c -O0 -g  -fPIC -DPIC -DPIC conftest.c >&5
configure:8354: $? = 0
configure:8367: result: yes
configure:8396: checking if gcc static flag -static works
configure:8424: result: no
configure:8439: checking if gcc supports -c -o file.o
configure:8460: gcc -c -O0 -g  -o out/conftest2.o conftest.c >&5
configure:8464: $? = 0
configure:8486: result: yes
configure:8494: checking if gcc supports -c -o file.o
configure:8541: result: yes
configure:8574: checking whether the gcc linker (/bin/ld -m elf_x86_64) supports shared libraries
configure:9727: result: yes
configure:9764: checking whether -lc should be explicitly linked in
configure:9772: gcc -c -O0 -g  conftest.c >&5
configure:9775: $? = 0
configure:9790: gcc -shared  -fPIC -DPIC conftest.o  -v -Wl,-soname -Wl,conftest -o conftest 2\>\&1 \| /bin/grep  -lc  \>/dev/null 2\>\&1
configure:9793: $? = 0
configure:9807: result: no
configure:9967: checking dynamic linker characteristics
configure:10478: gcc -o conftest -O0 -g   -Wl,-rpath -Wl,/foo conftest.c  >&5
configure:10478: $? = 0
configure:10704: result: GNU/Linux ld.so
configure:10811: checking how to hardcode library paths into programs
configure:10836: result: immediate
configure:10930: checking for shl_load
configure:10930: gcc -o conftest -O0 -g   conftest.c  >&5
/tmp/ccydE846.o: In function `main':
/home/centos/CNSM/CNSM-23-demo/AS-Cones/srx-server/src/conftest.c:57: undefined reference to `shl_load'
collect2: error: ld returned 1 exit status
configure:10930: $? = 1
configure: failed program was:
| /* confdefs.h */
| #define PACKAGE_NAME "SRx"
| #define PACKAGE_TARNAME "srx"
| #define PACKAGE_VERSION "0.6.1.2"
| #define PACKAGE_STRING "SRx 0.6.1.2"
| #define PACKAGE_BUGREPORT "itrg-contact@list.nist.gov"
| #define PACKAGE_URL "https://www.nist.gov/services-resources/software/bgp-secure-routing-extension-bgp-srx-prototype"
| #define PACKAGE "srx"
| #define VERSION "0.6.1.2"
| #define STDC_HEADERS 1
| #define HAVE_SYS_TYPES_H 1
| #define HAVE_SYS_STAT_H 1
| #define HAVE_STDLIB_H 1
| #define HAVE_STRING_H 1
| #define HAVE_MEMORY_H 1
| #define HAVE_STRINGS_H 1
| #define HAVE_INTTYPES_H 1
| #define HAVE_STDINT_H 1
| #define HAVE_UNISTD_H 1
| #define HAVE_DLFCN_H 1
| #define LT_OBJDIR ".libs/"
| /* end confdefs.h.  */
| /* Define shl_load to an innocuous variant, in case <limits.h> declares shl_load.
|    For example, HP-UX 11i <limits.h> declares gettimeofday.  */
| #define shl_load innocuous_shl_load
| 
| /* System header to define __stub macros and hopefully few prototypes,
|     which can conflict with char shl_load (); below.
|     Prefer <limits.h> to <assert.h> if __STDC__ is defined, since
|     <limits.h> exists even on freestanding compilers.  */
| 
| #ifdef __STDC__
| # include <limits.h>
| #else
| # include <assert.h>
| #endif
| 
| #undef shl_load
| 
| /* Override any GCC internal prototype to avoid an error.
|    Use char because int might match the return type of a GCC
|    builtin and then its argument prototype would still apply.  */
| #ifdef __cplusplus
| extern "C"
| #endif
| char shl_load ();
| /* The GNU C library defines this for functions which it implements
|     to always fail with ENOSYS.  Some functions are actually named
|     something starting with __ and the normal name is an alias.  */
| #if defined __stub_shl_load || defined __stub___shl_load
| choke me
| #endif
| 
| int
| main ()
| {
| return shl_load ();
|   ;
|   return 0;
| }
configure:10930: result: no
configure:10934: checking for shl_load in -ldld
configure:10959: gcc -o conftest -O0 -g   conftest.c -ldld   >&5
/bin/ld: cannot find -ldld
collect2: error: ld returned 1 exit status
configure:10959: $? = 1
configure: failed program was:
| /* confdefs.h */
| #define PACKAGE_NAME "SRx"
| #define PACKAGE_TARNAME "srx"
| #define PACKAGE_VERSION "0.6.1.2"
| #define PACKAGE_STRING "SRx 0.6.1.2"
| #define PACKAGE_BUGREPORT "itrg-contact@list.nist.gov"
| #define PACKAGE_URL "https://www.nist.gov/services-resources/software/bgp-secure-routing-extension-bgp-srx-prototype"
| #define PACKAGE "srx"
| #define VERSION "0.6.1.2"
| #define STDC_HEADERS 1
| #define HAVE_SYS_TYPES_H 1
| #define HAVE_SYS_STAT_H 1
| #define HAVE_STDLIB_H 1
| #define HAVE_STRING_H 1
| #define HAVE_MEMORY_H 1
| #define HAVE_STRINGS_H 1
| #define HAVE_INTTYPES_H 1
| #define HAVE_STDINT_H 1
| #define HAVE_UNISTD_H 1
| #define HAVE_DLFCN_H 1
| #define LT_OBJDIR ".libs/"
| /* end confdefs.h.  */
| 
| /* Override any GCC internal prototype to avoid an error.
|    Use char because int might match the return type of a GCC
|    builtin and then its argument prototype would still apply.  */
| #ifdef __cplusplus
| extern "C"
| #endif
| char shl_load ();
| int
| main ()
| {
| return shl_load ();
|   ;
|   return 0;
| }
configure:10968: result: no
configure:10973: checking for dlopen
configure:10973: gcc -o conftest -O0 -g   conftest.c  >&5
/tmp/cc5AdUXd.o: In function `main':
/home/centos/CNSM/CNSM-23-demo/AS-Cones/srx-server/src/conftest.c:57: undefined reference to `dlopen'
collect2: error: ld returned 1 exit status
configure:10973: $? = 1
configure: failed program was:
| /* confdefs.h */
| #define PACKAGE_NAME "SRx"
| #define PACKAGE_TARNAME "srx"
| #define PACKAGE_VERSION "0.6.1.2"
| #define PACKAGE_STRING "SRx 0.6.1.2"
| #define PACKAGE_BUGREPORT "itrg-contact@list.nist.gov"
| #define PACKAGE_URL "https://www.nist.gov/services-resources/software/bgp-secure-routing-extension-bgp-srx-prototype"
| #define PACKAGE "srx"
| #define VERSION "0.6.1.2"
| #define STDC_HEADERS 1
| #define HAVE_SYS_TYPES_H 1
| #define HAVE_SYS_STAT_H 1
| #define HAVE_STDLIB_H 1
| #define HAVE_STRING_H 1
| #define HAVE_MEMORY_H 1
| #define HAVE_STRINGS_H 1
| #define HAVE_INTTYPES_H 1
| #define HAVE_STDINT_H 1
| #define HAVE_UNISTD_H 1
| #define HAVE_DLFCN_H 1
| #define LT_OBJDIR ".libs/"
| /* end confdefs.h.  */
| /* Define dlopen to an innocuous variant, in case <limits.h> declares dlopen.
|    For example, HP-UX 11i <limits.h> declares gettimeofday.  */
| #define dlopen innocuous_dlopen
| 
| /* System header to define __stub macros and hopefully few prototypes,
|     which can conflict with char dlopen (); below.
|     Prefer <limits.h> to <assert.h> if __STDC__ is defined, since
|     <limits.h> exists even on freestanding compilers.  */
| 
| #ifdef __STDC__
| # include <limits.h>
| #else
| # include <assert.h>
| #endif
| 
| #undef dlopen
| 
| /* Override any GCC internal prototype to avoid an error.
|    Use char because int might match the return type of a GCC
|    builtin and then its argument prototype would still apply.  */
| #ifdef __cplusplus
| extern "C"
| #endif
| char dlopen ();
| /* The GNU C library defines this for functions which it implements
|     to always fail with ENOSYS.  Some functions are actually named
|     something starting with __ and the normal name is an alias.  */
| #if defined __stub_dlopen || defined __stub___dlopen
| choke me
| #endif
| 
| int
| main ()
| {
| return dlopen ();
|   ;
|   return 0;
| }
configure:10973: result: no
configure:10977: checking for dlopen in -ldl
configure:11002: gcc -o conftest -O0 -g   conftest.c -ldl   >&5
configure:11002: $? = 0
configure:11011: result: yes
configure:11130: checking whether a program can dlopen itself
configure:11210: gcc -o conftest -O0 -g  -DHAVE_DLFCN_H  -Wl,--export-dynamic conftest.c -ldl  >&5
configure:11213: $? = 0
configure:11231: result: yes
configure:11236: checking whether a statically linked program can dlopen itself
configure:11316: gcc -o conftest -O0 -g  -DHAVE_DLFCN_H  -Wl,--export-dynamic  conftest.c -ldl  >&5
configure:11319: $? = 0
configure:11337: result: yes
configure:11376: checking whether stripping libraries is possible
configure:11381: result: yes
configure:11416: checking if libtool supports shared libraries
configure:11418: result: yes
configure:11421: checking whether to build shared libraries
configure:11442: result: yes
configure:11445: checking whether to build static libraries
configure:11449: result: yes
configure:11570: checking for gcc
configure:11597: result: gcc
configure:11826: checking for C compiler version
configure:11835: gcc --version >&5
gcc (GCC) 4.8.5 20150623 (Red Hat 4.8.5-44)
Copyright (C) 2015 Free Software Foundation, Inc.
This is free software; see the source for copying conditions.  There is NO
warranty; not even for MERCHANTABILITY or FITNESS FOR A PARTICULAR PURPOSE.

configure:11846: $? = 0
configure:11835: gcc -v >&5
Using built-in specs.
COLLECT_GCC=gcc
COLLECT_LTO_WRAPPER=/usr/libexec/gcc/x86_64-redhat-linux/4.8.5/lto-wrapper
Target: x86_64-redhat-linux
Configured with: ../configure --prefix=/usr --mandir=/usr/share/man --infodir=/usr/share/info --with-bugurl=http://bugzilla.redhat.com/bugzilla --enable-bootstrap --enable-shared --enable-threads=posix --enable-checking=release --with-system-zlib --enable-__cxa_atexit --disable-libunwind-exceptions --enable-gnu-unique-object --enable-linker-build-id --with-linker-hash-style=gnu --enable-languages=c,c++,objc,obj-c++,java,fortran,ada,go,lto --enable-plugin --enable-initfini-array --disable-libgcj --with-isl=/builddir/build/BUILD/gcc-4.8.5-20150702/obj-x86_64-redhat-linux/isl-install --with-cloog=/builddir/build/BUILD/gcc-4.8.5-20150702/obj-x86_64-redhat-linux/cloog-install --enable-gnu-indirect-function --with-tune=generic --with-arch_32=x86-64 --build=x86_64-redhat-linux
Thread model: posix
gcc version 4.8.5 20150623 (Red Hat 4.8.5-44) (GCC) 
configure:11846: $? = 0
configure:11835: gcc -V >&5
gcc: error: unrecognized command line option '-V'
gcc: fatal error: no input files
compilation terminated.
configure:11846: $? = 4
configure:11835: gcc -qversion >&5
gcc: error: unrecognized command line option '-qversion'
gcc: fatal error: no input files
compilation terminated.
configure:11846: $? = 4
configure:11850: checking whether we are using the GNU C compiler
configure:11878: result: yes
configure:11887: checking whether gcc accepts -g
configure:11948: result: yes
configure:11965: checking for gcc option to accept ISO C89
configure:12041: result: none needed
configure:12063: checking dependency style of gcc
configure:12174: result: gcc3
configure:12190: checking whether make sets $(MAKE)
configure:12212: result: yes
configure:12230: checking host architecture information
configure:12238: result: 64 bit
configure:12278: checking whether .a and .la libraries will be added to rpm distribution
configure:12288: result: no
configure:12302: checking whether argument 'patricia_dir' is provided
configure:12306: result: no
configure:12327: checking whether argument 'sca_dir' is provided
configure:12334: result: yes
configure:12382: checking for custom SRxCryptoAPI location
configure:12389: result: available
configure:12398: checking for library SRxCryptoAPI V3
configure:12407: result: -lSRxCryptoAPI
configure:12454: checking /home/centos/CNSM/CNSM-23-demo/AS-Cones/local-6.2.0/include/srx/srxcryptoapi.h usability
configure:12454: gcc -c -O0 -g  conftest.c >&5
configure:12454: $? = 0
configure:12454: result: yes
configure:12454: checking /home/centos/CNSM/CNSM-23-demo/AS-Cones/local-6.2.0/include/srx/srxcryptoapi.h presence
configure:12454: gcc -E  conftest.c
configure:12454: $? = 0
configure:12454: result: yes
configure:12454: checking for /home/centos/CNSM/CNSM-23-demo/AS-Cones/local-6.2.0/include/srx/srxcryptoapi.h
configure:12454: result: yes
configure:12539: checking for library containing config_init
configure:12570: gcc -o conftest -O0 -g   conftest.c  >&5
/tmp/cccF6g3A.o: In function `main':
/home/centos/CNSM/CNSM-23-demo/AS-Cones/srx-server/src/conftest.c:35: undefined reference to `config_init'
collect2: error: ld returned 1 exit status
configure:12570: $? = 1
configure: failed program was:
| /* confdefs.h */
| #define PACKAGE_NAME "SRx"
| #define PACKAGE_TARNAME "srx"
| #define PACKAGE_VERSION "0.6.1.2"
| #define PACKAGE_STRING "SRx 0.6.1.2"
| #define PACKAGE_BUGREPORT "itrg-contact@list.nist.gov"
| #define PACKAGE_URL "https://www.nist.gov/services-resources/software/bgp-secure-routing-extension-bgp-srx-prototype"
| #define PACKAGE "srx"
| #define VERSION "0.6.1.2"
| #define STDC_HEADERS 1
| #define HAVE_SYS_TYPES_H 1
| #define HAVE_SYS_STAT_H 1
| #define HAVE_STDLIB_H 1
| #define HAVE_STRING_H 1
| #define HAVE_MEMORY_H 1
| #define HAVE_STRINGS_H 1
| #define HAVE_INTTYPES_H 1
| #define HAVE_STDINT_H 1
| #define HAVE_UNISTD_H 1
| #define HAVE_DLFCN_H 1
| #define LT_OBJDIR ".libs/"
| #define HAVE__HOME_CENTOS_CNSM_CNSM_23_DEMO_AS_CONES_LOCAL_6_2_0_INCLUDE_SRX_SRXCRYPTOAPI_H 1
| /* end confdefs.h.  */
| 
| /* Override any GCC internal prototype to avoid an error.
|    Use char because int might match the return type of a GCC
|    builtin and then its argument prototype would still apply.  */
| #ifdef __cplusplus
| extern "C"
| #endif
| char config_init ();
| int
| main ()
| {
| return config_init ();
|   ;
|   return 0;
| }
configure:12570: gcc -o conftest -O0 -g   conftest.c -lconfig   >&5
configure:12570: $? = 0
configure:12587: result: -lconfig
configure:12607: checking for libconfig int type
configure:12617: result: int
configure:12628: checking for library containing dlerror
configure:12659: gcc -o conftest -O0 -g -DLCONFIG_INT=int   conftest.c -lconfig  >&5
/tmp/ccst0BZJ.o: In function `main':
/home/centos/CNSM/CNSM-23-demo/AS-Cones/srx-server/src/conftest.c:35: undefined reference to `dlerror'
collect2: error: ld returned 1 exit status
configure:12659: $? = 1
configure: failed program was:
| /* confdefs.h */
| #define PACKAGE_NAME "SRx"
| #define PACKAGE_TARNAME "srx"
| #define PACKAGE_VERSION "0.6.1.2"
| #define PACKAGE_STRING "SRx 0.6.1.2"
| #define PACKAGE_BUGREPORT "itrg-contact@list.nist.gov"
| #define PACKAGE_URL "https://www.nist.gov/services-resources/software/bgp-secure-routing-extension-bgp-srx-prototype"
| #define PACKAGE "srx"
| #define VERSION "0.6.1.2"
| #define STDC_HEADERS 1
| #define HAVE_SYS_TYPES_H 1
| #define HAVE_SYS_STAT_H 1
| #define HAVE_STDLIB_H 1
| #define HAVE_STRING_H 1
| #define HAVE_MEMORY_H 1
| #define HAVE_STRINGS_H 1
| #define HAVE_INTTYPES_H 1
| #define HAVE_STDINT_H 1
| #define HAVE_UNISTD_H 1
| #define HAVE_DLFCN_H 1
| #define LT_OBJDIR ".libs/"
| #define HAVE__HOME_CENTOS_CNSM_CNSM_23_DEMO_AS_CONES_LOCAL_6_2_0_INCLUDE_SRX_SRXCRYPTOAPI_H 1
| /* end confdefs.h.  */
| 
| /* Override any GCC internal prototype to avoid an error.
|    Use char because int might match the return type of a GCC
|    builtin and then its argument prototype would still apply.  */
| #ifdef __cplusplus
| extern "C"
| #endif
| char dlerror ();
| int
| main ()
| {
| return dlerror ();
|   ;
|   return 0;
| }
configure:12659: gcc -o conftest -O0 -g -DLCONFIG_INT=int   conftest.c -ldl  -lconfig  >&5
configure:12659: $? = 0
configure:12676: result: -ldl
configure:12694: checking for library containing clock_gettime
configure:12725: gcc -o conftest -O0 -g -DLCONFIG_INT=int   conftest.c -ldl -lconfig  >&5
configure:12725: $? = 0
configure:12742: result: none required
configure:12759: checking for library containing write_history
configure:12790: gcc -o conftest -O0 -g -DLCONFIG_INT=int   conftest.c -ldl -lconfig  >&5
/tmp/ccmKYZSQ.o: In function `main':
/home/centos/CNSM/CNSM-23-demo/AS-Cones/srx-server/src/conftest.c:35: undefined reference to `write_history'
collect2: error: ld returned 1 exit status
configure:12790: $? = 1
configure: failed program was:
| /* confdefs.h */
| #define PACKAGE_NAME "SRx"
| #define PACKAGE_TARNAME "srx"
| #define PACKAGE_VERSION "0.6.1.2"
| #define PACKAGE_STRING "SRx 0.6.1.2"
| #define PACKAGE_BUGREPORT "itrg-contact@list.nist.gov"
| #define PACKAGE_URL "https://www.nist.gov/services-resources/software/bgp-secure-routing-extension-bgp-srx-prototype"
| #define PACKAGE "srx"
| #define VERSION "0.6.1.2"
| #define STDC_HEADERS 1
| #define HAVE_SYS_TYPES_H 1
| #define HAVE_SYS_STAT_H 1
| #define HAVE_STDLIB_H 1
| #define HAVE_STRING_H 1
| #define HAVE_MEMORY_H 1
| #define HAVE_STRINGS_H 1
| #define HAVE_INTTYPES_H 1
| #define HAVE_STDINT_H 1
| #define HAVE_UNISTD_H 1
| #define HAVE_DLFCN_H 1
| #define LT_OBJDIR ".libs/"
| #define HAVE__HOME_CENTOS_CNSM_CNSM_23_DEMO_AS_CONES_LOCAL_6_2_0_INCLUDE_SRX_SRXCRYPTOAPI_H 1
| /* end confdefs.h.  */
| 
| /* Override any GCC internal prototype to avoid an error.
|    Use char because int might match the return type of a GCC
|    builtin and then its argument prototype would still apply.  */
| #ifdef __cplusplus
| extern "C"
| #endif
| char write_history ();
| int
| main ()
| {
| return write_history ();
|   ;
|   return 0;
| }
configure:12790: gcc -o conftest -O0 -g -DLCONFIG_INT=int   conftest.c -lreadline  -ldl -lconfig  >&5
configure:12790: $? = 0
configure:12807: result: -lreadline
configure:12825: checking for library containing pthread_create
configure:12856: gcc -o conftest -O0 -g -DLCONFIG_INT=int   conftest.c -lreadline -ldl -lconfig  >&5
/tmp/ccYfHrdV.o: In function `main':
/home/centos/CNSM/CNSM-23-demo/AS-Cones/srx-server/src/conftest.c:35: undefined reference to `pthread_create'
collect2: error: ld returned 1 exit status
configure:12856: $? = 1
configure: failed program was:
| /* confdefs.h */
| #define PACKAGE_NAME "SRx"
| #define PACKAGE_TARNAME "srx"
| #define PACKAGE_VERSION "0.6.1.2"
| #define PACKAGE_STRING "SRx 0.6.1.2"
| #define PACKAGE_BUGREPORT "itrg-contact@list.nist.gov"
| #define PACKAGE_URL "https://www.nist.gov/services-resources/software/bgp-secure-routing-extension-bgp-srx-prototype"
| #define PACKAGE "srx"
| #define VERSION "0.6.1.2"
| #define STDC_HEADERS 1
| #define HAVE_SYS_TYPES_H 1
| #define HAVE_SYS_STAT_H 1
| #define HAVE_STDLIB_H 1
| #define HAVE_STRING_H 1
| #define HAVE_MEMORY_H 1
| #define HAVE_STRINGS_H 1
| #define HAVE_INTTYPES_H 1
| #define HAVE_STDINT_H 1
| #define HAVE_UNISTD_H 1
| #define HAVE_DLFCN_H 1
| #define LT_OBJDIR ".libs/"
| #define HAVE__HOME_CENTOS_CNSM_CNSM_23_DEMO_AS_CONES_LOCAL_6_2_0_INCLUDE_SRX_SRXCRYPTOAPI_H 1
| /* end confdefs.h.  */
| 
| /* Override any GCC internal prototype to avoid an error.
|    Use char because int might match the return type of a GCC
|    builtin and then its argument prototype would still apply.  */
| #ifdef __cplusplus
| extern "C"
| #endif
| char pthread_create ();
| int
| main ()
| {
| return pthread_create ();
|   ;
|   return 0;
| }
configure:12856: gcc -o conftest -O0 -g -DLCONFIG_INT=int   conftest.c -lpthread  -lreadline -ldl -lconfig  >&5
configure:12856: $? = 0
configure:12873: result: -lpthread
configure:12933: checking whether file '/home/centos/CNSM/CNSM-23-demo/AS-Cones/srx-server/src/../extras/files/Net-Patricia-1.15.tar.gz' exists
configure:12936: result: yes
configure:12939: checking whether file '/home/centos/CNSM/CNSM-23-demo/AS-Cones/srx-server/src/../extras/files/Net-Patricia-1.15-fixes-20100513.patch' exists
configure:12942: result: yes
configure:12945: checking whether file '/home/centos/CNSM/CNSM-23-demo/AS-Cones/srx-server/src/../extras/make-lp.sh' exists
configure:12948: result: yes
configure:12952: building libpatricia
configure:12956: checking whether library 'libpatricia.a' is created
configure:12962: result: yes
configure:13011: checking whether test tools have to be generated
configure:13026: result: 
configure:13077: checking assert.h usability
configure:13077: gcc -c -I/home/centos/CNSM/CNSM-23-demo/AS-Cones/srx-server/src/../extras/local/include -O0 -g -DLCONFIG_INT=int  conftest.c >&5
configure:13077: $? = 0
configure:13077: result: yes
configure:13077: checking assert.h presence
configure:13077: gcc -E  conftest.c
configure:13077: $? = 0
configure:13077: result: yes
configure:13077: checking for assert.h
configure:13077: result: yes
configure:13077: checking ctype.h usability
configure:13077: gcc -c -I/home/centos/CNSM/CNSM-23-demo/AS-Cones/srx-server/src/../extras/local/include -O0 -g -DLCONFIG_INT=int  conftest.c >&5
configure:13077: $? = 0
configure:13077: result: yes
configure:13077: checking ctype.h presence
configure:13077: gcc -E  conftest.c
configure:13077: $? = 0
configure:13077: result: yes
configure:13077: checking for ctype.h
configure:13077: result: yes
configure:13077: checking for dlfcn.h
configure:13077: result: yes
configure:13077: checking errno.h usability
configure:13077: gcc -c -I/home/centos/CNSM/CNSM-23-demo/AS-Cones/srx-server/src/../extras/local/include -O0 -g -DLCONFIG_INT=int  conftest.c >&5
configure:13077: $? = 0
configure:13077: result: yes
configure:13077: checking errno.h presence
configure:13077: gcc -E  conftest.c
configure:13077: $? = 0
configure:13077: result: yes
configure:13077: checking for errno.h
configure:13077: result: yes
configure:13077: checking fcntl.h usability
configure:13077: gcc -c -I/home/centos/CNSM/CNSM-23-demo/AS-Cones/srx-server/src/../extras/local/include -O0 -g -DLCONFIG_INT=int  conftest.c >&5
configure:13077: $? = 0
configure:13077: result: yes
configure:13077: checking fcntl.h presence
configure:13077: gcc -E  conftest.c
configure:13077: $? = 0
configure:13077: result: yes
configure:13077: checking for fcntl.h
configure:13077: result: yes
configure:13077: checking getopt.h usability
configure:13077: gcc -c -I/home/centos/CNSM/CNSM-23-demo/AS-Cones/srx-server/src/../extras/local/include -O0 -g -DLCONFIG_INT=int  conftest.c >&5
configure:13077: $? = 0
configure:13077: result: yes
configure:13077: checking getopt.h presence
configure:13077: gcc -E  conftest.c
configure:13077: $? = 0
configure:13077: result: yes
configure:13077: checking for getopt.h
configure:13077: result: yes
configure:13077: checking malloc.h usability
configure:13077: gcc -c -I/home/centos/CNSM/CNSM-23-demo/AS-Cones/srx-server/src/../extras/local/include -O0 -g -DLCONFIG_INT=int  conftest.c >&5
configure:13077: $? = 0
configure:13077: result: yes
configure:13077: checking malloc.h presence
configure:13077: gcc -E  conftest.c
configure:13077: $? = 0
configure:13077: result: yes
configure:13077: checking for malloc.h
configure:13077: result: yes
configure:13077: checking netdb.h usability
configure:13077: gcc -c -I/home/centos/CNSM/CNSM-23-demo/AS-Cones/srx-server/src/../extras/local/include -O0 -g -DLCONFIG_INT=int  conftest.c >&5
configure:13077: $? = 0
configure:13077: result: yes
configure:13077: checking netdb.h presence
configure:13077: gcc -E  conftest.c
configure:13077: $? = 0
configure:13077: result: yes
configure:13077: checking for netdb.h
configure:13077: result: yes
configure:13077: checking patricia.h usability
configure:13077: gcc -c -I/home/centos/CNSM/CNSM-23-demo/AS-Cones/srx-server/src/../extras/local/include -O0 -g -DLCONFIG_INT=int  conftest.c >&5
configure:13077: $? = 0
configure:13077: result: yes
configure:13077: checking patricia.h presence
configure:13077: gcc -E  conftest.c
conftest.c:33:22: fatal error: patricia.h: No such file or directory
 #include <patricia.h>
                      ^
compilation terminated.
configure:13077: $? = 1
configure: failed program was:
| /* confdefs.h */
| #define PACKAGE_NAME "SRx"
| #define PACKAGE_TARNAME "srx"
| #define PACKAGE_VERSION "0.6.1.2"
| #define PACKAGE_STRING "SRx 0.6.1.2"
| #define PACKAGE_BUGREPORT "itrg-contact@list.nist.gov"
| #define PACKAGE_URL "https://www.nist.gov/services-resources/software/bgp-secure-routing-extension-bgp-srx-prototype"
| #define PACKAGE "srx"
| #define VERSION "0.6.1.2"
| #define STDC_HEADERS 1
| #define HAVE_SYS_TYPES_H 1
| #define HAVE_SYS_STAT_H 1
| #define HAVE_STDLIB_H 1
| #define HAVE_STRING_H 1
| #define HAVE_MEMORY_H 1
| #define HAVE_STRINGS_H 1
| #define HAVE_INTTYPES_H 1
| #define HAVE_STDINT_H 1
| #define HAVE_UNISTD_H 1
| #define HAVE_DLFCN_H 1
| #define LT_OBJDIR ".libs/"
| #define HAVE__HOME_CENTOS_CNSM_CNSM_23_DEMO_AS_CONES_LOCAL_6_2_0_INCLUDE_SRX_SRXCRYPTOAPI_H 1
| #define _REENTRANT /**/
| #define HAVE_ASSERT_H 1
| #define HAVE_CTYPE_H 1
| #define HAVE_DLFCN_H 1
| #define HAVE_ERRNO_H 1
| #define HAVE_FCNTL_H 1
| #define HAVE_GETOPT_H 1
| #define HAVE_MALLOC_H 1
| #define HAVE_NETDB_H 1
| /* end confdefs.h.  */
| #include <patricia.h>
configure:13077: result: no
configure:13077: WARNING: patricia.h: accepted by the compiler, rejected by the preprocessor!
configure:13077: WARNING: patricia.h: proceeding with the compiler's result
configure:13077: checking for patricia.h
configure:13077: result: yes
configure:13077: checking pthread.h usability
configure:13077: gcc -c -I/home/centos/CNSM/CNSM-23-demo/AS-Cones/srx-server/src/../extras/local/include -O0 -g -DLCONFIG_INT=int  conftest.c >&5
configure:13077: $? = 0
configure:13077: result: yes
configure:13077: checking pthread.h presence
configure:13077: gcc -E  conftest.c
configure:13077: $? = 0
configure:13077: result: yes
configure:13077: checking for pthread.h
configure:13077: result: yes
configure:13077: checking semaphore.h usability
configure:13077: gcc -c -I/home/centos/CNSM/CNSM-23-demo/AS-Cones/srx-server/src/../extras/local/include -O0 -g -DLCONFIG_INT=int  conftest.c >&5
configure:13077: $? = 0
configure:13077: result: yes
configure:13077: checking semaphore.h presence
configure:13077: gcc -E  conftest.c
configure:13077: $? = 0
configure:13077: result: yes
configure:13077: checking for semaphore.h
configure:13077: result: yes
configure:13077: checking signal.h usability
configure:13077: gcc -c -I/home/centos/CNSM/CNSM-23-demo/AS-Cones/srx-server/src/../extras/local/include -O0 -g -DLCONFIG_INT=int  conftest.c >&5
configure:13077: $? = 0
configure:13077: result: yes
configure:13077: checking signal.h presence
configure:13077: gcc -E  conftest.c
configure:13077: $? = 0
configure:13077: result: yes
configure:13077: checking for signal.h
configure:13077: result: yes
configure:13077: checking stdarg.h usability
configure:13077: gcc -c -I/home/centos/CNSM/CNSM-23-demo/AS-Cones/srx-server/src/../extras/local/include -O0 -g -DLCONFIG_INT=int  conftest.c >&5
configure:13077: $? = 0
configure:13077: result: yes
configure:13077: checking stdarg.h presence
configure:13077: gcc -E  conftest.c
configure:13077: $? = 0
configure:13077: result: yes
configure:13077: checking for stdarg.h
configure:13077: result: yes
configure:13077: checking stdbool.h usability
configure:13077: gcc -c -I/home/centos/CNSM/CNSM-23-demo/AS-Cones/srx-server/src/../extras/local/include -O0 -g -DLCONFIG_INT=int  conftest.c >&5
configure:13077: $? = 0
configure:13077: result: yes
configure:13077: checking stdbool.h presence
configure:13077: gcc -E  conftest.c
configure:13077: $? = 0
configure:13077: result: yes
configure:13077: checking for stdbool.h
configure:13077: result: yes
configure:13077: checking for stdint.h
configure:13077: result: yes
configure:13077: checking stdio.h usability
configure:13077: gcc -c -I/home/centos/CNSM/CNSM-23-demo/AS-Cones/srx-server/src/../extras/local/include -O0 -g -DLCONFIG_INT=int  conftest.c >&5
configure:13077: $? = 0
configure:13077: result: yes
configure:13077: checking stdio.h presence
configure:13077: gcc -E  conftest.c
configure:13077: $? = 0
configure:13077: result: yes
configure:13077: checking for stdio.h
configure:13077: result: yes
configure:13077: checking for stdlib.h
configure:13077: result: yes
configure:13077: checking for string.h
configure:13077: result: yes
configure:13077: checking syslog.h usability
configure:13077: gcc -c -I/home/centos/CNSM/CNSM-23-demo/AS-Cones/srx-server/src/../extras/local/include -O0 -g -DLCONFIG_INT=int  conftest.c >&5
configure:13077: $? = 0
configure:13077: result: yes
configure:13077: checking syslog.h presence
configure:13077: gcc -E  conftest.c
configure:13077: $? = 0
configure:13077: result: yes
configure:13077: checking for syslog.h
configure:13077: result: yes
configure:13077: checking time.h usability
configure:13077: gcc -c -I/home/centos/CNSM/CNSM-23-demo/AS-Cones/srx-server/src/../extras/local/include -O0 -g -DLCONFIG_INT=int  conftest.c >&5
configure:13077: $? = 0
configure:13077: result: yes
configure:13077: checking time.h presence
configure:13077: gcc -E  conftest.c
configure:13077: $? = 0
configure:13077: result: yes
configure:13077: checking for time.h
configure:13077: result: yes
configure:13077: checking for unistd.h
configure:13077: result: yes
configure:13077: checking uthash.h usability
configure:13077: gcc -c -I/home/centos/CNSM/CNSM-23-demo/AS-Cones/srx-server/src/../extras/local/include -O0 -g -DLCONFIG_INT=int  conftest.c >&5
configure:13077: $? = 0
configure:13077: result: yes
configure:13077: checking uthash.h presence
configure:13077: gcc -E  conftest.c
configure:13077: $? = 0
configure:13077: result: yes
configure:13077: checking for uthash.h
configure:13077: result: yes
configure:13077: checking arpa/inet.h usability
configure:13077: gcc -c -I/home/centos/CNSM/CNSM-23-demo/AS-Cones/srx-server/src/../extras/local/include -O0 -g -DLCONFIG_INT=int  conftest.c >&5
configure:13077: $? = 0
configure:13077: result: yes
configure:13077: checking arpa/inet.h presence
configure:13077: gcc -E  conftest.c
configure:13077: $? = 0
configure:13077: result: yes
configure:13077: checking for arpa/inet.h
configure:13077: result: yes
configure:13077: checking netinet/in.h usability
configure:13077: gcc -c -I/home/centos/CNSM/CNSM-23-demo/AS-Cones/srx-server/src/../extras/local/include -O0 -g -DLCONFIG_INT=int  conftest.c >&5
configure:13077: $? = 0
configure:13077: result: yes
configure:13077: checking netinet/in.h presence
configure:13077: gcc -E  conftest.c
configure:13077: $? = 0
configure:13077: result: yes
configure:13077: checking for netinet/in.h
configure:13077: result: yes
configure:13077: checking netinet/tcp.h usability
configure:13077: gcc -c -I/home/centos/CNSM/CNSM-23-demo/AS-Cones/srx-server/src/../extras/local/include -O0 -g -DLCONFIG_INT=int  conftest.c >&5
configure:13077: $? = 0
configure:13077: result: yes
configure:13077: checking netinet/tcp.h presence
configure:13077: gcc -E  conftest.c
configure:13077: $? = 0
configure:13077: result: yes
configure:13077: checking for netinet/tcp.h
configure:13077: result: yes
configure:13077: checking readline/history.h usability
configure:13077: gcc -c -I/home/centos/CNSM/CNSM-23-demo/AS-Cones/srx-server/src/../extras/local/include -O0 -g -DLCONFIG_INT=int  conftest.c >&5
configure:13077: $? = 0
configure:13077: result: yes
configure:13077: checking readline/history.h presence
configure:13077: gcc -E  conftest.c
configure:13077: $? = 0
configure:13077: result: yes
configure:13077: checking for readline/history.h
configure:13077: result: yes
configure:13077: checking readline/readline.h usability
configure:13077: gcc -c -I/home/centos/CNSM/CNSM-23-demo/AS-Cones/srx-server/src/../extras/local/include -O0 -g -DLCONFIG_INT=int  conftest.c >&5
configure:13077: $? = 0
configure:13077: result: yes
configure:13077: checking readline/readline.h presence
configure:13077: gcc -E  conftest.c
configure:13077: $? = 0
configure:13077: result: yes
configure:13077: checking for readline/readline.h
configure:13077: result: yes
configure:13077: checking sys/socket.h usability
configure:13077: gcc -c -I/home/centos/CNSM/CNSM-23-demo/AS-Cones/srx-server/src/../extras/local/include -O0 -g -DLCONFIG_INT=int  conftest.c >&5
configure:13077: $? = 0
configure:13077: result: yes
configure:13077: checking sys/socket.h presence
configure:13077: gcc -E  conftest.c
configure:13077: $? = 0
configure:13077: result: yes
configure:13077: checking for sys/socket.h
configure:13077: result: yes
configure:13077: checking sys/time.h usability
configure:13077: gcc -c -I/home/centos/CNSM/CNSM-23-demo/AS-Cones/srx-server/src/../extras/local/include -O0 -g -DLCONFIG_INT=int  conftest.c >&5
configure:13077: $? = 0
configure:13077: result: yes
configure:13077: checking sys/time.h presence
configure:13077: gcc -E  conftest.c
configure:13077: $? = 0
configure:13077: result: yes
configure:13077: checking for sys/time.h
configure:13077: result: yes
configure:13077: checking for sys/types.h
configure:13077: result: yes
configure:13077: checking sys/un.h usability
configure:13077: gcc -c -I/home/centos/CNSM/CNSM-23-demo/AS-Cones/srx-server/src/../extras/local/include -O0 -g -DLCONFIG_INT=int  conftest.c >&5
configure:13077: $? = 0
configure:13077: result: yes
configure:13077: checking sys/un.h presence
configure:13077: gcc -E  conftest.c
configure:13077: $? = 0
configure:13077: result: yes
configure:13077: checking for sys/un.h
configure:13077: result: yes
configure:13097: checking for stdbool.h that conforms to C99
configure:13171: result: yes
configure:13173: checking for _Bool
configure:13173: gcc -c -I/home/centos/CNSM/CNSM-23-demo/AS-Cones/srx-server/src/../extras/local/include -O0 -g -DLCONFIG_INT=int  conftest.c >&5
configure:13173: $? = 0
configure:13173: gcc -c -I/home/centos/CNSM/CNSM-23-demo/AS-Cones/srx-server/src/../extras/local/include -O0 -g -DLCONFIG_INT=int  conftest.c >&5
conftest.c: In function 'main':
conftest.c:92:20: error: expected expression before ')' token
 if (sizeof ((_Bool)))
                    ^
configure:13173: $? = 1
configure: failed program was:
| /* confdefs.h */
| #define PACKAGE_NAME "SRx"
| #define PACKAGE_TARNAME "srx"
| #define PACKAGE_VERSION "0.6.1.2"
| #define PACKAGE_STRING "SRx 0.6.1.2"
| #define PACKAGE_BUGREPORT "itrg-contact@list.nist.gov"
| #define PACKAGE_URL "https://www.nist.gov/services-resources/software/bgp-secure-routing-extension-bgp-srx-prototype"
| #define PACKAGE "srx"
| #define VERSION "0.6.1.2"
| #define STDC_HEADERS 1
| #define HAVE_SYS_TYPES_H 1
| #define HAVE_SYS_STAT_H 1
| #define HAVE_STDLIB_H 1
| #define HAVE_STRING_H 1
| #define HAVE_MEMORY_H 1
| #define HAVE_STRINGS_H 1
| #define HAVE_INTTYPES_H 1
| #define HAVE_STDINT_H 1
| #define HAVE_UNISTD_H 1
| #define HAVE_DLFCN_H 1
| #define LT_OBJDIR ".libs/"
| #define HAVE__HOME_CENTOS_CNSM_CNSM_23_DEMO_AS_CONES_LOCAL_6_2_0_INCLUDE_SRX_SRXCRYPTOAPI_H 1
| #define _REENTRANT /**/
| #define HAVE_ASSERT_H 1
| #define HAVE_CTYPE_H 1
| #define HAVE_DLFCN_H 1
| #define HAVE_ERRNO_H 1
| #define HAVE_FCNTL_H 1
| #define HAVE_GETOPT_H 1
| #define HAVE_MALLOC_H 1
| #define HAVE_NETDB_H 1
| #define HAVE_PATRICIA_H 1
| #define HAVE_PTHREAD_H 1
| #define HAVE_SEMAPHORE_H 1
| #define HAVE_SIGNAL_H 1
| #define HAVE_STDARG_H 1
| #define HAVE_STDBOOL_H 1
| #define HAVE_STDINT_H 1
| #define HAVE_STDIO_H 1
| #define HAVE_STDLIB_H 1
| #define HAVE_STRING_H 1
| #define HAVE_SYSLOG_H 1
| #define HAVE_TIME_H 1
| #define HAVE_UNISTD_H 1
| #define HAVE_UTHASH_H 1
| #define HAVE_ARPA_INET_H 1
| #define HAVE_NETINET_IN_H 1
| #define HAVE_NETINET_TCP_H 1
| #define HAVE_READLINE_HISTORY_H 1
| #define HAVE_READLINE_READLINE_H 1
| #define HAVE_SYS_SOCKET_H 1
| #define HAVE_SYS_TIME_H 1
| #define HAVE_SYS_TYPES_H 1
| #define HAVE_SYS_UN_H 1
| /* end confdefs.h.  */
| #include <stdio.h>
| #ifdef HAVE_SYS_TYPES_H
| # include <sys/types.h>
| #endif
| #ifdef HAVE_SYS_STAT_H
| # include <sys/stat.h>
| #endif
| #ifdef STDC_HEADERS
| # include <stdlib.h>
| # include <stddef.h>
| #else
| # ifdef HAVE_STDLIB_H
| #  include <stdlib.h>
| # endif
| #endif
| #ifdef HAVE_STRING_H
| # if !defined STDC_HEADERS && defined HAVE_MEMORY_H
| #  include <memory.h>
| # endif
| # include <string.h>
| #endif
| #ifdef HAVE_STRINGS_H
| # include <strings.h>
| #endif
| #ifdef HAVE_INTTYPES_H
| # include <inttypes.h>
| #endif
| #ifdef HAVE_STDINT_H
| # include <stdint.h>
| #endif
| #ifdef HAVE_UNISTD_H
| # include <unistd.h>
| #endif
| int
| main ()
| {
| if (sizeof ((_Bool)))
| 	    return 0;
|   ;
|   return 0;
| }
configure:13173: result: yes
configure:13190: checking for inline
configure:13206: gcc -c -I/home/centos/CNSM/CNSM-23-demo/AS-Cones/srx-server/src/../extras/local/include -O0 -g -DLCONFIG_INT=int  conftest.c >&5
configure:13206: $? = 0
configure:13214: result: inline
configure:13232: checking for size_t
configure:13232: gcc -c -I/home/centos/CNSM/CNSM-23-demo/AS-Cones/srx-server/src/../extras/local/include -O0 -g -DLCONFIG_INT=int  conftest.c >&5
configure:13232: $? = 0
configure:13232: gcc -c -I/home/centos/CNSM/CNSM-23-demo/AS-Cones/srx-server/src/../extras/local/include -O0 -g -DLCONFIG_INT=int  conftest.c >&5
conftest.c: In function 'main':
conftest.c:94:21: error: expected expression before ')' token
 if (sizeof ((size_t)))
                     ^
configure:13232: $? = 1
configure: failed program was:
| /* confdefs.h */
| #define PACKAGE_NAME "SRx"
| #define PACKAGE_TARNAME "srx"
| #define PACKAGE_VERSION "0.6.1.2"
| #define PACKAGE_STRING "SRx 0.6.1.2"
| #define PACKAGE_BUGREPORT "itrg-contact@list.nist.gov"
| #define PACKAGE_URL "https://www.nist.gov/services-resources/software/bgp-secure-routing-extension-bgp-srx-prototype"
| #define PACKAGE "srx"
| #define VERSION "0.6.1.2"
| #define STDC_HEADERS 1
| #define HAVE_SYS_TYPES_H 1
| #define HAVE_SYS_STAT_H 1
| #define HAVE_STDLIB_H 1
| #define HAVE_STRING_H 1
| #define HAVE_MEMORY_H 1
| #define HAVE_STRINGS_H 1
| #define HAVE_INTTYPES_H 1
| #define HAVE_STDINT_H 1
| #define HAVE_UNISTD_H 1
| #define HAVE_DLFCN_H 1
| #define LT_OBJDIR ".libs/"
| #define HAVE__HOME_CENTOS_CNSM_CNSM_23_DEMO_AS_CONES_LOCAL_6_2_0_INCLUDE_SRX_SRXCRYPTOAPI_H 1
| #define _REENTRANT /**/
| #define HAVE_ASSERT_H 1
| #define HAVE_CTYPE_H 1
| #define HAVE_DLFCN_H 1
| #define HAVE_ERRNO_H 1
| #define HAVE_FCNTL_H 1
| #define HAVE_GETOPT_H 1
| #define HAVE_MALLOC_H 1
| #define HAVE_NETDB_H 1
| #define HAVE_PATRICIA_H 1
| #define HAVE_PTHREAD_H 1
| #define HAVE_SEMAPHORE_H 1
| #define HAVE_SIGNAL_H 1
| #define HAVE_STDARG_H 1
| #define HAVE_STDBOOL_H 1
| #define HAVE_STDINT_H 1
| #define HAVE_STDIO_H 1
| #define HAVE_STDLIB_H 1
| #define HAVE_STRING_H 1
| #define HAVE_SYSLOG_H 1
| #define HAVE_TIME_H 1
| #define HAVE_UNISTD_H 1
| #define HAVE_UTHASH_H 1
| #define HAVE_ARPA_INET_H 1
| #define HAVE_NETINET_IN_H 1
| #define HAVE_NETINET_TCP_H 1
| #define HAVE_READLINE_HISTORY_H 1
| #define HAVE_READLINE_READLINE_H 1
| #define HAVE_SYS_SOCKET_H 1
| #define HAVE_SYS_TIME_H 1
| #define HAVE_SYS_TYPES_H 1
| #define HAVE_SYS_UN_H 1
| #define HAVE__BOOL 1
| #define HAVE_STDBOOL_H 1
| /* end confdefs.h.  */
| #include <stdio.h>
| #ifdef HAVE_SYS_TYPES_H
| # include <sys/types.h>
| #endif
| #ifdef HAVE_SYS_STAT_H
| # include <sys/stat.h>
| #endif
| #ifdef STDC_HEADERS
| # include <stdlib.h>
| # include <stddef.h>
| #else
| # ifdef HAVE_STDLIB_H
| #  include <stdlib.h>
| # endif
| #endif
| #ifdef HAVE_STRING_H
| # if !defined STDC_HEADERS && defined HAVE_MEMORY_H
| #  include <memory.h>
| # endif
| # include <string.h>
| #endif
| #ifdef HAVE_STRINGS_H
| # include <strings.h>
| #endif
| #ifdef HAVE_INTTYPES_H
| # include <inttypes.h>
| #endif
| #ifdef HAVE_STDINT_H
| # include <stdint.h>
| #endif
| #ifdef HAVE_UNISTD_H
| # include <unistd.h>
| #endif
| int
| main ()
| {
| if (sizeof ((size_t)))
| 	    return 0;
|   ;
|   return 0;
| }
configure:13232: result: yes
configure:13243: checking for ssize_t
configure:13243: gcc -c -I/home/centos/CNSM/CNSM-23-demo/AS-Cones/srx-server/src/../extras/local/include -O0 -g -DLCONFIG_INT=int  conftest.c >&5
configure:13243: $? = 0
configure:13243: gcc -c -I/home/centos/CNSM/CNSM-23-demo/AS-Cones/srx-server/src/../extras/local/include -O0 -g -DLCONFIG_INT=int  conftest.c >&5
conftest.c: In function 'main':
conftest.c:94:22: error: expected expression before ')' token
 if (sizeof ((ssize_t)))
                      ^
configure:13243: $? = 1
configure: failed program was:
| /* confdefs.h */
| #define PACKAGE_NAME "SRx"
| #define PACKAGE_TARNAME "srx"
| #define PACKAGE_VERSION "0.6.1.2"
| #define PACKAGE_STRING "SRx 0.6.1.2"
| #define PACKAGE_BUGREPORT "itrg-contact@list.nist.gov"
| #define PACKAGE_URL "https://www.nist.gov/services-resources/software/bgp-secure-routing-extension-bgp-srx-prototype"
| #define PACKAGE "srx"
| #define VERSION "0.6.1.2"
| #define STDC_HEADERS 1
| #define HAVE_SYS_TYPES_H 1
| #define HAVE_SYS_STAT_H 1
| #define HAVE_STDLIB_H 1
| #define HAVE_STRING_H 1
| #define HAVE_MEMORY_H 1
| #define HAVE_STRINGS_H 1
| #define HAVE_INTTYPES_H 1
| #define HAVE_STDINT_H 1
| #define HAVE_UNISTD_H 1
| #define HAVE_DLFCN_H 1
| #define LT_OBJDIR ".libs/"
| #define HAVE__HOME_CENTOS_CNSM_CNSM_23_DEMO_AS_CONES_LOCAL_6_2_0_INCLUDE_SRX_SRXCRYPTOAPI_H 1
| #define _REENTRANT /**/
| #define HAVE_ASSERT_H 1
| #define HAVE_CTYPE_H 1
| #define HAVE_DLFCN_H 1
| #define HAVE_ERRNO_H 1
| #define HAVE_FCNTL_H 1
| #define HAVE_GETOPT_H 1
| #define HAVE_MALLOC_H 1
| #define HAVE_NETDB_H 1
| #define HAVE_PATRICIA_H 1
| #define HAVE_PTHREAD_H 1
| #define HAVE_SEMAPHORE_H 1
| #define HAVE_SIGNAL_H 1
| #define HAVE_STDARG_H 1
| #define HAVE_STDBOOL_H 1
| #define HAVE_STDINT_H 1
| #define HAVE_STDIO_H 1
| #define HAVE_STDLIB_H 1
| #define HAVE_STRING_H 1
| #define HAVE_SYSLOG_H 1
| #define HAVE_TIME_H 1
| #define HAVE_UNISTD_H 1
| #define HAVE_UTHASH_H 1
| #define HAVE_ARPA_INET_H 1
| #define HAVE_NETINET_IN_H 1
| #define HAVE_NETINET_TCP_H 1
| #define HAVE_READLINE_HISTORY_H 1
| #define HAVE_READLINE_READLINE_H 1
| #define HAVE_SYS_SOCKET_H 1
| #define HAVE_SYS_TIME_H 1
| #define HAVE_SYS_TYPES_H 1
| #define HAVE_SYS_UN_H 1
| #define HAVE__BOOL 1
| #define HAVE_STDBOOL_H 1
| /* end confdefs.h.  */
| #include <stdio.h>
| #ifdef HAVE_SYS_TYPES_H
| # include <sys/types.h>
| #endif
| #ifdef HAVE_SYS_STAT_H
| # include <sys/stat.h>
| #endif
| #ifdef STDC_HEADERS
| # include <stdlib.h>
| # include <stddef.h>
| #else
| # ifdef HAVE_STDLIB_H
| #  include <stdlib.h>
| # endif
| #endif
| #ifdef HAVE_STRING_H
| # if !defined STDC_HEADERS && defined HAVE_MEMORY_H
| #  include <memory.h>
| # endif
| # include <string.h>
| #endif
| #ifdef HAVE_STRINGS_H
| # include <strings.h>
| #endif
| #ifdef HAVE_INTTYPES_H
| # include <inttypes.h>
| #endif
| #ifdef HAVE_STDINT_H
| # include <stdint.h>
| #endif
| #ifdef HAVE_UNISTD_H
| # include <unistd.h>
| #endif
| int
| main ()
| {
| if (sizeof ((ssize_t)))
| 	    return 0;
|   ;
|   return 0;
| }
configure:13243: result: yes
configure:13254: checking for uint16_t
configure:13254: gcc -c -I/home/centos/CNSM/CNSM-23-demo/AS-Cones/srx-server/src/../extras/local/include -O0 -g -DLCONFIG_INT=int  conftest.c >&5
configure:13254: $? = 0
configure:13254: result: yes
configure:13266: checking for uint32_t
configure:13266: gcc -c -I/home/centos/CNSM/CNSM-23-demo/AS-Cones/srx-server/src/../extras/local/include -O0 -g -DLCONFIG_INT=int  conftest.c >&5
configure:13266: $? = 0
configure:13266: result: yes
configure:13280: checking for uint8_t
configure:13280: gcc -c -I/home/centos/CNSM/CNSM-23-demo/AS-Cones/srx-server/src/../extras/local/include -O0 -g -DLCONFIG_INT=int  conftest.c >&5
configure:13280: $? = 0
configure:13280: result: yes
configure:13458: checking that generated files are newer than configure
configure:13464: result: done
configure:13499: creating ./config.status

## ---------------------- ##
## Running config.status. ##
## ---------------------- ##

This file was extended by SRx config.status 0.6.1.2, which was
generated by GNU Autoconf 2.69.  Invocation command line was

  CONFIG_FILES    = 
  CONFIG_HEADERS  = 
  CONFIG_LINKS    = 
  CONFIG_COMMANDS = 
  $ ./config.status 

on localhost.localdomain

config.status:1150: creating Makefile
config.status:1150: creating client/srxproxy64.conf
config.status:1150: creating srx-0.6.1.2.spec
config.status:1150: creating srx-proxy-0.6.1.2.spec
config.status:1150: creating srx-proxy-devel-0.6.1.2.spec
config.status:1150: creating server/srx_serverd
config.status:1150: creating config.h
config.status:1331: config.h is unchanged
config.status:1379: executing depfiles commands
config.status:1379: executing libtool commands

## ---------------- ##
## Cache variables. ##
## ---------------- ##

ac_cv_build=x86_64-unknown-linux-gnu
ac_cv_c_compiler_gnu=yes
ac_cv_c_inline=inline
ac_cv_c_uint16_t=yes
ac_cv_c_uint32_t=yes
ac_cv_c_uint8_t=yes
ac_cv_env_CC_set=
ac_cv_env_CC_value=
ac_cv_env_CFLAGS_set=set
ac_cv_env_CFLAGS_value='-O0 -g'
ac_cv_env_CPPFLAGS_set=
ac_cv_env_CPPFLAGS_value=
ac_cv_env_CPP_set=
ac_cv_env_CPP_value=
ac_cv_env_LDFLAGS_set=
ac_cv_env_LDFLAGS_value=
ac_cv_env_LIBS_set=
ac_cv_env_LIBS_value=
ac_cv_env_build_alias_set=
ac_cv_env_build_alias_value=
ac_cv_env_host_alias_set=
ac_cv_env_host_alias_value=
ac_cv_env_patricia_dir_set=
ac_cv_env_patricia_dir_value=
ac_cv_env_sca_dir_set=set
ac_cv_env_sca_dir_value=/home/centos/CNSM/CNSM-23-demo/AS-Cones/local-6.2.0
ac_cv_env_target_alias_set=
ac_cv_env_target_alias_value=
ac_cv_func_dlopen=no
ac_cv_func_shl_load=no
ac_cv_header__home_centos_CNSM_CNSM_23_demo_AS_Cones_local_6_2_0_include_srx_srxcryptoapi_h=yes
ac_cv_header_arpa_inet_h=yes
ac_cv_header_assert_h=yes
ac_cv_header_ctype_h=yes
ac_cv_header_dlfcn_h=yes
ac_cv_header_errno_h=yes
ac_cv_header_fcntl_h=yes
ac_cv_header_getopt_h=yes
ac_cv_header_inttypes_h=yes
ac_cv_header_malloc_h=yes
ac_cv_header_memory_h=yes
ac_cv_header_netdb_h=yes
ac_cv_header_netinet_in_h=yes
ac_cv_header_netinet_tcp_h=yes
ac_cv_header_patricia_h=yes
ac_cv_header_pthread_h=yes
ac_cv_header_readline_history_h=yes
ac_cv_header_readline_readline_h=yes
ac_cv_header_semaphore_h=yes
ac_cv_header_signal_h=yes
ac_cv_header_stdarg_h=yes
ac_cv_header_stdbool_h=yes
ac_cv_header_stdc=yes
ac_cv_header_stdint_h=yes
ac_cv_header_stdio_h=yes
ac_cv_header_stdlib_h=yes
ac_cv_header_string_h=yes
ac_cv_header_strings_h=yes
ac_cv_header_sys_socket_h=yes
ac_cv_header_sys_stat_h=yes
ac_cv_header_sys_time_h=yes
ac_cv_header_sys_types_h=yes
ac_cv_header_sys_un_h=yes
ac_cv_header_syslog_h=yes
ac_cv_header_time_h=yes
ac_cv_header_unistd_h=yes
ac_cv_header_uthash_h=yes
ac_cv_host=x86_64-unknown-linux-gnu
ac_cv_lib_dl_dlopen=yes
ac_cv_lib_dld_shl_load=no
ac_cv_objext=o
ac_cv_path_EGREP='/bin/grep -E'
ac_cv_path_FGREP='/bin/grep -F'
ac_cv_path_GREP=/bin/grep
ac_cv_path_SED=/bin/sed
ac_cv_path_install='/bin/install -c'
ac_cv_path_mkdir=/bin/mkdir
ac_cv_prog_AWK=gawk
ac_cv_prog_CPP='gcc -E'
ac_cv_prog_ac_ct_AR=ar
ac_cv_prog_ac_ct_CC=gcc
ac_cv_prog_ac_ct_OBJDUMP=objdump
ac_cv_prog_ac_ct_RANLIB=ranlib
ac_cv_prog_ac_ct_STRIP=strip
ac_cv_prog_cc_c89=
ac_cv_prog_cc_g=yes
ac_cv_prog_make_make_set=yes
ac_cv_search_clock_gettime='none required'
ac_cv_search_config_init=-lconfig
ac_cv_search_dlerror=-ldl
ac_cv_search_pthread_create=-lpthread
ac_cv_search_write_history=-lreadline
ac_cv_type__Bool=yes
ac_cv_type_size_t=yes
ac_cv_type_ssize_t=yes
am_cv_CC_dependencies_compiler_type=gcc3
am_cv_make_support_nested_variables=yes
lt_cv_ar_at_file=@
lt_cv_archive_cmds_need_lc=no
lt_cv_deplibs_check_method=pass_all
lt_cv_dlopen=dlopen
lt_cv_dlopen_libs=-ldl
lt_cv_dlopen_self=yes
lt_cv_dlopen_self_static=yes
lt_cv_file_magic_cmd='$MAGIC_CMD'
lt_cv_file_magic_test_file=
lt_cv_ld_reload_flag=-r
lt_cv_nm_interface='BSD nm'
lt_cv_objdir=.libs
lt_cv_path_LD=/bin/ld
lt_cv_path_NM='/bin/nm -B'
lt_cv_path_mainfest_tool=no
lt_cv_prog_compiler_c_o=yes
lt_cv_prog_compiler_pic='-fPIC -DPIC'
lt_cv_prog_compiler_pic_works=yes
lt_cv_prog_compiler_rtti_exceptions=no
lt_cv_prog_compiler_static_works=no
lt_cv_prog_gnu_ld=yes
lt_cv_sharedlib_from_linklib_cmd='printf %s\n'
lt_cv_shlibpath_overrides_runpath=no
lt_cv_sys_global_symbol_pipe='sed -n -e '\''s/^.*[	 ]\([ABCDGIRSTW][ABCDGIRSTW]*\)[	 ][	 ]*\([_A-Za-z][_A-Za-z0-9]*\)$/\1 \2 \2/p'\'' | sed '\''/ __gnu_lto/d'\'''
lt_cv_sys_global_symbol_to_c_name_address='sed -n -e '\''s/^: \([^ ]*\)[ ]*$/  {\"\1\", (void *) 0},/p'\'' -e '\''s/^[ABCDGIRSTW]* \([^ ]*\) \([^ ]*\)$/  {"\2", (void *) \&\2},/p'\'''
lt_cv_sys_global_symbol_to_c_name_address_lib_prefix='sed -n -e '\''s/^: \([^ ]*\)[ ]*$/  {\"\1\", (void *) 0},/p'\'' -e '\''s/^[ABCDGIRSTW]* \([^ ]*\) \(lib[^ ]*\)$/  {"\2", (void *) \&\2},/p'\'' -e '\''s/^[ABCDGIRSTW]* \([^ ]*\) \([^ ]*\)$/  {"lib\2", (void *) \&\2},/p'\'''
lt_cv_sys_global_symbol_to_cdecl='sed -n -e '\''s/^T .* \(.*\)$/extern int \1();/p'\'' -e '\''s/^[ABCDGIRSTW]* .* \(.*\)$/extern char \1;/p'\'''
lt_cv_sys_max_cmd_len=1572864
lt_cv_to_host_file_cmd=func_convert_file_noop
lt_cv_to_tool_file_cmd=func_convert_file_noop

## ----------------- ##
## Output variables. ##
## ----------------- ##

ACLOCAL='${SHELL} /home/centos/CNSM/CNSM-23-demo/AS-Cones/srx-server/src/missing aclocal-1.13'
AMDEPBACKSLASH='\'
AMDEP_FALSE='#'
AMDEP_TRUE=''
AMTAR='$${TAR-tar}'
AM_BACKSLASH='\'
AM_DEFAULT_V='$(AM_DEFAULT_VERBOSITY)'
AM_DEFAULT_VERBOSITY='1'
AM_V='$(V)'
AR='ar'
AUTOCONF='${SHELL} /home/centos/CNSM/CNSM-23-demo/AS-Cones/srx-server/src/missing autoconf'
AUTOHEADER='${SHELL} /home/centos/CNSM/CNSM-23-demo/AS-Cones/srx-server/src/missing autoheader'
AUTOMAKE='${SHELL} /home/centos/CNSM/CNSM-23-demo/AS-Cones/srx-server/src/missing automake-1.13'
AWK='gawk'
BUILD_TEST_FALSE=''
BUILD_TEST_TRUE='#'
CC='gcc'
CCDEPMODE='depmode=gcc3'
CFG_PREFIX='/home/centos/CNSM/CNSM-23-demo/AS-Cones/local-6.2.0'
CFG_SYSCONFIG='/home/centos/CNSM/CNSM-23-demo/AS-Cones/local-6.2.0/etc'
CFLAGS='-I/home/centos/CNSM/CNSM-23-demo/AS-Cones/srx-server/src/../extras/local/include -O0 -g -DLCONFIG_INT=int'
CPP='gcc -E'
CPPFLAGS=''
CPU_ARCH='64'
CPU_ARCH_FLAGS='-DCPU_64'
CYGPATH_W='echo'
DEFS='-DHAVE_CONFIG_H'
DEPDIR='.deps'
DLLTOOL='false'
DSYMUTIL=''
DUMPBIN=''
ECHO_C=''
ECHO_N='-n'
ECHO_T=''
EGREP='/bin/grep -E'
EXEEXT=''
FGREP='/bin/grep -F'
GREP='/bin/grep'
HAVE_LIBCONFIG='1'
HAVE_LIBSRxCryptoAPI='1'
INSTALL_DATA='${INSTALL} -m 644'
INSTALL_PROGRAM='${INSTALL}'
INSTALL_SCRIPT='${INSTALL}'
INSTALL_STRIP_PROGRAM='$(install_sh) -c -s'
LCONFIG_INT='int'
LD='/bin/ld -m elf_x86_64'
LDFLAGS=''
LIBOBJS=''
LIBS='-lpthread -lreadline -ldl -lconfig '
LIBTOOL='$(SHELL) $(top_builddir)/libtool'
LIB_PATRICIA='/home/centos/CNSM/CNSM-23-demo/AS-Cones/srx-server/src/../extras/local/lib64/libpatricia.a'
LIB_VER_INFO='6:1:0'
LIB_VER_INFO_COND_FALSE='#'
LIB_VER_INFO_COND_TRUE=''
LICENSE='https://www.nist.gov/director/copyright-fair-use-and-licensing-statements-srd-data-and-software'
LIPO=''
LN_S='ln -s'
LTLIBOBJS=''
MAJOR_VER='6'
MAKEINFO='${SHELL} /home/centos/CNSM/CNSM-23-demo/AS-Cones/srx-server/src/missing makeinfo'
MANIFEST_TOOL=':'
MINOR_VER='1'
MKDIR_P='/bin/mkdir -p'
NM='/bin/nm -B'
NMEDIT=''
OBJDUMP='objdump'
OBJEXT='o'
OTOOL64=''
OTOOL=''
PACKAGE='srx'
PACKAGE_BUGREPORT='itrg-contact@list.nist.gov'
PACKAGE_NAME='SRx'
PACKAGE_STRING='SRx 0.6.1.2'
PACKAGE_TARNAME='srx'
PACKAGE_URL='https://www.nist.gov/services-resources/software/bgp-secure-routing-extension-bgp-srx-prototype'
PACKAGE_VERSION='0.6.1.2'
PATH_SEPARATOR=':'
PATRICIA_DIR=''
PKG_VER='0'
RANLIB='ranlib'
SCA_CFLAGS='-I/home/centos/CNSM/CNSM-23-demo/AS-Cones/local-6.2.0/include'
SCA_DIR='/home/centos/CNSM/CNSM-23-demo/AS-Cones/local-6.2.0'
SCA_LDFLAGS='-L/home/centos/CNSM/CNSM-23-demo/AS-Cones/local-6.2.0/lib64/srx'
SCA_LIBS='-lSRxCryptoAPI'
SED='/bin/sed'
SET_MAKE=''
SHELL='/bin/sh'
SRX_DIR='srx'
STRIP='strip'
UPD_VER='2'
URL='https://www.nist.gov/services-resources/software/bgp-secure-routing-extension-bgp-srx-prototype'
VERSION='0.6.1.2'
VER_INFO='6.0.1'
ac_ct_AR='ar'
ac_ct_CC='gcc'
ac_ct_DUMPBIN=''
am__EXEEXT_FALSE=''
am__EXEEXT_TRUE='#'
am__fastdepCC_FALSE='#'
am__fastdepCC_TRUE=''
am__include='include'
am__isrc=''
am__leading_dot='.'
am__nodep='_no'
am__quote=''
am__tar='$${TAR-tar} chof - "$$tardir"'
am__untar='$${TAR-tar} xf -'
bindir='${exec_prefix}/bin'
build='x86_64-unknown-linux-gnu'
build_alias=''
build_cpu='x86_64'
build_os='linux-gnu'
build_vendor='unknown'
datadir='${datarootdir}'
datarootdir='${prefix}/share'
docdir='${datarootdir}/doc/${PACKAGE_TARNAME}'
dvidir='${docdir}'
exec_prefix='${prefix}'
host='x86_64-unknown-linux-gnu'
host_alias=''
host_cpu='x86_64'
host_os='linux-gnu'
host_vendor='unknown'
htmldir='${docdir}'
incl_la_lib='no'
includedir='${prefix}/include'
infodir='${datarootdir}/info'
install_sh='${SHELL} /home/centos/CNSM/CNSM-23-demo/AS-Cones/srx-server/src/install-sh'
libdir='${exec_prefix}/lib64'
libexecdir='${exec_prefix}/libexec'
localedir='${datarootdir}/locale'
localstatedir='${prefix}/var'
mandir='${datarootdir}/man'
mkdir_p='$(MKDIR_P)'
oldincludedir='/usr/include'
patricia_dir=''
pdfdir='${docdir}'
prefix='/home/centos/CNSM/CNSM-23-demo/AS-Cones/local-6.2.0'
program_transform_name='s,x,x,'
psdir='${docdir}'
sbindir='${exec_prefix}/sbin'
sca_dir='/home/centos/CNSM/CNSM-23-demo/AS-Cones/local-6.2.0'
sharedstatedir='${prefix}/com'
sysconfdir='${prefix}/etc'
target_alias=''

## ----------- ##
## confdefs.h. ##
## ----------- ##

/* confdefs.h */
#define PACKAGE_NAME "SRx"
#define PACKAGE_TARNAME "srx"
#define PACKAGE_VERSION "0.6.1.2"
#define PACKAGE_STRING "SRx 0.6.1.2"
#define PACKAGE_BUGREPORT "itrg-contact@list.nist.gov"
#define PACKAGE_URL "https://www.nist.gov/services-resources/software/bgp-secure-routing-extension-bgp-srx-prototype"
#define PACKAGE "srx"
#define VERSION "0.6.1.2"
#define STDC_HEADERS 1
#define HAVE_SYS_TYPES_H 1
#define HAVE_SYS_STAT_H 1
#define HAVE_STDLIB_H 1
#define HAVE_STRING_H 1
#define HAVE_MEMORY_H 1
#define HAVE_STRINGS_H 1
#define HAVE_INTTYPES_H 1
#define HAVE_STDINT_H 1
#define HAVE_UNISTD_H 1
#define HAVE_DLFCN_H 1
#define LT_OBJDIR ".libs/"
#define HAVE__HOME_CENTOS_CNSM_CNSM_23_DEMO_AS_CONES_LOCAL_6_2_0_INCLUDE_SRX_SRXCRYPTOAPI_H 1
#define _REENTRANT /**/
#define HAVE_ASSERT_H 1
#define HAVE_CTYPE_H 1
#define HAVE_DLFCN_H 1
#define HAVE_ERRNO_H 1
#define HAVE_FCNTL_H 1
#define HAVE_GETOPT_H 1
#define HAVE_MALLOC_H 1
#define HAVE_NETDB_H 1
#define HAVE_PATRICIA_H 1
#define HAVE_PTHREAD_H 1
#define HAVE_SEMAPHORE_H 1
#define HAVE_SIGNAL_H 1
#define HAVE_STDARG_H 1
#define HAVE_STDBOOL_H 1
#define HAVE_STDINT_H 1
#define HAVE_STDIO_H 1
#define HAVE_STDLIB_H 1
#define HAVE_STRING_H 1
#define HAVE_SYSLOG_H 1
#define HAVE_TIME_H 1
#define HAVE_UNISTD_H 1
#define HAVE_UTHASH_H 1
#define HAVE_ARPA_INET_H 1
#define HAVE_NETINET_IN_H 1
#define HAVE_NETINET_TCP_H 1
#define HAVE_READLINE_HISTORY_H 1
#define HAVE_READLINE_READLINE_H 1
#define HAVE_SYS_SOCKET_H 1
#define HAVE_SYS_TIME_H 1
#define HAVE_SYS_TYPES_H 1
#define HAVE_SYS_UN_H 1
#define HAVE__BOOL 1
#define HAVE_STDBOOL_H 1

configure: exit 0
