This file contains any messages produced by compilers while
running configure, to aid debugging if configure makes a mistake.

It was created by SRxCryptoAPI configure 0.3.0.4, which was
generated by GNU Autoconf 2.69.  Invocation command line was

  $ ./configure --prefix=/home/kmh/src/AS-Cones/local-6.2.0 CFLAGS=-O0 -g

## --------- ##
## Platform. ##
## --------- ##

hostname = localhost.localdomain
uname -m = x86_64
uname -r = 3.10.0-1160.66.1.el7.x86_64
uname -s = Linux
uname -v = #1 SMP Wed May 18 16:02:34 UTC 2022

/usr/bin/uname -p = x86_64
/bin/uname -X     = unknown

/bin/arch              = x86_64
/usr/bin/arch -k       = unknown
/usr/convex/getsysinfo = unknown
/usr/bin/hostinfo      = unknown
/bin/machine           = unknown
/usr/bin/oslevel       = unknown
/bin/universe          = unknown

PATH: /usr/local/bin
PATH: /usr/local/sbin
PATH: /usr/bin
PATH: /usr/sbin
PATH: /bin
PATH: /sbin
PATH: /home/kmh/.local/bin
PATH: /home/kmh/bin


## ----------- ##
## Core tests. ##
## ----------- ##

configure:2341: checking for a BSD-compatible install
configure:2409: result: /usr/bin/install -c
configure:2420: checking whether build environment is sane
configure:2475: result: yes
configure:2626: checking for a thread-safe mkdir -p
configure:2665: result: /usr/bin/mkdir -p
configure:2672: checking for gawk
configure:2688: found /usr/bin/gawk
configure:2699: result: gawk
configure:2710: checking whether make sets $(MAKE)
configure:2732: result: yes
configure:2761: checking whether make supports nested variables
configure:2778: result: yes
configure:2863: checking Linux distribution checking
configure:2871: result: other
configure:2886: checking for style of include used by make
configure:2914: result: GNU
configure:2985: checking for gcc
configure:3001: found /usr/bin/gcc
configure:3012: result: gcc
configure:3241: checking for C compiler version
configure:3250: gcc --version >&5
gcc (GCC) 4.8.5 20150623 (Red Hat 4.8.5-44)
Copyright (C) 2015 Free Software Foundation, Inc.
This is free software; see the source for copying conditions.  There is NO
warranty; not even for MERCHANTABILITY or FITNESS FOR A PARTICULAR PURPOSE.

configure:3261: $? = 0
configure:3250: gcc -v >&5
Using built-in specs.
COLLECT_GCC=gcc
COLLECT_LTO_WRAPPER=/usr/libexec/gcc/x86_64-redhat-linux/4.8.5/lto-wrapper
Target: x86_64-redhat-linux
Configured with: ../configure --prefix=/usr --mandir=/usr/share/man --infodir=/usr/share/info --with-bugurl=http://bugzilla.redhat.com/bugzilla --enable-bootstrap --enable-shared --enable-threads=posix --enable-checking=release --with-system-zlib --enable-__cxa_atexit --disable-libunwind-exceptions --enable-gnu-unique-object --enable-linker-build-id --with-linker-hash-style=gnu --enable-languages=c,c++,objc,obj-c++,java,fortran,ada,go,lto --enable-plugin --enable-initfini-array --disable-libgcj --with-isl=/builddir/build/BUILD/gcc-4.8.5-20150702/obj-x86_64-redhat-linux/isl-install --with-cloog=/builddir/build/BUILD/gcc-4.8.5-20150702/obj-x86_64-redhat-linux/cloog-install --enable-gnu-indirect-function --with-tune=generic --with-arch_32=x86-64 --build=x86_64-redhat-linux
Thread model: posix
gcc version 4.8.5 20150623 (Red Hat 4.8.5-44) (GCC) 
configure:3261: $? = 0
configure:3250: gcc -V >&5
gcc: error: unrecognized command line option '-V'
gcc: fatal error: no input files
compilation terminated.
configure:3261: $? = 4
configure:3250: gcc -qversion >&5
gcc: error: unrecognized command line option '-qversion'
gcc: fatal error: no input files
compilation terminated.
configure:3261: $? = 4
configure:3281: checking whether the C compiler works
configure:3303: gcc -O0 -g   conftest.c  >&5
configure:3307: $? = 0
configure:3355: result: yes
configure:3358: checking for C compiler default output file name
configure:3360: result: a.out
configure:3366: checking for suffix of executables
configure:3373: gcc -o conftest -O0 -g   conftest.c  >&5
configure:3377: $? = 0
configure:3399: result: 
configure:3421: checking whether we are cross compiling
configure:3429: gcc -o conftest -O0 -g   conftest.c  >&5
configure:3433: $? = 0
configure:3440: ./conftest
configure:3444: $? = 0
configure:3459: result: no
configure:3464: checking for suffix of object files
configure:3486: gcc -c -O0 -g  conftest.c >&5
configure:3490: $? = 0
configure:3511: result: o
configure:3515: checking whether we are using the GNU C compiler
configure:3534: gcc -c -O0 -g  conftest.c >&5
configure:3534: $? = 0
configure:3543: result: yes
configure:3552: checking whether gcc accepts -g
configure:3572: gcc -c -g  conftest.c >&5
configure:3572: $? = 0
configure:3613: result: yes
configure:3630: checking for gcc option to accept ISO C89
configure:3693: gcc  -c -O0 -g  conftest.c >&5
configure:3693: $? = 0
configure:3706: result: none needed
configure:3728: checking dependency style of gcc
configure:3839: result: gcc3
configure:3904: checking for ar
configure:3920: found /usr/bin/ar
configure:3931: result: ar
configure:3957: checking the archiver (ar) interface
configure:3967: gcc -c -O0 -g  conftest.c >&5
configure:3967: $? = 0
configure:3969: ar cru libconftest.a conftest.o >&5
configure:3972: $? = 0
configure:3995: result: ar
configure:4052: checking build system type
configure:4066: result: x86_64-unknown-linux-gnu
configure:4086: checking host system type
configure:4099: result: x86_64-unknown-linux-gnu
configure:4140: checking how to print strings
configure:4167: result: printf
configure:4188: checking for a sed that does not truncate output
configure:4252: result: /usr/bin/sed
configure:4270: checking for grep that handles long lines and -e
configure:4328: result: /usr/bin/grep
configure:4333: checking for egrep
configure:4395: result: /usr/bin/grep -E
configure:4400: checking for fgrep
configure:4462: result: /usr/bin/grep -F
configure:4497: checking for ld used by gcc
configure:4564: result: /usr/bin/ld
configure:4571: checking if the linker (/usr/bin/ld) is GNU ld
configure:4586: result: yes
configure:4598: checking for BSD- or MS-compatible name lister (nm)
configure:4647: result: /usr/bin/nm -B
configure:4777: checking the name lister (/usr/bin/nm -B) interface
configure:4784: gcc -c -O0 -g  conftest.c >&5
configure:4787: /usr/bin/nm -B "conftest.o"
configure:4790: output
0000000000000000 B some_variable
configure:4797: result: BSD nm
configure:4800: checking whether ln -s works
configure:4804: result: yes
configure:4812: checking the maximum length of command line arguments
configure:4942: result: 1572864
configure:4959: checking whether the shell understands some XSI constructs
configure:4969: result: yes
configure:4973: checking whether the shell understands "+="
configure:4979: result: yes
configure:5014: checking how to convert x86_64-unknown-linux-gnu file names to x86_64-unknown-linux-gnu format
configure:5054: result: func_convert_file_noop
configure:5061: checking how to convert x86_64-unknown-linux-gnu file names to toolchain format
configure:5081: result: func_convert_file_noop
configure:5088: checking for /usr/bin/ld option to reload object files
configure:5095: result: -r
configure:5169: checking for objdump
configure:5185: found /usr/bin/objdump
configure:5196: result: objdump
configure:5228: checking how to recognize dependent libraries
configure:5430: result: pass_all
configure:5515: checking for dlltool
configure:5545: result: no
configure:5575: checking how to associate runtime and link libraries
configure:5602: result: printf %s\n
configure:5726: checking for archiver @FILE support
configure:5743: gcc -c -O0 -g  conftest.c >&5
configure:5743: $? = 0
configure:5746: ar cru libconftest.a @conftest.lst >&5
configure:5749: $? = 0
configure:5754: ar cru libconftest.a @conftest.lst >&5
ar: conftest.o: No such file or directory
configure:5757: $? = 1
configure:5769: result: @
configure:5827: checking for strip
configure:5843: found /usr/bin/strip
configure:5854: result: strip
configure:5926: checking for ranlib
configure:5942: found /usr/bin/ranlib
configure:5953: result: ranlib
configure:6055: checking command to parse /usr/bin/nm -B output from gcc object
configure:6175: gcc -c -O0 -g  conftest.c >&5
configure:6178: $? = 0
configure:6182: /usr/bin/nm -B conftest.o \| sed -n -e 's/^.*[ ]\([ABCDGIRSTW][ABCDGIRSTW]*\)[ ][ ]*\([_A-Za-z][_A-Za-z0-9]*\)$/\1 \2 \2/p' | sed '/ __gnu_lto/d' \> conftest.nm
configure:6185: $? = 0
configure:6251: gcc -o conftest -O0 -g   conftest.c conftstm.o >&5
configure:6254: $? = 0
configure:6292: result: ok
configure:6329: checking for sysroot
configure:6359: result: no
configure:6436: gcc -c -O0 -g  conftest.c >&5
configure:6439: $? = 0
configure:6615: checking for mt
configure:6645: result: no
configure:6665: checking if : is a manifest tool
configure:6671: : '-?'
configure:6679: result: no
configure:7321: checking how to run the C preprocessor
configure:7352: gcc -E  conftest.c
configure:7352: $? = 0
configure:7366: gcc -E  conftest.c
conftest.c:11:28: fatal error: ac_nonexistent.h: No such file or directory
 #include <ac_nonexistent.h>
                            ^
compilation terminated.
configure:7366: $? = 1
configure: failed program was:
| /* confdefs.h */
| #define PACKAGE_NAME "SRxCryptoAPI"
| #define PACKAGE_TARNAME "srxcryptoapi"
| #define PACKAGE_VERSION "0.3.0.4"
| #define PACKAGE_STRING "SRxCryptoAPI 0.3.0.4"
| #define PACKAGE_BUGREPORT "itrg-contact@list.nist.gov"
| #define PACKAGE_URL ""
| #define PACKAGE "srxcryptoapi"
| #define VERSION "0.3.0.4"
| /* end confdefs.h.  */
| #include <ac_nonexistent.h>
configure:7391: result: gcc -E
configure:7411: gcc -E  conftest.c
configure:7411: $? = 0
configure:7425: gcc -E  conftest.c
conftest.c:11:28: fatal error: ac_nonexistent.h: No such file or directory
 #include <ac_nonexistent.h>
                            ^
compilation terminated.
configure:7425: $? = 1
configure: failed program was:
| /* confdefs.h */
| #define PACKAGE_NAME "SRxCryptoAPI"
| #define PACKAGE_TARNAME "srxcryptoapi"
| #define PACKAGE_VERSION "0.3.0.4"
| #define PACKAGE_STRING "SRxCryptoAPI 0.3.0.4"
| #define PACKAGE_BUGREPORT "itrg-contact@list.nist.gov"
| #define PACKAGE_URL ""
| #define PACKAGE "srxcryptoapi"
| #define VERSION "0.3.0.4"
| /* end confdefs.h.  */
| #include <ac_nonexistent.h>
configure:7454: checking for ANSI C header files
configure:7474: gcc -c -O0 -g  conftest.c >&5
configure:7474: $? = 0
configure:7547: gcc -o conftest -O0 -g   conftest.c  >&5
configure:7547: $? = 0
configure:7547: ./conftest
configure:7547: $? = 0
configure:7558: result: yes
configure:7571: checking for sys/types.h
configure:7571: gcc -c -O0 -g  conftest.c >&5
configure:7571: $? = 0
configure:7571: result: yes
configure:7571: checking for sys/stat.h
configure:7571: gcc -c -O0 -g  conftest.c >&5
configure:7571: $? = 0
configure:7571: result: yes
configure:7571: checking for stdlib.h
configure:7571: gcc -c -O0 -g  conftest.c >&5
configure:7571: $? = 0
configure:7571: result: yes
configure:7571: checking for string.h
configure:7571: gcc -c -O0 -g  conftest.c >&5
configure:7571: $? = 0
configure:7571: result: yes
configure:7571: checking for memory.h
configure:7571: gcc -c -O0 -g  conftest.c >&5
configure:7571: $? = 0
configure:7571: result: yes
configure:7571: checking for strings.h
configure:7571: gcc -c -O0 -g  conftest.c >&5
configure:7571: $? = 0
configure:7571: result: yes
configure:7571: checking for inttypes.h
configure:7571: gcc -c -O0 -g  conftest.c >&5
configure:7571: $? = 0
configure:7571: result: yes
configure:7571: checking for stdint.h
configure:7571: gcc -c -O0 -g  conftest.c >&5
configure:7571: $? = 0
configure:7571: result: yes
configure:7571: checking for unistd.h
configure:7571: gcc -c -O0 -g  conftest.c >&5
configure:7571: $? = 0
configure:7571: result: yes
configure:7585: checking for dlfcn.h
configure:7585: gcc -c -O0 -g  conftest.c >&5
configure:7585: $? = 0
configure:7585: result: yes
configure:7790: checking for objdir
configure:7805: result: .libs
configure:8076: checking if gcc supports -fno-rtti -fno-exceptions
configure:8094: gcc -c -O0 -g  -fno-rtti -fno-exceptions conftest.c >&5
cc1: warning: command line option '-fno-rtti' is valid for C++/ObjC++ but not for C [enabled by default]
configure:8098: $? = 0
configure:8111: result: no
configure:8438: checking for gcc option to produce PIC
configure:8445: result: -fPIC -DPIC
configure:8453: checking if gcc PIC flag -fPIC -DPIC works
configure:8471: gcc -c -O0 -g  -fPIC -DPIC -DPIC conftest.c >&5
configure:8475: $? = 0
configure:8488: result: yes
configure:8517: checking if gcc static flag -static works
configure:8545: result: no
configure:8560: checking if gcc supports -c -o file.o
configure:8581: gcc -c -O0 -g  -o out/conftest2.o conftest.c >&5
configure:8585: $? = 0
configure:8607: result: yes
configure:8615: checking if gcc supports -c -o file.o
configure:8662: result: yes
configure:8695: checking whether the gcc linker (/usr/bin/ld -m elf_x86_64) supports shared libraries
configure:9848: result: yes
configure:9885: checking whether -lc should be explicitly linked in
configure:9893: gcc -c -O0 -g  conftest.c >&5
configure:9896: $? = 0
configure:9911: gcc -shared  -fPIC -DPIC conftest.o  -v -Wl,-soname -Wl,conftest -o conftest 2\>\&1 \| /usr/bin/grep  -lc  \>/dev/null 2\>\&1
configure:9914: $? = 0
configure:9928: result: no
configure:10088: checking dynamic linker characteristics
configure:10599: gcc -o conftest -O0 -g   -Wl,-rpath -Wl,/foo conftest.c  >&5
configure:10599: $? = 0
configure:10825: result: GNU/Linux ld.so
configure:10932: checking how to hardcode library paths into programs
configure:10957: result: immediate
configure:11051: checking for shl_load
configure:11051: gcc -o conftest -O0 -g   conftest.c  >&5
/tmp/ccFfEI4n.o: In function `main':
/home/kmh/src/AS-Cones/srx-crypto-api/conftest.c:57: undefined reference to `shl_load'
collect2: error: ld returned 1 exit status
configure:11051: $? = 1
configure: failed program was:
| /* confdefs.h */
| #define PACKAGE_NAME "SRxCryptoAPI"
| #define PACKAGE_TARNAME "srxcryptoapi"
| #define PACKAGE_VERSION "0.3.0.4"
| #define PACKAGE_STRING "SRxCryptoAPI 0.3.0.4"
| #define PACKAGE_BUGREPORT "itrg-contact@list.nist.gov"
| #define PACKAGE_URL ""
| #define PACKAGE "srxcryptoapi"
| #define VERSION "0.3.0.4"
| #define STDC_HEADERS 1
| #define HAVE_SYS_TYPES_H 1
| #define HAVE_SYS_STAT_H 1
| #define HAVE_STDLIB_H 1
| #define HAVE_STRING_H 1
| #define HAVE_MEMORY_H 1
| #define HAVE_STRINGS_H 1
| #define HAVE_INTTYPES_H 1
| #define HAVE_STDINT_H 1
| #define HAVE_UNISTD_H 1
| #define HAVE_DLFCN_H 1
| #define LT_OBJDIR ".libs/"
| /* end confdefs.h.  */
| /* Define shl_load to an innocuous variant, in case <limits.h> declares shl_load.
|    For example, HP-UX 11i <limits.h> declares gettimeofday.  */
| #define shl_load innocuous_shl_load
| 
| /* System header to define __stub macros and hopefully few prototypes,
|     which can conflict with char shl_load (); below.
|     Prefer <limits.h> to <assert.h> if __STDC__ is defined, since
|     <limits.h> exists even on freestanding compilers.  */
| 
| #ifdef __STDC__
| # include <limits.h>
| #else
| # include <assert.h>
| #endif
| 
| #undef shl_load
| 
| /* Override any GCC internal prototype to avoid an error.
|    Use char because int might match the return type of a GCC
|    builtin and then its argument prototype would still apply.  */
| #ifdef __cplusplus
| extern "C"
| #endif
| char shl_load ();
| /* The GNU C library defines this for functions which it implements
|     to always fail with ENOSYS.  Some functions are actually named
|     something starting with __ and the normal name is an alias.  */
| #if defined __stub_shl_load || defined __stub___shl_load
| choke me
| #endif
| 
| int
| main ()
| {
| return shl_load ();
|   ;
|   return 0;
| }
configure:11051: result: no
configure:11055: checking for shl_load in -ldld
configure:11080: gcc -o conftest -O0 -g   conftest.c -ldld   >&5
/usr/bin/ld: cannot find -ldld
collect2: error: ld returned 1 exit status
configure:11080: $? = 1
configure: failed program was:
| /* confdefs.h */
| #define PACKAGE_NAME "SRxCryptoAPI"
| #define PACKAGE_TARNAME "srxcryptoapi"
| #define PACKAGE_VERSION "0.3.0.4"
| #define PACKAGE_STRING "SRxCryptoAPI 0.3.0.4"
| #define PACKAGE_BUGREPORT "itrg-contact@list.nist.gov"
| #define PACKAGE_URL ""
| #define PACKAGE "srxcryptoapi"
| #define VERSION "0.3.0.4"
| #define STDC_HEADERS 1
| #define HAVE_SYS_TYPES_H 1
| #define HAVE_SYS_STAT_H 1
| #define HAVE_STDLIB_H 1
| #define HAVE_STRING_H 1
| #define HAVE_MEMORY_H 1
| #define HAVE_STRINGS_H 1
| #define HAVE_INTTYPES_H 1
| #define HAVE_STDINT_H 1
| #define HAVE_UNISTD_H 1
| #define HAVE_DLFCN_H 1
| #define LT_OBJDIR ".libs/"
| /* end confdefs.h.  */
| 
| /* Override any GCC internal prototype to avoid an error.
|    Use char because int might match the return type of a GCC
|    builtin and then its argument prototype would still apply.  */
| #ifdef __cplusplus
| extern "C"
| #endif
| char shl_load ();
| int
| main ()
| {
| return shl_load ();
|   ;
|   return 0;
| }
configure:11089: result: no
configure:11094: checking for dlopen
configure:11094: gcc -o conftest -O0 -g   conftest.c  >&5
/tmp/ccS37jyt.o: In function `main':
/home/kmh/src/AS-Cones/srx-crypto-api/conftest.c:57: undefined reference to `dlopen'
collect2: error: ld returned 1 exit status
configure:11094: $? = 1
configure: failed program was:
| /* confdefs.h */
| #define PACKAGE_NAME "SRxCryptoAPI"
| #define PACKAGE_TARNAME "srxcryptoapi"
| #define PACKAGE_VERSION "0.3.0.4"
| #define PACKAGE_STRING "SRxCryptoAPI 0.3.0.4"
| #define PACKAGE_BUGREPORT "itrg-contact@list.nist.gov"
| #define PACKAGE_URL ""
| #define PACKAGE "srxcryptoapi"
| #define VERSION "0.3.0.4"
| #define STDC_HEADERS 1
| #define HAVE_SYS_TYPES_H 1
| #define HAVE_SYS_STAT_H 1
| #define HAVE_STDLIB_H 1
| #define HAVE_STRING_H 1
| #define HAVE_MEMORY_H 1
| #define HAVE_STRINGS_H 1
| #define HAVE_INTTYPES_H 1
| #define HAVE_STDINT_H 1
| #define HAVE_UNISTD_H 1
| #define HAVE_DLFCN_H 1
| #define LT_OBJDIR ".libs/"
| /* end confdefs.h.  */
| /* Define dlopen to an innocuous variant, in case <limits.h> declares dlopen.
|    For example, HP-UX 11i <limits.h> declares gettimeofday.  */
| #define dlopen innocuous_dlopen
| 
| /* System header to define __stub macros and hopefully few prototypes,
|     which can conflict with char dlopen (); below.
|     Prefer <limits.h> to <assert.h> if __STDC__ is defined, since
|     <limits.h> exists even on freestanding compilers.  */
| 
| #ifdef __STDC__
| # include <limits.h>
| #else
| # include <assert.h>
| #endif
| 
| #undef dlopen
| 
| /* Override any GCC internal prototype to avoid an error.
|    Use char because int might match the return type of a GCC
|    builtin and then its argument prototype would still apply.  */
| #ifdef __cplusplus
| extern "C"
| #endif
| char dlopen ();
| /* The GNU C library defines this for functions which it implements
|     to always fail with ENOSYS.  Some functions are actually named
|     something starting with __ and the normal name is an alias.  */
| #if defined __stub_dlopen || defined __stub___dlopen
| choke me
| #endif
| 
| int
| main ()
| {
| return dlopen ();
|   ;
|   return 0;
| }
configure:11094: result: no
configure:11098: checking for dlopen in -ldl
configure:11123: gcc -o conftest -O0 -g   conftest.c -ldl   >&5
configure:11123: $? = 0
configure:11132: result: yes
configure:11251: checking whether a program can dlopen itself
configure:11331: gcc -o conftest -O0 -g  -DHAVE_DLFCN_H  -Wl,--export-dynamic conftest.c -ldl  >&5
configure:11334: $? = 0
configure:11352: result: yes
configure:11357: checking whether a statically linked program can dlopen itself
configure:11437: gcc -o conftest -O0 -g  -DHAVE_DLFCN_H  -Wl,--export-dynamic  conftest.c -ldl  >&5
configure:11440: $? = 0
configure:11458: result: yes
configure:11497: checking whether stripping libraries is possible
configure:11502: result: yes
configure:11537: checking if libtool supports shared libraries
configure:11539: result: yes
configure:11542: checking whether to build shared libraries
configure:11563: result: yes
configure:11566: checking whether to build static libraries
configure:11570: result: yes
configure:11674: checking for gcc
configure:11701: result: gcc
configure:11930: checking for C compiler version
configure:11939: gcc --version >&5
gcc (GCC) 4.8.5 20150623 (Red Hat 4.8.5-44)
Copyright (C) 2015 Free Software Foundation, Inc.
This is free software; see the source for copying conditions.  There is NO
warranty; not even for MERCHANTABILITY or FITNESS FOR A PARTICULAR PURPOSE.

configure:11950: $? = 0
configure:11939: gcc -v >&5
Using built-in specs.
COLLECT_GCC=gcc
COLLECT_LTO_WRAPPER=/usr/libexec/gcc/x86_64-redhat-linux/4.8.5/lto-wrapper
Target: x86_64-redhat-linux
Configured with: ../configure --prefix=/usr --mandir=/usr/share/man --infodir=/usr/share/info --with-bugurl=http://bugzilla.redhat.com/bugzilla --enable-bootstrap --enable-shared --enable-threads=posix --enable-checking=release --with-system-zlib --enable-__cxa_atexit --disable-libunwind-exceptions --enable-gnu-unique-object --enable-linker-build-id --with-linker-hash-style=gnu --enable-languages=c,c++,objc,obj-c++,java,fortran,ada,go,lto --enable-plugin --enable-initfini-array --disable-libgcj --with-isl=/builddir/build/BUILD/gcc-4.8.5-20150702/obj-x86_64-redhat-linux/isl-install --with-cloog=/builddir/build/BUILD/gcc-4.8.5-20150702/obj-x86_64-redhat-linux/cloog-install --enable-gnu-indirect-function --with-tune=generic --with-arch_32=x86-64 --build=x86_64-redhat-linux
Thread model: posix
gcc version 4.8.5 20150623 (Red Hat 4.8.5-44) (GCC) 
configure:11950: $? = 0
configure:11939: gcc -V >&5
gcc: error: unrecognized command line option '-V'
gcc: fatal error: no input files
compilation terminated.
configure:11950: $? = 4
configure:11939: gcc -qversion >&5
gcc: error: unrecognized command line option '-qversion'
gcc: fatal error: no input files
compilation terminated.
configure:11950: $? = 4
configure:11954: checking whether we are using the GNU C compiler
configure:11982: result: yes
configure:11991: checking whether gcc accepts -g
configure:12052: result: yes
configure:12069: checking for gcc option to accept ISO C89
configure:12145: result: none needed
configure:12167: checking dependency style of gcc
configure:12278: result: gcc3
configure:12294: checking whether gcc and cc understand -c and -o together
configure:12325: gcc -c conftest.c -o conftest2.o >&5
configure:12329: $? = 0
configure:12335: gcc -c conftest.c -o conftest2.o >&5
configure:12339: $? = 0
configure:12350: cc -c conftest.c >&5
configure:12354: $? = 0
configure:12362: cc -c conftest.c -o conftest2.o >&5
configure:12366: $? = 0
configure:12372: cc -c conftest.c -o conftest2.o >&5
configure:12376: $? = 0
configure:12394: result: yes
configure:12419: checking whether make sets $(MAKE)
configure:12441: result: yes
configure:12461: checking host architecture information
configure:12469: result: 64 bit
configure:12509: checking for library containing dlopen
configure:12540: gcc -o conftest -O0 -g   conftest.c  >&5
/tmp/ccUXCjLI.o: In function `main':
/home/kmh/src/AS-Cones/srx-crypto-api/conftest.c:34: undefined reference to `dlopen'
collect2: error: ld returned 1 exit status
configure:12540: $? = 1
configure: failed program was:
| /* confdefs.h */
| #define PACKAGE_NAME "SRxCryptoAPI"
| #define PACKAGE_TARNAME "srxcryptoapi"
| #define PACKAGE_VERSION "0.3.0.4"
| #define PACKAGE_STRING "SRxCryptoAPI 0.3.0.4"
| #define PACKAGE_BUGREPORT "itrg-contact@list.nist.gov"
| #define PACKAGE_URL ""
| #define PACKAGE "srxcryptoapi"
| #define VERSION "0.3.0.4"
| #define STDC_HEADERS 1
| #define HAVE_SYS_TYPES_H 1
| #define HAVE_SYS_STAT_H 1
| #define HAVE_STDLIB_H 1
| #define HAVE_STRING_H 1
| #define HAVE_MEMORY_H 1
| #define HAVE_STRINGS_H 1
| #define HAVE_INTTYPES_H 1
| #define HAVE_STDINT_H 1
| #define HAVE_UNISTD_H 1
| #define HAVE_DLFCN_H 1
| #define LT_OBJDIR ".libs/"
| /* end confdefs.h.  */
| 
| /* Override any GCC internal prototype to avoid an error.
|    Use char because int might match the return type of a GCC
|    builtin and then its argument prototype would still apply.  */
| #ifdef __cplusplus
| extern "C"
| #endif
| char dlopen ();
| int
| main ()
| {
| return dlopen ();
|   ;
|   return 0;
| }
configure:12540: gcc -o conftest -O0 -g   conftest.c -ldl   >&5
configure:12540: $? = 0
configure:12557: result: -ldl
configure:12570: checking for library containing config_init
configure:12601: gcc -o conftest -O0 -g   conftest.c -ldl  >&5
/tmp/ccCwIp4J.o: In function `main':
/home/kmh/src/AS-Cones/srx-crypto-api/conftest.c:34: undefined reference to `config_init'
collect2: error: ld returned 1 exit status
configure:12601: $? = 1
configure: failed program was:
| /* confdefs.h */
| #define PACKAGE_NAME "SRxCryptoAPI"
| #define PACKAGE_TARNAME "srxcryptoapi"
| #define PACKAGE_VERSION "0.3.0.4"
| #define PACKAGE_STRING "SRxCryptoAPI 0.3.0.4"
| #define PACKAGE_BUGREPORT "itrg-contact@list.nist.gov"
| #define PACKAGE_URL ""
| #define PACKAGE "srxcryptoapi"
| #define VERSION "0.3.0.4"
| #define STDC_HEADERS 1
| #define HAVE_SYS_TYPES_H 1
| #define HAVE_SYS_STAT_H 1
| #define HAVE_STDLIB_H 1
| #define HAVE_STRING_H 1
| #define HAVE_MEMORY_H 1
| #define HAVE_STRINGS_H 1
| #define HAVE_INTTYPES_H 1
| #define HAVE_STDINT_H 1
| #define HAVE_UNISTD_H 1
| #define HAVE_DLFCN_H 1
| #define LT_OBJDIR ".libs/"
| /* end confdefs.h.  */
| 
| /* Override any GCC internal prototype to avoid an error.
|    Use char because int might match the return type of a GCC
|    builtin and then its argument prototype would still apply.  */
| #ifdef __cplusplus
| extern "C"
| #endif
| char config_init ();
| int
| main ()
| {
| return config_init ();
|   ;
|   return 0;
| }
configure:12601: gcc -o conftest -O0 -g   conftest.c -lconfig  -ldl  >&5
configure:12601: $? = 0
configure:12618: result: -lconfig
configure:12638: checking for libconfig int type
configure:12648: result: int
configure:12682: checking type of openssl installation to be used
configure:12685: result: default
configure:12718: checking for library crypto
configure:12736: result: -lcrypto
configure:12718: checking for library ssl
configure:12736: result: -lssl
configure:12770: checking for openssl curve prime256v1
configure:12774: result: yes
configure:12796: checking /usr/include/openssl/crypto.h usability
configure:12796: gcc -c -O0 -g -DLCONFIG_INT=int  conftest.c >&5
configure:12796: $? = 0
configure:12796: result: yes
configure:12796: checking /usr/include/openssl/crypto.h presence
configure:12796: gcc -E  conftest.c
configure:12796: $? = 0
configure:12796: result: yes
configure:12796: checking for /usr/include/openssl/crypto.h
configure:12796: result: yes
configure:12796: checking /usr/include/openssl/bio.h usability
configure:12796: gcc -c -O0 -g -DLCONFIG_INT=int  conftest.c >&5
configure:12796: $? = 0
configure:12796: result: yes
configure:12796: checking /usr/include/openssl/bio.h presence
configure:12796: gcc -E  conftest.c
configure:12796: $? = 0
configure:12796: result: yes
configure:12796: checking for /usr/include/openssl/bio.h
configure:12796: result: yes
configure:12796: checking /usr/include/openssl/sha.h usability
configure:12796: gcc -c -O0 -g -DLCONFIG_INT=int  conftest.c >&5
configure:12796: $? = 0
configure:12796: result: yes
configure:12796: checking /usr/include/openssl/sha.h presence
configure:12796: gcc -E  conftest.c
configure:12796: $? = 0
configure:12796: result: yes
configure:12796: checking for /usr/include/openssl/sha.h
configure:12796: result: yes
configure:12796: checking /usr/include/openssl/ec.h usability
configure:12796: gcc -c -O0 -g -DLCONFIG_INT=int  conftest.c >&5
configure:12796: $? = 0
configure:12796: result: yes
configure:12796: checking /usr/include/openssl/ec.h presence
configure:12796: gcc -E  conftest.c
configure:12796: $? = 0
configure:12796: result: yes
configure:12796: checking for /usr/include/openssl/ec.h
configure:12796: result: yes
configure:12796: checking /usr/include/openssl/ecdsa.h usability
configure:12796: gcc -c -O0 -g -DLCONFIG_INT=int  conftest.c >&5
configure:12796: $? = 0
configure:12796: result: yes
configure:12796: checking /usr/include/openssl/ecdsa.h presence
configure:12796: gcc -E  conftest.c
configure:12796: $? = 0
configure:12796: result: yes
configure:12796: checking for /usr/include/openssl/ecdsa.h
configure:12796: result: yes
configure:12796: checking /usr/include/openssl/err.h usability
configure:12796: gcc -c -O0 -g -DLCONFIG_INT=int  conftest.c >&5
configure:12796: $? = 0
configure:12796: result: yes
configure:12796: checking /usr/include/openssl/err.h presence
configure:12796: gcc -E  conftest.c
configure:12796: $? = 0
configure:12796: result: yes
configure:12796: checking for /usr/include/openssl/err.h
configure:12796: result: yes
configure:12863: checking assert.h usability
configure:12863: gcc -c -O0 -g -DLCONFIG_INT=int  conftest.c >&5
configure:12863: $? = 0
configure:12863: result: yes
configure:12863: checking assert.h presence
configure:12863: gcc -E  conftest.c
configure:12863: $? = 0
configure:12863: result: yes
configure:12863: checking for assert.h
configure:12863: result: yes
configure:12863: checking for dlfcn.h
configure:12863: result: yes
configure:12863: checking libconfig.h usability
configure:12863: gcc -c -O0 -g -DLCONFIG_INT=int  conftest.c >&5
configure:12863: $? = 0
configure:12863: result: yes
configure:12863: checking libconfig.h presence
configure:12863: gcc -E  conftest.c
configure:12863: $? = 0
configure:12863: result: yes
configure:12863: checking for libconfig.h
configure:12863: result: yes
configure:12863: checking malloc.h usability
configure:12863: gcc -c -O0 -g -DLCONFIG_INT=int  conftest.c >&5
configure:12863: $? = 0
configure:12863: result: yes
configure:12863: checking malloc.h presence
configure:12863: gcc -E  conftest.c
configure:12863: $? = 0
configure:12863: result: yes
configure:12863: checking for malloc.h
configure:12863: result: yes
configure:12863: checking stdarg.h usability
configure:12863: gcc -c -O0 -g -DLCONFIG_INT=int  conftest.c >&5
configure:12863: $? = 0
configure:12863: result: yes
configure:12863: checking stdarg.h presence
configure:12863: gcc -E  conftest.c
configure:12863: $? = 0
configure:12863: result: yes
configure:12863: checking for stdarg.h
configure:12863: result: yes
configure:12863: checking stdbool.h usability
configure:12863: gcc -c -O0 -g -DLCONFIG_INT=int  conftest.c >&5
configure:12863: $? = 0
configure:12863: result: yes
configure:12863: checking stdbool.h presence
configure:12863: gcc -E  conftest.c
configure:12863: $? = 0
configure:12863: result: yes
configure:12863: checking for stdbool.h
configure:12863: result: yes
configure:12863: checking stddef.h usability
configure:12863: gcc -c -O0 -g -DLCONFIG_INT=int  conftest.c >&5
configure:12863: $? = 0
configure:12863: result: yes
configure:12863: checking stddef.h presence
configure:12863: gcc -E  conftest.c
configure:12863: $? = 0
configure:12863: result: yes
configure:12863: checking for stddef.h
configure:12863: result: yes
configure:12863: checking stdio.h usability
configure:12863: gcc -c -O0 -g -DLCONFIG_INT=int  conftest.c >&5
configure:12863: $? = 0
configure:12863: result: yes
configure:12863: checking stdio.h presence
configure:12863: gcc -E  conftest.c
configure:12863: $? = 0
configure:12863: result: yes
configure:12863: checking for stdio.h
configure:12863: result: yes
configure:12863: checking for stdlib.h
configure:12863: result: yes
configure:12863: checking for string.h
configure:12863: result: yes
configure:12863: checking syslog.h usability
configure:12863: gcc -c -O0 -g -DLCONFIG_INT=int  conftest.c >&5
configure:12863: $? = 0
configure:12863: result: yes
configure:12863: checking syslog.h presence
configure:12863: gcc -E  conftest.c
configure:12863: $? = 0
configure:12863: result: yes
configure:12863: checking for syslog.h
configure:12863: result: yes
configure:12863: checking sys/param.h usability
configure:12863: gcc -c -O0 -g -DLCONFIG_INT=int  conftest.c >&5
configure:12863: $? = 0
configure:12863: result: yes
configure:12863: checking sys/param.h presence
configure:12863: gcc -E  conftest.c
configure:12863: $? = 0
configure:12863: result: yes
configure:12863: checking for sys/param.h
configure:12863: result: yes
configure:12863: checking for sys/stat.h
configure:12863: result: yes
configure:12863: checking for sys/types.h
configure:12863: result: yes
configure:12885: checking for size_t
configure:12885: gcc -c -O0 -g -DLCONFIG_INT=int  conftest.c >&5
configure:12885: $? = 0
configure:12885: gcc -c -O0 -g -DLCONFIG_INT=int  conftest.c >&5
conftest.c: In function 'main':
conftest.c:79:21: error: expected expression before ')' token
 if (sizeof ((size_t)))
                     ^
configure:12885: $? = 1
configure: failed program was:
| /* confdefs.h */
| #define PACKAGE_NAME "SRxCryptoAPI"
| #define PACKAGE_TARNAME "srxcryptoapi"
| #define PACKAGE_VERSION "0.3.0.4"
| #define PACKAGE_STRING "SRxCryptoAPI 0.3.0.4"
| #define PACKAGE_BUGREPORT "itrg-contact@list.nist.gov"
| #define PACKAGE_URL ""
| #define PACKAGE "srxcryptoapi"
| #define VERSION "0.3.0.4"
| #define STDC_HEADERS 1
| #define HAVE_SYS_TYPES_H 1
| #define HAVE_SYS_STAT_H 1
| #define HAVE_STDLIB_H 1
| #define HAVE_STRING_H 1
| #define HAVE_MEMORY_H 1
| #define HAVE_STRINGS_H 1
| #define HAVE_INTTYPES_H 1
| #define HAVE_STDINT_H 1
| #define HAVE_UNISTD_H 1
| #define HAVE_DLFCN_H 1
| #define LT_OBJDIR ".libs/"
| #define HAVE__USR_INCLUDE_OPENSSL_CRYPTO_H 1
| #define HAVE__USR_INCLUDE_OPENSSL_BIO_H 1
| #define HAVE__USR_INCLUDE_OPENSSL_SHA_H 1
| #define HAVE__USR_INCLUDE_OPENSSL_EC_H 1
| #define HAVE__USR_INCLUDE_OPENSSL_ECDSA_H 1
| #define HAVE__USR_INCLUDE_OPENSSL_ERR_H 1
| #define HAVE_ASSERT_H 1
| #define HAVE_DLFCN_H 1
| #define HAVE_LIBCONFIG_H 1
| #define HAVE_MALLOC_H 1
| #define HAVE_STDARG_H 1
| #define HAVE_STDBOOL_H 1
| #define HAVE_STDDEF_H 1
| #define HAVE_STDIO_H 1
| #define HAVE_STDLIB_H 1
| #define HAVE_STRING_H 1
| #define HAVE_SYSLOG_H 1
| #define HAVE_SYS_PARAM_H 1
| #define HAVE_SYS_STAT_H 1
| #define HAVE_SYS_TYPES_H 1
| /* end confdefs.h.  */
| #include <stdio.h>
| #ifdef HAVE_SYS_TYPES_H
| # include <sys/types.h>
| #endif
| #ifdef HAVE_SYS_STAT_H
| # include <sys/stat.h>
| #endif
| #ifdef STDC_HEADERS
| # include <stdlib.h>
| # include <stddef.h>
| #else
| # ifdef HAVE_STDLIB_H
| #  include <stdlib.h>
| # endif
| #endif
| #ifdef HAVE_STRING_H
| # if !defined STDC_HEADERS && defined HAVE_MEMORY_H
| #  include <memory.h>
| # endif
| # include <string.h>
| #endif
| #ifdef HAVE_STRINGS_H
| # include <strings.h>
| #endif
| #ifdef HAVE_INTTYPES_H
| # include <inttypes.h>
| #endif
| #ifdef HAVE_STDINT_H
| # include <stdint.h>
| #endif
| #ifdef HAVE_UNISTD_H
| # include <unistd.h>
| #endif
| int
| main ()
| {
| if (sizeof ((size_t)))
| 	    return 0;
|   ;
|   return 0;
| }
configure:12885: result: yes
configure:12900: checking for stdlib.h
configure:12900: result: yes
configure:12910: checking for GNU libc compatible malloc
configure:12934: gcc -o conftest -O0 -g -DLCONFIG_INT=int   conftest.c -lconfig -ldl  >&5
configure:12934: $? = 0
configure:12934: ./conftest
configure:12934: $? = 0
configure:12944: result: yes
configure:12967: checking for memset
configure:12967: gcc -o conftest -O0 -g -DLCONFIG_INT=int   conftest.c -lconfig -ldl  >&5
conftest.c:68:6: warning: conflicting types for built-in function 'memset' [enabled by default]
 char memset ();
      ^
configure:12967: $? = 0
configure:12967: result: yes
configure:12979: checking whether MEM_CHECK will be activated
configure:12989: result: no
configure:13058: checking whether .a and .la libraries will be added to rpm distribution
configure:13068: result: no
configure:13083: checking whether module bgpsec-openssl will be added
configure:13093: result: yes
configure:13100: checking uthash.h usability
configure:13100: gcc -c -O0 -g -DLCONFIG_INT=int  conftest.c >&5
configure:13100: $? = 0
configure:13100: result: yes
configure:13100: checking uthash.h presence
configure:13100: gcc -E  conftest.c
configure:13100: $? = 0
configure:13100: result: yes
configure:13100: checking for uthash.h
configure:13100: result: yes
configure:13126: checking whether module testlib will be added
configure:13136: result: yes
configure:13188: checking whether system supports IPv6
configure:13192: result: Linux IPv6
configure:13201: checking whether libc has IPv6 support
configure:13215: gcc -o conftest -O0 -g -DLCONFIG_INT=int -DCPU_64   conftest.c -lconfig -ldl  >&5
configure:13215: $? = 0
configure:13222: result: yes
configure:13234: checking compiling test for ltdl
configure:13250: gcc -c -O0 -g -DLCONFIG_INT=int -DCPU_64  conftest.c >&5
conftest.c:49:36: fatal error: ltdl.h: No such file or directory
                    #include<ltdl.h>
                                    ^
compilation terminated.
configure:13250: $? = 1
configure: failed program was:
| /* confdefs.h */
| #define PACKAGE_NAME "SRxCryptoAPI"
| #define PACKAGE_TARNAME "srxcryptoapi"
| #define PACKAGE_VERSION "0.3.0.4"
| #define PACKAGE_STRING "SRxCryptoAPI 0.3.0.4"
| #define PACKAGE_BUGREPORT "itrg-contact@list.nist.gov"
| #define PACKAGE_URL ""
| #define PACKAGE "srxcryptoapi"
| #define VERSION "0.3.0.4"
| #define STDC_HEADERS 1
| #define HAVE_SYS_TYPES_H 1
| #define HAVE_SYS_STAT_H 1
| #define HAVE_STDLIB_H 1
| #define HAVE_STRING_H 1
| #define HAVE_MEMORY_H 1
| #define HAVE_STRINGS_H 1
| #define HAVE_INTTYPES_H 1
| #define HAVE_STDINT_H 1
| #define HAVE_UNISTD_H 1
| #define HAVE_DLFCN_H 1
| #define LT_OBJDIR ".libs/"
| #define HAVE__USR_INCLUDE_OPENSSL_CRYPTO_H 1
| #define HAVE__USR_INCLUDE_OPENSSL_BIO_H 1
| #define HAVE__USR_INCLUDE_OPENSSL_SHA_H 1
| #define HAVE__USR_INCLUDE_OPENSSL_EC_H 1
| #define HAVE__USR_INCLUDE_OPENSSL_ECDSA_H 1
| #define HAVE__USR_INCLUDE_OPENSSL_ERR_H 1
| #define HAVE_ASSERT_H 1
| #define HAVE_DLFCN_H 1
| #define HAVE_LIBCONFIG_H 1
| #define HAVE_MALLOC_H 1
| #define HAVE_STDARG_H 1
| #define HAVE_STDBOOL_H 1
| #define HAVE_STDDEF_H 1
| #define HAVE_STDIO_H 1
| #define HAVE_STDLIB_H 1
| #define HAVE_STRING_H 1
| #define HAVE_SYSLOG_H 1
| #define HAVE_SYS_PARAM_H 1
| #define HAVE_SYS_STAT_H 1
| #define HAVE_SYS_TYPES_H 1
| #define HAVE_STDLIB_H 1
| #define HAVE_MALLOC 1
| #define HAVE_MEMSET 1
| #define HAVE_UTHASH_H 1
| #define HAVE_IPV6 1
| /* end confdefs.h.  */
| 
|                    #include<ltdl.h>
| 
| int
| main ()
| {
| 
|   ;
|   return 0;
| }
configure:13254: result: ltdl header: no
configure:13296: checking ltdl patch capability
configure:13412: checking preload symbol status
configure:13414: result: need: no  avaliable: no
configure:13562: checking that generated files are newer than configure
configure:13568: result: done
configure:13603: creating ./config.status

## ---------------------- ##
## Running config.status. ##
## ---------------------- ##

This file was extended by SRxCryptoAPI config.status 0.3.0.4, which was
generated by GNU Autoconf 2.69.  Invocation command line was

  CONFIG_FILES    = 
  CONFIG_HEADERS  = 
  CONFIG_LINKS    = 
  CONFIG_COMMANDS = 
  $ ./config.status 

on localhost.localdomain

config.status:1135: creating Makefile
config.status:1135: creating bgpsec_openssl/Makefile
config.status:1135: creating crypto_testlib/Makefile
config.status:1135: creating srxcryptoapi.conf
config.status:1135: creating srxcryptoapi-0.3.0.4.spec
config.status:1135: creating srxcryptoapi-devel-0.3.0.4.spec
config.status:1135: creating srxcryptoapi_lib64.conf
config.status:1135: creating config.h
config.status:1316: config.h is unchanged
config.status:1364: executing depfiles commands
config.status:1364: executing libtool commands

## ---------------- ##
## Cache variables. ##
## ---------------- ##

ac_cv_build=x86_64-unknown-linux-gnu
ac_cv_c_compiler_gnu=yes
ac_cv_env_CC_set=
ac_cv_env_CC_value=
ac_cv_env_CFLAGS_set=set
ac_cv_env_CFLAGS_value='-O0 -g'
ac_cv_env_CPPFLAGS_set=
ac_cv_env_CPPFLAGS_value=
ac_cv_env_CPP_set=
ac_cv_env_CPP_value=
ac_cv_env_LDFLAGS_set=
ac_cv_env_LDFLAGS_value=
ac_cv_env_LIBS_set=
ac_cv_env_LIBS_value=
ac_cv_env_build_alias_set=
ac_cv_env_build_alias_value=
ac_cv_env_host_alias_set=
ac_cv_env_host_alias_value=
ac_cv_env_openssl_dir_set=
ac_cv_env_openssl_dir_value=
ac_cv_env_target_alias_set=
ac_cv_env_target_alias_value=
ac_cv_func_dlopen=no
ac_cv_func_malloc_0_nonnull=yes
ac_cv_func_memset=yes
ac_cv_func_shl_load=no
ac_cv_header__usr_include_openssl_bio_h=yes
ac_cv_header__usr_include_openssl_crypto_h=yes
ac_cv_header__usr_include_openssl_ec_h=yes
ac_cv_header__usr_include_openssl_ecdsa_h=yes
ac_cv_header__usr_include_openssl_err_h=yes
ac_cv_header__usr_include_openssl_sha_h=yes
ac_cv_header_assert_h=yes
ac_cv_header_dlfcn_h=yes
ac_cv_header_inttypes_h=yes
ac_cv_header_libconfig_h=yes
ac_cv_header_malloc_h=yes
ac_cv_header_memory_h=yes
ac_cv_header_stdarg_h=yes
ac_cv_header_stdbool_h=yes
ac_cv_header_stdc=yes
ac_cv_header_stddef_h=yes
ac_cv_header_stdint_h=yes
ac_cv_header_stdio_h=yes
ac_cv_header_stdlib_h=yes
ac_cv_header_string_h=yes
ac_cv_header_strings_h=yes
ac_cv_header_sys_param_h=yes
ac_cv_header_sys_stat_h=yes
ac_cv_header_sys_types_h=yes
ac_cv_header_syslog_h=yes
ac_cv_header_unistd_h=yes
ac_cv_header_uthash_h=yes
ac_cv_host=x86_64-unknown-linux-gnu
ac_cv_lib_dl_dlopen=yes
ac_cv_lib_dld_shl_load=no
ac_cv_objext=o
ac_cv_path_EGREP='/usr/bin/grep -E'
ac_cv_path_FGREP='/usr/bin/grep -F'
ac_cv_path_GREP=/usr/bin/grep
ac_cv_path_SED=/usr/bin/sed
ac_cv_path_install='/usr/bin/install -c'
ac_cv_path_mkdir=/usr/bin/mkdir
ac_cv_prog_AWK=gawk
ac_cv_prog_CPP='gcc -E'
ac_cv_prog_ac_ct_AR=ar
ac_cv_prog_ac_ct_CC=gcc
ac_cv_prog_ac_ct_OBJDUMP=objdump
ac_cv_prog_ac_ct_RANLIB=ranlib
ac_cv_prog_ac_ct_STRIP=strip
ac_cv_prog_cc_c89=
ac_cv_prog_cc_g=yes
ac_cv_prog_cc_gcc_c_o=yes
ac_cv_prog_make_make_set=yes
ac_cv_search_config_init=-lconfig
ac_cv_search_dlopen=-ldl
ac_cv_type_size_t=yes
am_cv_CC_dependencies_compiler_type=gcc3
am_cv_ar_interface=ar
am_cv_make_support_nested_variables=yes
lt_cv_ar_at_file=@
lt_cv_archive_cmds_need_lc=no
lt_cv_deplibs_check_method=pass_all
lt_cv_dlopen=dlopen
lt_cv_dlopen_libs=-ldl
lt_cv_dlopen_self=yes
lt_cv_dlopen_self_static=yes
lt_cv_file_magic_cmd='$MAGIC_CMD'
lt_cv_file_magic_test_file=
lt_cv_ld_reload_flag=-r
lt_cv_nm_interface='BSD nm'
lt_cv_objdir=.libs
lt_cv_path_LD=/usr/bin/ld
lt_cv_path_NM='/usr/bin/nm -B'
lt_cv_path_mainfest_tool=no
lt_cv_prog_compiler_c_o=yes
lt_cv_prog_compiler_pic='-fPIC -DPIC'
lt_cv_prog_compiler_pic_works=yes
lt_cv_prog_compiler_rtti_exceptions=no
lt_cv_prog_compiler_static_works=no
lt_cv_prog_gnu_ld=yes
lt_cv_sharedlib_from_linklib_cmd='printf %s\n'
lt_cv_shlibpath_overrides_runpath=no
lt_cv_sys_global_symbol_pipe='sed -n -e '\''s/^.*[	 ]\([ABCDGIRSTW][ABCDGIRSTW]*\)[	 ][	 ]*\([_A-Za-z][_A-Za-z0-9]*\)$/\1 \2 \2/p'\'' | sed '\''/ __gnu_lto/d'\'''
lt_cv_sys_global_symbol_to_c_name_address='sed -n -e '\''s/^: \([^ ]*\)[ ]*$/  {\"\1\", (void *) 0},/p'\'' -e '\''s/^[ABCDGIRSTW]* \([^ ]*\) \([^ ]*\)$/  {"\2", (void *) \&\2},/p'\'''
lt_cv_sys_global_symbol_to_c_name_address_lib_prefix='sed -n -e '\''s/^: \([^ ]*\)[ ]*$/  {\"\1\", (void *) 0},/p'\'' -e '\''s/^[ABCDGIRSTW]* \([^ ]*\) \(lib[^ ]*\)$/  {"\2", (void *) \&\2},/p'\'' -e '\''s/^[ABCDGIRSTW]* \([^ ]*\) \([^ ]*\)$/  {"lib\2", (void *) \&\2},/p'\'''
lt_cv_sys_global_symbol_to_cdecl='sed -n -e '\''s/^T .* \(.*\)$/extern int \1();/p'\'' -e '\''s/^[ABCDGIRSTW]* .* \(.*\)$/extern char \1;/p'\'''
lt_cv_sys_max_cmd_len=1572864
lt_cv_to_host_file_cmd=func_convert_file_noop
lt_cv_to_tool_file_cmd=func_convert_file_noop

## ----------------- ##
## Output variables. ##
## ----------------- ##

ACLOCAL='${SHELL} /home/kmh/src/AS-Cones/srx-crypto-api/missing aclocal-1.13'
AMDEPBACKSLASH='\'
AMDEP_FALSE='#'
AMDEP_TRUE=''
AMTAR='$${TAR-tar}'
AM_BACKSLASH='\'
AM_DEFAULT_V='$(AM_DEFAULT_VERBOSITY)'
AM_DEFAULT_VERBOSITY='1'
AM_V='$(V)'
AR='ar'
AUTOCONF='${SHELL} /home/kmh/src/AS-Cones/srx-crypto-api/missing autoconf'
AUTOHEADER='${SHELL} /home/kmh/src/AS-Cones/srx-crypto-api/missing autoheader'
AUTOMAKE='${SHELL} /home/kmh/src/AS-Cones/srx-crypto-api/missing automake-1.13'
AWK='gawk'
BGPSEC_OPENSSL='bgpsec_openssl'
CC='gcc'
CCDEPMODE='depmode=gcc3'
CFG_PREFIX='/home/kmh/src/AS-Cones/local-6.2.0'
CFLAGS='-O0 -g -DLCONFIG_INT=int -DCPU_64'
CPP='gcc -E'
CPPFLAGS=''
CPU_ARCH='64'
CRYPTO_TESTLIB='crypto_testlib'
CYGPATH_W='echo'
DEFS='-DHAVE_CONFIG_H'
DEPDIR='.deps'
DLLTOOL='false'
DOLLAR_SIGN='$'
DSYMUTIL=''
DUMPBIN=''
ECHO_C=''
ECHO_N='-n'
ECHO_T=''
EGREP='/usr/bin/grep -E'
EXEEXT=''
FGREP='/usr/bin/grep -F'
GREP='/usr/bin/grep'
HAVE_LIBCONFIG='1'
INSTALL_DATA='${INSTALL} -m 644'
INSTALL_PROGRAM='${INSTALL}'
INSTALL_SCRIPT='${INSTALL}'
INSTALL_STRIP_PROGRAM='$(install_sh) -c -s'
LCONFIG_INT='int'
LD='/usr/bin/ld -m elf_x86_64'
LDFLAGS=''
LIBOBJS=''
LIBS='-lconfig -ldl '
LIBTOOL='$(SHELL) $(top_builddir)/libtool'
LIB_VER_INFO='3:0:0'
LIB_VER_INFO_COND_FALSE='#'
LIB_VER_INFO_COND_TRUE=''
LIPO=''
LN_S='ln -s'
LTLIBOBJS=''
MAJOR_VER='3'
MAKEINFO='${SHELL} /home/kmh/src/AS-Cones/srx-crypto-api/missing makeinfo'
MANIFEST_TOOL=':'
MCHECK=''
MINOR_VER='0'
MKDIR_P='/usr/bin/mkdir -p'
NM='/usr/bin/nm -B'
NMEDIT=''
OBJDUMP='objdump'
OBJEXT='o'
OPENSSL_CFLAGS=''
OPENSSL_LDFLAGS=''
OPENSSL_LIBS='-lcrypto -lssl '
OS_UBUNTU_COND_FALSE=''
OS_UBUNTU_COND_TRUE='#'
OTOOL64=''
OTOOL=''
PACKAGE='srxcryptoapi'
PACKAGE_BUGREPORT='itrg-contact@list.nist.gov'
PACKAGE_NAME='SRxCryptoAPI'
PACKAGE_STRING='SRxCryptoAPI 0.3.0.4'
PACKAGE_TARNAME='srxcryptoapi'
PACKAGE_URL=''
PACKAGE_VERSION='0.3.0.4'
PATH_SEPARATOR=':'
PKG_VER='0'
RANLIB='ranlib'
SED='/usr/bin/sed'
SET_MAKE=''
SHELL='/bin/sh'
SRX_DIR='srx'
STRIP='strip'
UPD_VER='4'
VERSION='0.3.0.4'
VER_INFO='3.0.0'
ac_ct_AR='ar'
ac_ct_CC='gcc'
ac_ct_DUMPBIN=''
am__EXEEXT_FALSE=''
am__EXEEXT_TRUE='#'
am__fastdepCC_FALSE='#'
am__fastdepCC_TRUE=''
am__include='include'
am__isrc=''
am__leading_dot='.'
am__nodep='_no'
am__quote=''
am__tar='$${TAR-tar} chof - "$$tardir"'
am__untar='$${TAR-tar} xf -'
bindir='${exec_prefix}/bin'
build='x86_64-unknown-linux-gnu'
build_alias=''
build_cpu='x86_64'
build_os='linux-gnu'
build_vendor='unknown'
datadir='${datarootdir}'
datarootdir='${prefix}/share'
docdir='${datarootdir}/doc/${PACKAGE_TARNAME}'
dvidir='${docdir}'
exec_prefix='${prefix}'
host='x86_64-unknown-linux-gnu'
host_alias=''
host_cpu='x86_64'
host_os='linux-gnu'
host_vendor='unknown'
htmldir='${docdir}'
incl_la_lib='no'
includedir='${prefix}/include'
infodir='${datarootdir}/info'
install_sh='${SHELL} /home/kmh/src/AS-Cones/srx-crypto-api/install-sh'
libdir='${exec_prefix}/lib64/srx'
libexecdir='${exec_prefix}/libexec'
localedir='${datarootdir}/locale'
localstatedir='${prefix}/var'
mandir='${datarootdir}/man'
mkdir_p='$(MKDIR_P)'
oldincludedir='/usr/include'
openssl_dir=''
pdfdir='${docdir}'
prefix='/home/kmh/src/AS-Cones/local-6.2.0'
program_transform_name='s,x,x,'
psdir='${docdir}'
sbindir='${exec_prefix}/sbin'
sharedstatedir='${prefix}/com'
sysconfdir='${prefix}/etc'
target_alias=''

## ----------- ##
## confdefs.h. ##
## ----------- ##

/* confdefs.h */
#define PACKAGE_NAME "SRxCryptoAPI"
#define PACKAGE_TARNAME "srxcryptoapi"
#define PACKAGE_VERSION "0.3.0.4"
#define PACKAGE_STRING "SRxCryptoAPI 0.3.0.4"
#define PACKAGE_BUGREPORT "itrg-contact@list.nist.gov"
#define PACKAGE_URL ""
#define PACKAGE "srxcryptoapi"
#define VERSION "0.3.0.4"
#define STDC_HEADERS 1
#define HAVE_SYS_TYPES_H 1
#define HAVE_SYS_STAT_H 1
#define HAVE_STDLIB_H 1
#define HAVE_STRING_H 1
#define HAVE_MEMORY_H 1
#define HAVE_STRINGS_H 1
#define HAVE_INTTYPES_H 1
#define HAVE_STDINT_H 1
#define HAVE_UNISTD_H 1
#define HAVE_DLFCN_H 1
#define LT_OBJDIR ".libs/"
#define HAVE__USR_INCLUDE_OPENSSL_CRYPTO_H 1
#define HAVE__USR_INCLUDE_OPENSSL_BIO_H 1
#define HAVE__USR_INCLUDE_OPENSSL_SHA_H 1
#define HAVE__USR_INCLUDE_OPENSSL_EC_H 1
#define HAVE__USR_INCLUDE_OPENSSL_ECDSA_H 1
#define HAVE__USR_INCLUDE_OPENSSL_ERR_H 1
#define HAVE_ASSERT_H 1
#define HAVE_DLFCN_H 1
#define HAVE_LIBCONFIG_H 1
#define HAVE_MALLOC_H 1
#define HAVE_STDARG_H 1
#define HAVE_STDBOOL_H 1
#define HAVE_STDDEF_H 1
#define HAVE_STDIO_H 1
#define HAVE_STDLIB_H 1
#define HAVE_STRING_H 1
#define HAVE_SYSLOG_H 1
#define HAVE_SYS_PARAM_H 1
#define HAVE_SYS_STAT_H 1
#define HAVE_SYS_TYPES_H 1
#define HAVE_STDLIB_H 1
#define HAVE_MALLOC 1
#define HAVE_MEMSET 1
#define HAVE_UTHASH_H 1
#define HAVE_IPV6 1

configure: exit 0
