This file contains any messages produced by compilers while
running configure, to aid debugging if configure makes a mistake.

It was created by bgpsecio configure 0.2.1.11, which was
generated by GNU Autoconf 2.69.  Invocation command line was

  $ ./configure --prefix=/home/centos/CNSM/CNSM-23-demo/AS-Cones/local-6.2.0 sca_dir=/home/centos/CNSM/CNSM-23-demo/AS-Cones/local-6.2.0 CFLAGS=-O0 -g

## --------- ##
## Platform. ##
## --------- ##

hostname = localhost.localdomain
uname -m = x86_64
uname -r = 3.10.0-1160.92.1.el7.x86_64
uname -s = Linux
uname -v = #1 SMP Tue Jun 20 11:48:01 UTC 2023

/usr/bin/uname -p = x86_64
/bin/uname -X     = unknown

/bin/arch              = x86_64
/usr/bin/arch -k       = unknown
/usr/convex/getsysinfo = unknown
/usr/bin/hostinfo      = unknown
/bin/machine           = unknown
/usr/bin/oslevel       = unknown
/bin/universe          = unknown

PATH: /sbin
PATH: /bin
PATH: /usr/sbin
PATH: /usr/bin


## ----------- ##
## Core tests. ##
## ----------- ##

configure:2397: checking for a BSD-compatible install
configure:2465: result: /bin/install -c
configure:2476: checking whether build environment is sane
configure:2531: result: yes
configure:2682: checking for a thread-safe mkdir -p
configure:2721: result: /bin/mkdir -p
configure:2728: checking for gawk
configure:2744: found /bin/gawk
configure:2755: result: gawk
configure:2766: checking whether make sets $(MAKE)
configure:2788: result: yes
configure:2817: checking whether make supports nested variables
configure:2834: result: yes
configure:2996: checking for gcc
configure:3012: found /bin/gcc
configure:3023: result: gcc
configure:3252: checking for C compiler version
configure:3261: gcc --version >&5
gcc (GCC) 4.8.5 20150623 (Red Hat 4.8.5-44)
Copyright (C) 2015 Free Software Foundation, Inc.
This is free software; see the source for copying conditions.  There is NO
warranty; not even for MERCHANTABILITY or FITNESS FOR A PARTICULAR PURPOSE.

configure:3272: $? = 0
configure:3261: gcc -v >&5
Using built-in specs.
COLLECT_GCC=gcc
COLLECT_LTO_WRAPPER=/usr/libexec/gcc/x86_64-redhat-linux/4.8.5/lto-wrapper
Target: x86_64-redhat-linux
Configured with: ../configure --prefix=/usr --mandir=/usr/share/man --infodir=/usr/share/info --with-bugurl=http://bugzilla.redhat.com/bugzilla --enable-bootstrap --enable-shared --enable-threads=posix --enable-checking=release --with-system-zlib --enable-__cxa_atexit --disable-libunwind-exceptions --enable-gnu-unique-object --enable-linker-build-id --with-linker-hash-style=gnu --enable-languages=c,c++,objc,obj-c++,java,fortran,ada,go,lto --enable-plugin --enable-initfini-array --disable-libgcj --with-isl=/builddir/build/BUILD/gcc-4.8.5-20150702/obj-x86_64-redhat-linux/isl-install --with-cloog=/builddir/build/BUILD/gcc-4.8.5-20150702/obj-x86_64-redhat-linux/cloog-install --enable-gnu-indirect-function --with-tune=generic --with-arch_32=x86-64 --build=x86_64-redhat-linux
Thread model: posix
gcc version 4.8.5 20150623 (Red Hat 4.8.5-44) (GCC) 
configure:3272: $? = 0
configure:3261: gcc -V >&5
gcc: error: unrecognized command line option '-V'
gcc: fatal error: no input files
compilation terminated.
configure:3272: $? = 4
configure:3261: gcc -qversion >&5
gcc: error: unrecognized command line option '-qversion'
gcc: fatal error: no input files
compilation terminated.
configure:3272: $? = 4
configure:3292: checking whether the C compiler works
configure:3314: gcc -O0 -g   conftest.c  >&5
configure:3318: $? = 0
configure:3366: result: yes
configure:3369: checking for C compiler default output file name
configure:3371: result: a.out
configure:3377: checking for suffix of executables
configure:3384: gcc -o conftest -O0 -g   conftest.c  >&5
configure:3388: $? = 0
configure:3410: result: 
configure:3432: checking whether we are cross compiling
configure:3440: gcc -o conftest -O0 -g   conftest.c  >&5
configure:3444: $? = 0
configure:3451: ./conftest
configure:3455: $? = 0
configure:3470: result: no
configure:3475: checking for suffix of object files
configure:3497: gcc -c -O0 -g  conftest.c >&5
configure:3501: $? = 0
configure:3522: result: o
configure:3526: checking whether we are using the GNU C compiler
configure:3545: gcc -c -O0 -g  conftest.c >&5
configure:3545: $? = 0
configure:3554: result: yes
configure:3563: checking whether gcc accepts -g
configure:3583: gcc -c -g  conftest.c >&5
configure:3583: $? = 0
configure:3624: result: yes
configure:3641: checking for gcc option to accept ISO C89
configure:3704: gcc  -c -O0 -g  conftest.c >&5
configure:3704: $? = 0
configure:3717: result: none needed
configure:3748: checking for style of include used by make
configure:3776: result: GNU
configure:3802: checking dependency style of gcc
configure:3913: result: gcc3
configure:3957: checking build system type
configure:3971: result: x86_64-unknown-linux-gnu
configure:3991: checking host system type
configure:4004: result: x86_64-unknown-linux-gnu
configure:4045: checking how to print strings
configure:4072: result: printf
configure:4093: checking for a sed that does not truncate output
configure:4157: result: /bin/sed
configure:4175: checking for grep that handles long lines and -e
configure:4233: result: /bin/grep
configure:4238: checking for egrep
configure:4300: result: /bin/grep -E
configure:4305: checking for fgrep
configure:4367: result: /bin/grep -F
configure:4402: checking for ld used by gcc
configure:4469: result: /bin/ld
configure:4476: checking if the linker (/bin/ld) is GNU ld
configure:4491: result: yes
configure:4503: checking for BSD- or MS-compatible name lister (nm)
configure:4552: result: /bin/nm -B
configure:4682: checking the name lister (/bin/nm -B) interface
configure:4689: gcc -c -O0 -g  conftest.c >&5
configure:4692: /bin/nm -B "conftest.o"
configure:4695: output
0000000000000000 B some_variable
configure:4702: result: BSD nm
configure:4705: checking whether ln -s works
configure:4709: result: yes
configure:4717: checking the maximum length of command line arguments
configure:4847: result: 1572864
configure:4864: checking whether the shell understands some XSI constructs
configure:4874: result: yes
configure:4878: checking whether the shell understands "+="
configure:4884: result: yes
configure:4919: checking how to convert x86_64-unknown-linux-gnu file names to x86_64-unknown-linux-gnu format
configure:4959: result: func_convert_file_noop
configure:4966: checking how to convert x86_64-unknown-linux-gnu file names to toolchain format
configure:4986: result: func_convert_file_noop
configure:4993: checking for /bin/ld option to reload object files
configure:5000: result: -r
configure:5074: checking for objdump
configure:5090: found /bin/objdump
configure:5101: result: objdump
configure:5133: checking how to recognize dependent libraries
configure:5335: result: pass_all
configure:5420: checking for dlltool
configure:5450: result: no
configure:5480: checking how to associate runtime and link libraries
configure:5507: result: printf %s\n
configure:5568: checking for ar
configure:5584: found /bin/ar
configure:5595: result: ar
configure:5632: checking for archiver @FILE support
configure:5649: gcc -c -O0 -g  conftest.c >&5
configure:5649: $? = 0
configure:5652: ar cru libconftest.a @conftest.lst >&5
configure:5655: $? = 0
configure:5660: ar cru libconftest.a @conftest.lst >&5
ar: conftest.o: No such file or directory
configure:5663: $? = 1
configure:5675: result: @
configure:5733: checking for strip
configure:5749: found /bin/strip
configure:5760: result: strip
configure:5832: checking for ranlib
configure:5848: found /bin/ranlib
configure:5859: result: ranlib
configure:5961: checking command to parse /bin/nm -B output from gcc object
configure:6081: gcc -c -O0 -g  conftest.c >&5
configure:6084: $? = 0
configure:6088: /bin/nm -B conftest.o \| sed -n -e 's/^.*[ ]\([ABCDGIRSTW][ABCDGIRSTW]*\)[ ][ ]*\([_A-Za-z][_A-Za-z0-9]*\)$/\1 \2 \2/p' | sed '/ __gnu_lto/d' \> conftest.nm
configure:6091: $? = 0
configure:6157: gcc -o conftest -O0 -g   conftest.c conftstm.o >&5
configure:6160: $? = 0
configure:6198: result: ok
configure:6235: checking for sysroot
configure:6265: result: no
configure:6342: gcc -c -O0 -g  conftest.c >&5
configure:6345: $? = 0
configure:6521: checking for mt
configure:6551: result: no
configure:6571: checking if : is a manifest tool
configure:6577: : '-?'
configure:6585: result: no
configure:7227: checking how to run the C preprocessor
configure:7258: gcc -E  conftest.c
configure:7258: $? = 0
configure:7272: gcc -E  conftest.c
conftest.c:11:28: fatal error: ac_nonexistent.h: No such file or directory
 #include <ac_nonexistent.h>
                            ^
compilation terminated.
configure:7272: $? = 1
configure: failed program was:
| /* confdefs.h */
| #define PACKAGE_NAME "bgpsecio"
| #define PACKAGE_TARNAME "bgpsecio"
| #define PACKAGE_VERSION "0.2.1.11"
| #define PACKAGE_STRING "bgpsecio 0.2.1.11"
| #define PACKAGE_BUGREPORT "itrg-contact@list.nist.gov"
| #define PACKAGE_URL ""
| #define PACKAGE "bgpsecio"
| #define VERSION "0.2.1.11"
| /* end confdefs.h.  */
| #include <ac_nonexistent.h>
configure:7297: result: gcc -E
configure:7317: gcc -E  conftest.c
configure:7317: $? = 0
configure:7331: gcc -E  conftest.c
conftest.c:11:28: fatal error: ac_nonexistent.h: No such file or directory
 #include <ac_nonexistent.h>
                            ^
compilation terminated.
configure:7331: $? = 1
configure: failed program was:
| /* confdefs.h */
| #define PACKAGE_NAME "bgpsecio"
| #define PACKAGE_TARNAME "bgpsecio"
| #define PACKAGE_VERSION "0.2.1.11"
| #define PACKAGE_STRING "bgpsecio 0.2.1.11"
| #define PACKAGE_BUGREPORT "itrg-contact@list.nist.gov"
| #define PACKAGE_URL ""
| #define PACKAGE "bgpsecio"
| #define VERSION "0.2.1.11"
| /* end confdefs.h.  */
| #include <ac_nonexistent.h>
configure:7360: checking for ANSI C header files
configure:7380: gcc -c -O0 -g  conftest.c >&5
configure:7380: $? = 0
configure:7453: gcc -o conftest -O0 -g   conftest.c  >&5
configure:7453: $? = 0
configure:7453: ./conftest
configure:7453: $? = 0
configure:7464: result: yes
configure:7477: checking for sys/types.h
configure:7477: gcc -c -O0 -g  conftest.c >&5
configure:7477: $? = 0
configure:7477: result: yes
configure:7477: checking for sys/stat.h
configure:7477: gcc -c -O0 -g  conftest.c >&5
configure:7477: $? = 0
configure:7477: result: yes
configure:7477: checking for stdlib.h
configure:7477: gcc -c -O0 -g  conftest.c >&5
configure:7477: $? = 0
configure:7477: result: yes
configure:7477: checking for string.h
configure:7477: gcc -c -O0 -g  conftest.c >&5
configure:7477: $? = 0
configure:7477: result: yes
configure:7477: checking for memory.h
configure:7477: gcc -c -O0 -g  conftest.c >&5
configure:7477: $? = 0
configure:7477: result: yes
configure:7477: checking for strings.h
configure:7477: gcc -c -O0 -g  conftest.c >&5
configure:7477: $? = 0
configure:7477: result: yes
configure:7477: checking for inttypes.h
configure:7477: gcc -c -O0 -g  conftest.c >&5
configure:7477: $? = 0
configure:7477: result: yes
configure:7477: checking for stdint.h
configure:7477: gcc -c -O0 -g  conftest.c >&5
configure:7477: $? = 0
configure:7477: result: yes
configure:7477: checking for unistd.h
configure:7477: gcc -c -O0 -g  conftest.c >&5
configure:7477: $? = 0
configure:7477: result: yes
configure:7491: checking for dlfcn.h
configure:7491: gcc -c -O0 -g  conftest.c >&5
configure:7491: $? = 0
configure:7491: result: yes
configure:7697: checking for objdir
configure:7712: result: .libs
configure:7983: checking if gcc supports -fno-rtti -fno-exceptions
configure:8001: gcc -c -O0 -g  -fno-rtti -fno-exceptions conftest.c >&5
cc1: warning: command line option '-fno-rtti' is valid for C++/ObjC++ but not for C [enabled by default]
configure:8005: $? = 0
configure:8018: result: no
configure:8345: checking for gcc option to produce PIC
configure:8352: result: -fPIC -DPIC
configure:8360: checking if gcc PIC flag -fPIC -DPIC works
configure:8378: gcc -c -O0 -g  -fPIC -DPIC -DPIC conftest.c >&5
configure:8382: $? = 0
configure:8395: result: yes
configure:8424: checking if gcc static flag -static works
configure:8452: result: no
configure:8467: checking if gcc supports -c -o file.o
configure:8488: gcc -c -O0 -g  -o out/conftest2.o conftest.c >&5
configure:8492: $? = 0
configure:8514: result: yes
configure:8522: checking if gcc supports -c -o file.o
configure:8569: result: yes
configure:8602: checking whether the gcc linker (/bin/ld -m elf_x86_64) supports shared libraries
configure:9755: result: yes
configure:9792: checking whether -lc should be explicitly linked in
configure:9800: gcc -c -O0 -g  conftest.c >&5
configure:9803: $? = 0
configure:9818: gcc -shared  -fPIC -DPIC conftest.o  -v -Wl,-soname -Wl,conftest -o conftest 2\>\&1 \| /bin/grep  -lc  \>/dev/null 2\>\&1
configure:9821: $? = 0
configure:9835: result: no
configure:9995: checking dynamic linker characteristics
configure:10506: gcc -o conftest -O0 -g   -Wl,-rpath -Wl,/foo conftest.c  >&5
configure:10506: $? = 0
configure:10732: result: GNU/Linux ld.so
configure:10839: checking how to hardcode library paths into programs
configure:10864: result: immediate
configure:11404: checking whether stripping libraries is possible
configure:11409: result: yes
configure:11444: checking if libtool supports shared libraries
configure:11446: result: yes
configure:11449: checking whether to build shared libraries
configure:11470: result: yes
configure:11473: checking whether to build static libraries
configure:11477: result: yes
configure:11524: checking host architecture information
configure:11532: result: 64 bit
configure:11563: Configure libdir parameter for 64 bit architecture
configure:11571: checking weather to enable mcheck
configure:11581: result: no
configure:11591: checking weather to enable testvector
configure:11601: result: no
configure:11611: checking weather to enable printcrypto
configure:11621: result: no
configure:11635: checking for library containing pthread_create
configure:11666: gcc -o conftest -O0 -g   conftest.c  >&5
/tmp/ccEBnlVf.o: In function `main':
/home/centos/CNSM/CNSM-23-demo/AS-Cones/bgpsec-io/conftest.c:34: undefined reference to `pthread_create'
collect2: error: ld returned 1 exit status
configure:11666: $? = 1
configure: failed program was:
| /* confdefs.h */
| #define PACKAGE_NAME "bgpsecio"
| #define PACKAGE_TARNAME "bgpsecio"
| #define PACKAGE_VERSION "0.2.1.11"
| #define PACKAGE_STRING "bgpsecio 0.2.1.11"
| #define PACKAGE_BUGREPORT "itrg-contact@list.nist.gov"
| #define PACKAGE_URL ""
| #define PACKAGE "bgpsecio"
| #define VERSION "0.2.1.11"
| #define STDC_HEADERS 1
| #define HAVE_SYS_TYPES_H 1
| #define HAVE_SYS_STAT_H 1
| #define HAVE_STDLIB_H 1
| #define HAVE_STRING_H 1
| #define HAVE_MEMORY_H 1
| #define HAVE_STRINGS_H 1
| #define HAVE_INTTYPES_H 1
| #define HAVE_STDINT_H 1
| #define HAVE_UNISTD_H 1
| #define HAVE_DLFCN_H 1
| #define LT_OBJDIR ".libs/"
| /* end confdefs.h.  */
| 
| /* Override any GCC internal prototype to avoid an error.
|    Use char because int might match the return type of a GCC
|    builtin and then its argument prototype would still apply.  */
| #ifdef __cplusplus
| extern "C"
| #endif
| char pthread_create ();
| int
| main ()
| {
| return pthread_create ();
|   ;
|   return 0;
| }
configure:11666: gcc -o conftest -O0 -g   conftest.c -lpthread   >&5
configure:11666: $? = 0
configure:11683: result: -lpthread
configure:11700: checking pthread.h usability
configure:11700: gcc -c -O0 -g  conftest.c >&5
configure:11700: $? = 0
configure:11700: result: yes
configure:11700: checking pthread.h presence
configure:11700: gcc -E  conftest.c
configure:11700: $? = 0
configure:11700: result: yes
configure:11700: checking for pthread.h
configure:11700: result: yes
configure:11728: checking for library containing clock_gettime
configure:11759: gcc -o conftest -O0 -g   conftest.c -lpthread  >&5
configure:11759: $? = 0
configure:11776: result: none required
configure:11796: checking for library containing config_init
configure:11827: gcc -o conftest -O0 -g   conftest.c -lpthread  >&5
/tmp/ccdbeP9r.o: In function `main':
/home/centos/CNSM/CNSM-23-demo/AS-Cones/bgpsec-io/conftest.c:35: undefined reference to `config_init'
collect2: error: ld returned 1 exit status
configure:11827: $? = 1
configure: failed program was:
| /* confdefs.h */
| #define PACKAGE_NAME "bgpsecio"
| #define PACKAGE_TARNAME "bgpsecio"
| #define PACKAGE_VERSION "0.2.1.11"
| #define PACKAGE_STRING "bgpsecio 0.2.1.11"
| #define PACKAGE_BUGREPORT "itrg-contact@list.nist.gov"
| #define PACKAGE_URL ""
| #define PACKAGE "bgpsecio"
| #define VERSION "0.2.1.11"
| #define STDC_HEADERS 1
| #define HAVE_SYS_TYPES_H 1
| #define HAVE_SYS_STAT_H 1
| #define HAVE_STDLIB_H 1
| #define HAVE_STRING_H 1
| #define HAVE_MEMORY_H 1
| #define HAVE_STRINGS_H 1
| #define HAVE_INTTYPES_H 1
| #define HAVE_STDINT_H 1
| #define HAVE_UNISTD_H 1
| #define HAVE_DLFCN_H 1
| #define LT_OBJDIR ".libs/"
| #define HAVE_PTHREAD_H 1
| /* end confdefs.h.  */
| 
| /* Override any GCC internal prototype to avoid an error.
|    Use char because int might match the return type of a GCC
|    builtin and then its argument prototype would still apply.  */
| #ifdef __cplusplus
| extern "C"
| #endif
| char config_init ();
| int
| main ()
| {
| return config_init ();
|   ;
|   return 0;
| }
configure:11827: gcc -o conftest -O0 -g   conftest.c -lconfig  -lpthread  >&5
configure:11827: $? = 0
configure:11844: result: -lconfig
configure:11864: checking for libconfig int type
configure:11874: result: int
configure:11933: checking for custom SRxCryptoAPI location
configure:11940: result: available
configure:11949: checking for library SRxCryptoAPI V3
configure:11958: result: -lSRxCryptoAPI
configure:12005: checking /home/centos/CNSM/CNSM-23-demo/AS-Cones/local-6.2.0/include/srx/srxcryptoapi.h usability
configure:12005: gcc -c -O0 -g -DLCONFIG_INT=int  conftest.c >&5
configure:12005: $? = 0
configure:12005: result: yes
configure:12005: checking /home/centos/CNSM/CNSM-23-demo/AS-Cones/local-6.2.0/include/srx/srxcryptoapi.h presence
configure:12005: gcc -E  conftest.c
configure:12005: $? = 0
configure:12005: result: yes
configure:12005: checking for /home/centos/CNSM/CNSM-23-demo/AS-Cones/local-6.2.0/include/srx/srxcryptoapi.h
configure:12005: result: yes
configure:12102: checking type of openssl installation to be used
configure:12105: result: default
configure:12110: result:  using default directory /usr 
configure:12138: checking for library crypto
configure:12156: result: -lcrypto
configure:12138: checking for library ssl
configure:12156: result: -lssl
configure:12196: checking for openssl curve prime256v1
configure:12200: result: yes
configure:12222: checking /usr//include/openssl/crypto.h usability
configure:12222: gcc -c -O0 -g -DLCONFIG_INT=int  conftest.c >&5
configure:12222: $? = 0
configure:12222: result: yes
configure:12222: checking /usr//include/openssl/crypto.h presence
configure:12222: gcc -E  conftest.c
configure:12222: $? = 0
configure:12222: result: yes
configure:12222: checking for /usr//include/openssl/crypto.h
configure:12222: result: yes
configure:12222: checking /usr//include/openssl/bio.h usability
configure:12222: gcc -c -O0 -g -DLCONFIG_INT=int  conftest.c >&5
configure:12222: $? = 0
configure:12222: result: yes
configure:12222: checking /usr//include/openssl/bio.h presence
configure:12222: gcc -E  conftest.c
configure:12222: $? = 0
configure:12222: result: yes
configure:12222: checking for /usr//include/openssl/bio.h
configure:12222: result: yes
configure:12222: checking /usr//include/openssl/sha.h usability
configure:12222: gcc -c -O0 -g -DLCONFIG_INT=int  conftest.c >&5
configure:12222: $? = 0
configure:12222: result: yes
configure:12222: checking /usr//include/openssl/sha.h presence
configure:12222: gcc -E  conftest.c
configure:12222: $? = 0
configure:12222: result: yes
configure:12222: checking for /usr//include/openssl/sha.h
configure:12222: result: yes
configure:12222: checking /usr//include/openssl/ec.h usability
configure:12222: gcc -c -O0 -g -DLCONFIG_INT=int  conftest.c >&5
configure:12222: $? = 0
configure:12222: result: yes
configure:12222: checking /usr//include/openssl/ec.h presence
configure:12222: gcc -E  conftest.c
configure:12222: $? = 0
configure:12222: result: yes
configure:12222: checking for /usr//include/openssl/ec.h
configure:12222: result: yes
configure:12222: checking /usr//include/openssl/ecdsa.h usability
configure:12222: gcc -c -O0 -g -DLCONFIG_INT=int  conftest.c >&5
configure:12222: $? = 0
configure:12222: result: yes
configure:12222: checking /usr//include/openssl/ecdsa.h presence
configure:12222: gcc -E  conftest.c
configure:12222: $? = 0
configure:12222: result: yes
configure:12222: checking for /usr//include/openssl/ecdsa.h
configure:12222: result: yes
configure:12222: checking /usr//include/openssl/err.h usability
configure:12222: gcc -c -O0 -g -DLCONFIG_INT=int  conftest.c >&5
configure:12222: $? = 0
configure:12222: result: yes
configure:12222: checking /usr//include/openssl/err.h presence
configure:12222: gcc -E  conftest.c
configure:12222: $? = 0
configure:12222: result: yes
configure:12222: checking for /usr//include/openssl/err.h
configure:12222: result: yes
configure:12291: checking malloc.h usability
configure:12291: gcc -c -O0 -g -DLCONFIG_INT=int  conftest.c >&5
configure:12291: $? = 0
configure:12291: result: yes
configure:12291: checking malloc.h presence
configure:12291: gcc -E  conftest.c
configure:12291: $? = 0
configure:12291: result: yes
configure:12291: checking for malloc.h
configure:12291: result: yes
configure:12291: checking netdb.h usability
configure:12291: gcc -c -O0 -g -DLCONFIG_INT=int  conftest.c >&5
configure:12291: $? = 0
configure:12291: result: yes
configure:12291: checking netdb.h presence
configure:12291: gcc -E  conftest.c
configure:12291: $? = 0
configure:12291: result: yes
configure:12291: checking for netdb.h
configure:12291: result: yes
configure:12291: checking stddef.h usability
configure:12291: gcc -c -O0 -g -DLCONFIG_INT=int  conftest.c >&5
configure:12291: $? = 0
configure:12291: result: yes
configure:12291: checking stddef.h presence
configure:12291: gcc -E  conftest.c
configure:12291: $? = 0
configure:12291: result: yes
configure:12291: checking for stddef.h
configure:12291: result: yes
configure:12291: checking for stdint.h
configure:12291: result: yes
configure:12291: checking for stdlib.h
configure:12291: result: yes
configure:12291: checking for string.h
configure:12291: result: yes
configure:12291: checking stdio.h usability
configure:12291: gcc -c -O0 -g -DLCONFIG_INT=int  conftest.c >&5
configure:12291: $? = 0
configure:12291: result: yes
configure:12291: checking stdio.h presence
configure:12291: gcc -E  conftest.c
configure:12291: $? = 0
configure:12291: result: yes
configure:12291: checking for stdio.h
configure:12291: result: yes
configure:12291: checking for pthread.h
configure:12291: result: yes
configure:12291: checking time.h usability
configure:12291: gcc -c -O0 -g -DLCONFIG_INT=int  conftest.c >&5
configure:12291: $? = 0
configure:12291: result: yes
configure:12291: checking time.h presence
configure:12291: gcc -E  conftest.c
configure:12291: $? = 0
configure:12291: result: yes
configure:12291: checking for time.h
configure:12291: result: yes
configure:12291: checking math.h usability
configure:12291: gcc -c -O0 -g -DLCONFIG_INT=int  conftest.c >&5
configure:12291: $? = 0
configure:12291: result: yes
configure:12291: checking math.h presence
configure:12291: gcc -E  conftest.c
configure:12291: $? = 0
configure:12291: result: yes
configure:12291: checking for math.h
configure:12291: result: yes
configure:12291: checking syslog.h usability
configure:12291: gcc -c -O0 -g -DLCONFIG_INT=int  conftest.c >&5
configure:12291: $? = 0
configure:12291: result: yes
configure:12291: checking syslog.h presence
configure:12291: gcc -E  conftest.c
configure:12291: $? = 0
configure:12291: result: yes
configure:12291: checking for syslog.h
configure:12291: result: yes
configure:12291: checking for unistd.h
configure:12291: result: yes
configure:12291: checking errno.h usability
configure:12291: gcc -c -O0 -g -DLCONFIG_INT=int  conftest.c >&5
configure:12291: $? = 0
configure:12291: result: yes
configure:12291: checking errno.h presence
configure:12291: gcc -E  conftest.c
configure:12291: $? = 0
configure:12291: result: yes
configure:12291: checking for errno.h
configure:12291: result: yes
configure:12291: checking netinet/in.h usability
configure:12291: gcc -c -O0 -g -DLCONFIG_INT=int  conftest.c >&5
configure:12291: $? = 0
configure:12291: result: yes
configure:12291: checking netinet/in.h presence
configure:12291: gcc -E  conftest.c
configure:12291: $? = 0
configure:12291: result: yes
configure:12291: checking for netinet/in.h
configure:12291: result: yes
configure:12291: checking arpa/inet.h usability
configure:12291: gcc -c -O0 -g -DLCONFIG_INT=int  conftest.c >&5
configure:12291: $? = 0
configure:12291: result: yes
configure:12291: checking arpa/inet.h presence
configure:12291: gcc -E  conftest.c
configure:12291: $? = 0
configure:12291: result: yes
configure:12291: checking for arpa/inet.h
configure:12291: result: yes
configure:12291: checking sys/socket.h usability
configure:12291: gcc -c -O0 -g -DLCONFIG_INT=int  conftest.c >&5
configure:12291: $? = 0
configure:12291: result: yes
configure:12291: checking sys/socket.h presence
configure:12291: gcc -E  conftest.c
configure:12291: $? = 0
configure:12291: result: yes
configure:12291: checking for sys/socket.h
configure:12291: result: yes
configure:12291: checking for sys/types.h
configure:12291: result: yes
configure:12291: checking readline/chardefs.h usability
configure:12291: gcc -c -O0 -g -DLCONFIG_INT=int  conftest.c >&5
configure:12291: $? = 0
configure:12291: result: yes
configure:12291: checking readline/chardefs.h presence
configure:12291: gcc -E  conftest.c
configure:12291: $? = 0
configure:12291: result: yes
configure:12291: checking for readline/chardefs.h
configure:12291: result: yes
configure:12316: checking for stdbool.h that conforms to C99
configure:12383: gcc -c -O0 -g -DLCONFIG_INT=int  conftest.c >&5
configure:12383: $? = 0
configure:12390: result: yes
configure:12392: checking for _Bool
configure:12392: gcc -c -O0 -g -DLCONFIG_INT=int  conftest.c >&5
configure:12392: $? = 0
configure:12392: gcc -c -O0 -g -DLCONFIG_INT=int  conftest.c >&5
conftest.c: In function 'main':
conftest.c:85:20: error: expected expression before ')' token
 if (sizeof ((_Bool)))
                    ^
configure:12392: $? = 1
configure: failed program was:
| /* confdefs.h */
| #define PACKAGE_NAME "bgpsecio"
| #define PACKAGE_TARNAME "bgpsecio"
| #define PACKAGE_VERSION "0.2.1.11"
| #define PACKAGE_STRING "bgpsecio 0.2.1.11"
| #define PACKAGE_BUGREPORT "itrg-contact@list.nist.gov"
| #define PACKAGE_URL ""
| #define PACKAGE "bgpsecio"
| #define VERSION "0.2.1.11"
| #define STDC_HEADERS 1
| #define HAVE_SYS_TYPES_H 1
| #define HAVE_SYS_STAT_H 1
| #define HAVE_STDLIB_H 1
| #define HAVE_STRING_H 1
| #define HAVE_MEMORY_H 1
| #define HAVE_STRINGS_H 1
| #define HAVE_INTTYPES_H 1
| #define HAVE_STDINT_H 1
| #define HAVE_UNISTD_H 1
| #define HAVE_DLFCN_H 1
| #define LT_OBJDIR ".libs/"
| #define HAVE_PTHREAD_H 1
| #define HAVE__HOME_CENTOS_CNSM_CNSM_23_DEMO_AS_CONES_LOCAL_6_2_0_INCLUDE_SRX_SRXCRYPTOAPI_H 1
| #define HAVE__USR__INCLUDE_OPENSSL_CRYPTO_H 1
| #define HAVE__USR__INCLUDE_OPENSSL_BIO_H 1
| #define HAVE__USR__INCLUDE_OPENSSL_SHA_H 1
| #define HAVE__USR__INCLUDE_OPENSSL_EC_H 1
| #define HAVE__USR__INCLUDE_OPENSSL_ECDSA_H 1
| #define HAVE__USR__INCLUDE_OPENSSL_ERR_H 1
| #define HAVE_MALLOC_H 1
| #define HAVE_NETDB_H 1
| #define HAVE_STDDEF_H 1
| #define HAVE_STDINT_H 1
| #define HAVE_STDLIB_H 1
| #define HAVE_STRING_H 1
| #define HAVE_STDIO_H 1
| #define HAVE_PTHREAD_H 1
| #define HAVE_TIME_H 1
| #define HAVE_MATH_H 1
| #define HAVE_SYSLOG_H 1
| #define HAVE_UNISTD_H 1
| #define HAVE_ERRNO_H 1
| #define HAVE_NETINET_IN_H 1
| #define HAVE_ARPA_INET_H 1
| #define HAVE_SYS_SOCKET_H 1
| #define HAVE_SYS_TYPES_H 1
| #define HAVE_READLINE_CHARDEFS_H 1
| /* end confdefs.h.  */
| #include <stdio.h>
| #ifdef HAVE_SYS_TYPES_H
| # include <sys/types.h>
| #endif
| #ifdef HAVE_SYS_STAT_H
| # include <sys/stat.h>
| #endif
| #ifdef STDC_HEADERS
| # include <stdlib.h>
| # include <stddef.h>
| #else
| # ifdef HAVE_STDLIB_H
| #  include <stdlib.h>
| # endif
| #endif
| #ifdef HAVE_STRING_H
| # if !defined STDC_HEADERS && defined HAVE_MEMORY_H
| #  include <memory.h>
| # endif
| # include <string.h>
| #endif
| #ifdef HAVE_STRINGS_H
| # include <strings.h>
| #endif
| #ifdef HAVE_INTTYPES_H
| # include <inttypes.h>
| #endif
| #ifdef HAVE_STDINT_H
| # include <stdint.h>
| #endif
| #ifdef HAVE_UNISTD_H
| # include <unistd.h>
| #endif
| int
| main ()
| {
| if (sizeof ((_Bool)))
| 	    return 0;
|   ;
|   return 0;
| }
configure:12392: result: yes
configure:12409: checking for size_t
configure:12409: gcc -c -O0 -g -DLCONFIG_INT=int  conftest.c >&5
configure:12409: $? = 0
configure:12409: gcc -c -O0 -g -DLCONFIG_INT=int  conftest.c >&5
conftest.c: In function 'main':
conftest.c:87:21: error: expected expression before ')' token
 if (sizeof ((size_t)))
                     ^
configure:12409: $? = 1
configure: failed program was:
| /* confdefs.h */
| #define PACKAGE_NAME "bgpsecio"
| #define PACKAGE_TARNAME "bgpsecio"
| #define PACKAGE_VERSION "0.2.1.11"
| #define PACKAGE_STRING "bgpsecio 0.2.1.11"
| #define PACKAGE_BUGREPORT "itrg-contact@list.nist.gov"
| #define PACKAGE_URL ""
| #define PACKAGE "bgpsecio"
| #define VERSION "0.2.1.11"
| #define STDC_HEADERS 1
| #define HAVE_SYS_TYPES_H 1
| #define HAVE_SYS_STAT_H 1
| #define HAVE_STDLIB_H 1
| #define HAVE_STRING_H 1
| #define HAVE_MEMORY_H 1
| #define HAVE_STRINGS_H 1
| #define HAVE_INTTYPES_H 1
| #define HAVE_STDINT_H 1
| #define HAVE_UNISTD_H 1
| #define HAVE_DLFCN_H 1
| #define LT_OBJDIR ".libs/"
| #define HAVE_PTHREAD_H 1
| #define HAVE__HOME_CENTOS_CNSM_CNSM_23_DEMO_AS_CONES_LOCAL_6_2_0_INCLUDE_SRX_SRXCRYPTOAPI_H 1
| #define HAVE__USR__INCLUDE_OPENSSL_CRYPTO_H 1
| #define HAVE__USR__INCLUDE_OPENSSL_BIO_H 1
| #define HAVE__USR__INCLUDE_OPENSSL_SHA_H 1
| #define HAVE__USR__INCLUDE_OPENSSL_EC_H 1
| #define HAVE__USR__INCLUDE_OPENSSL_ECDSA_H 1
| #define HAVE__USR__INCLUDE_OPENSSL_ERR_H 1
| #define HAVE_MALLOC_H 1
| #define HAVE_NETDB_H 1
| #define HAVE_STDDEF_H 1
| #define HAVE_STDINT_H 1
| #define HAVE_STDLIB_H 1
| #define HAVE_STRING_H 1
| #define HAVE_STDIO_H 1
| #define HAVE_PTHREAD_H 1
| #define HAVE_TIME_H 1
| #define HAVE_MATH_H 1
| #define HAVE_SYSLOG_H 1
| #define HAVE_UNISTD_H 1
| #define HAVE_ERRNO_H 1
| #define HAVE_NETINET_IN_H 1
| #define HAVE_ARPA_INET_H 1
| #define HAVE_SYS_SOCKET_H 1
| #define HAVE_SYS_TYPES_H 1
| #define HAVE_READLINE_CHARDEFS_H 1
| #define HAVE__BOOL 1
| #define HAVE_STDBOOL_H 1
| /* end confdefs.h.  */
| #include <stdio.h>
| #ifdef HAVE_SYS_TYPES_H
| # include <sys/types.h>
| #endif
| #ifdef HAVE_SYS_STAT_H
| # include <sys/stat.h>
| #endif
| #ifdef STDC_HEADERS
| # include <stdlib.h>
| # include <stddef.h>
| #else
| # ifdef HAVE_STDLIB_H
| #  include <stdlib.h>
| # endif
| #endif
| #ifdef HAVE_STRING_H
| # if !defined STDC_HEADERS && defined HAVE_MEMORY_H
| #  include <memory.h>
| # endif
| # include <string.h>
| #endif
| #ifdef HAVE_STRINGS_H
| # include <strings.h>
| #endif
| #ifdef HAVE_INTTYPES_H
| # include <inttypes.h>
| #endif
| #ifdef HAVE_STDINT_H
| # include <stdint.h>
| #endif
| #ifdef HAVE_UNISTD_H
| # include <unistd.h>
| #endif
| int
| main ()
| {
| if (sizeof ((size_t)))
| 	    return 0;
|   ;
|   return 0;
| }
configure:12409: result: yes
configure:12420: checking for uint32_t
configure:12420: gcc -c -O0 -g -DLCONFIG_INT=int  conftest.c >&5
configure:12420: $? = 0
configure:12420: result: yes
configure:12434: checking for uint16_t
configure:12434: gcc -c -O0 -g -DLCONFIG_INT=int  conftest.c >&5
configure:12434: $? = 0
configure:12434: result: yes
configure:12446: checking for uint8_t
configure:12446: gcc -c -O0 -g -DLCONFIG_INT=int  conftest.c >&5
configure:12446: $? = 0
configure:12446: result: yes
configure:12464: checking for stdlib.h
configure:12464: result: yes
configure:12474: checking for GNU libc compatible malloc
configure:12498: gcc -o conftest -O0 -g -DLCONFIG_INT=int   conftest.c -lconfig -lpthread  >&5
configure:12498: $? = 0
configure:12498: ./conftest
configure:12498: $? = 0
configure:12508: result: yes
configure:12531: checking for stdlib.h
configure:12531: result: yes
configure:12541: checking for GNU libc compatible realloc
configure:12565: gcc -o conftest -O0 -g -DLCONFIG_INT=int   conftest.c -lconfig -lpthread  >&5
configure:12565: $? = 0
configure:12565: ./conftest
configure:12565: $? = 0
configure:12575: result: yes
configure:12599: checking for localtime_r
configure:12599: gcc -o conftest -O0 -g -DLCONFIG_INT=int   conftest.c -lconfig -lpthread  >&5
configure:12599: $? = 0
configure:12599: result: yes
configure:12599: checking for memset
configure:12599: gcc -o conftest -O0 -g -DLCONFIG_INT=int   conftest.c -lconfig -lpthread  >&5
conftest.c:79:6: warning: conflicting types for built-in function 'memset' [enabled by default]
 char memset ();
      ^
configure:12599: $? = 0
configure:12599: result: yes
configure:12599: checking for socket
configure:12599: gcc -o conftest -O0 -g -DLCONFIG_INT=int   conftest.c -lconfig -lpthread  >&5
configure:12599: $? = 0
configure:12599: result: yes
configure:12599: checking for strchr
configure:12599: gcc -o conftest -O0 -g -DLCONFIG_INT=int   conftest.c -lconfig -lpthread  >&5
conftest.c:81:6: warning: conflicting types for built-in function 'strchr' [enabled by default]
 char strchr ();
      ^
configure:12599: $? = 0
configure:12599: result: yes
configure:12599: checking for strerror
configure:12599: gcc -o conftest -O0 -g -DLCONFIG_INT=int   conftest.c -lconfig -lpthread  >&5
configure:12599: $? = 0
configure:12599: result: yes
configure:12665: result: Linux IPv6
configure:12670: checking whether libc has IPv6 support
configure:12683: gcc -o conftest -O0 -g -DLCONFIG_INT=int -DCPU_64   conftest.c -lconfig -lpthread  >&5
configure:12683: $? = 0
configure:12684: result: yes
configure:12697: checking for GNU libc >= 2.1
configure:12844: checking that generated files are newer than configure
configure:12850: result: done
configure:12877: creating ./config.status

## ---------------------- ##
## Running config.status. ##
## ---------------------- ##

This file was extended by bgpsecio config.status 0.2.1.11, which was
generated by GNU Autoconf 2.69.  Invocation command line was

  CONFIG_FILES    = 
  CONFIG_HEADERS  = 
  CONFIG_LINKS    = 
  CONFIG_COMMANDS = 
  $ ./config.status 

on localhost.localdomain

config.status:1146: creating Makefile
config.status:1146: creating antd-util/Makefile
config.status:1146: creating bgpsecio-0.2.1.11.spec
config.status:1146: creating config.h
config.status:1327: config.h is unchanged
config.status:1375: executing depfiles commands
config.status:1375: executing libtool commands

## ---------------- ##
## Cache variables. ##
## ---------------- ##

ac_cv_build=x86_64-unknown-linux-gnu
ac_cv_c_compiler_gnu=yes
ac_cv_c_uint16_t=yes
ac_cv_c_uint32_t=yes
ac_cv_c_uint8_t=yes
ac_cv_env_CC_set=
ac_cv_env_CC_value=
ac_cv_env_CFLAGS_set=set
ac_cv_env_CFLAGS_value='-O0 -g'
ac_cv_env_CPPFLAGS_set=
ac_cv_env_CPPFLAGS_value=
ac_cv_env_CPP_set=
ac_cv_env_CPP_value=
ac_cv_env_LDFLAGS_set=
ac_cv_env_LDFLAGS_value=
ac_cv_env_LIBS_set=
ac_cv_env_LIBS_value=
ac_cv_env_build_alias_set=
ac_cv_env_build_alias_value=
ac_cv_env_host_alias_set=
ac_cv_env_host_alias_value=
ac_cv_env_openssl_dir_set=
ac_cv_env_openssl_dir_value=
ac_cv_env_sca_dir_set=set
ac_cv_env_sca_dir_value=/home/centos/CNSM/CNSM-23-demo/AS-Cones/local-6.2.0
ac_cv_env_target_alias_set=
ac_cv_env_target_alias_value=
ac_cv_func_localtime_r=yes
ac_cv_func_malloc_0_nonnull=yes
ac_cv_func_memset=yes
ac_cv_func_realloc_0_nonnull=yes
ac_cv_func_socket=yes
ac_cv_func_strchr=yes
ac_cv_func_strerror=yes
ac_cv_header__home_centos_CNSM_CNSM_23_demo_AS_Cones_local_6_2_0_include_srx_srxcryptoapi_h=yes
ac_cv_header__usr__include_openssl_bio_h=yes
ac_cv_header__usr__include_openssl_crypto_h=yes
ac_cv_header__usr__include_openssl_ec_h=yes
ac_cv_header__usr__include_openssl_ecdsa_h=yes
ac_cv_header__usr__include_openssl_err_h=yes
ac_cv_header__usr__include_openssl_sha_h=yes
ac_cv_header_arpa_inet_h=yes
ac_cv_header_dlfcn_h=yes
ac_cv_header_errno_h=yes
ac_cv_header_inttypes_h=yes
ac_cv_header_malloc_h=yes
ac_cv_header_math_h=yes
ac_cv_header_memory_h=yes
ac_cv_header_netdb_h=yes
ac_cv_header_netinet_in_h=yes
ac_cv_header_pthread_h=yes
ac_cv_header_readline_chardefs_h=yes
ac_cv_header_stdbool_h=yes
ac_cv_header_stdc=yes
ac_cv_header_stddef_h=yes
ac_cv_header_stdint_h=yes
ac_cv_header_stdio_h=yes
ac_cv_header_stdlib_h=yes
ac_cv_header_string_h=yes
ac_cv_header_strings_h=yes
ac_cv_header_sys_socket_h=yes
ac_cv_header_sys_stat_h=yes
ac_cv_header_sys_types_h=yes
ac_cv_header_syslog_h=yes
ac_cv_header_time_h=yes
ac_cv_header_unistd_h=yes
ac_cv_host=x86_64-unknown-linux-gnu
ac_cv_objext=o
ac_cv_path_EGREP='/bin/grep -E'
ac_cv_path_FGREP='/bin/grep -F'
ac_cv_path_GREP=/bin/grep
ac_cv_path_SED=/bin/sed
ac_cv_path_install='/bin/install -c'
ac_cv_path_mkdir=/bin/mkdir
ac_cv_prog_AWK=gawk
ac_cv_prog_CPP='gcc -E'
ac_cv_prog_ac_ct_AR=ar
ac_cv_prog_ac_ct_CC=gcc
ac_cv_prog_ac_ct_OBJDUMP=objdump
ac_cv_prog_ac_ct_RANLIB=ranlib
ac_cv_prog_ac_ct_STRIP=strip
ac_cv_prog_cc_c89=
ac_cv_prog_cc_g=yes
ac_cv_prog_make_make_set=yes
ac_cv_search_clock_gettime='none required'
ac_cv_search_config_init=-lconfig
ac_cv_search_pthread_create=-lpthread
ac_cv_type__Bool=yes
ac_cv_type_size_t=yes
am_cv_CC_dependencies_compiler_type=gcc3
am_cv_make_support_nested_variables=yes
lt_cv_ar_at_file=@
lt_cv_archive_cmds_need_lc=no
lt_cv_deplibs_check_method=pass_all
lt_cv_file_magic_cmd='$MAGIC_CMD'
lt_cv_file_magic_test_file=
lt_cv_ld_reload_flag=-r
lt_cv_nm_interface='BSD nm'
lt_cv_objdir=.libs
lt_cv_path_LD=/bin/ld
lt_cv_path_NM='/bin/nm -B'
lt_cv_path_mainfest_tool=no
lt_cv_prog_compiler_c_o=yes
lt_cv_prog_compiler_pic='-fPIC -DPIC'
lt_cv_prog_compiler_pic_works=yes
lt_cv_prog_compiler_rtti_exceptions=no
lt_cv_prog_compiler_static_works=no
lt_cv_prog_gnu_ld=yes
lt_cv_sharedlib_from_linklib_cmd='printf %s\n'
lt_cv_shlibpath_overrides_runpath=no
lt_cv_sys_global_symbol_pipe='sed -n -e '\''s/^.*[	 ]\([ABCDGIRSTW][ABCDGIRSTW]*\)[	 ][	 ]*\([_A-Za-z][_A-Za-z0-9]*\)$/\1 \2 \2/p'\'' | sed '\''/ __gnu_lto/d'\'''
lt_cv_sys_global_symbol_to_c_name_address='sed -n -e '\''s/^: \([^ ]*\)[ ]*$/  {\"\1\", (void *) 0},/p'\'' -e '\''s/^[ABCDGIRSTW]* \([^ ]*\) \([^ ]*\)$/  {"\2", (void *) \&\2},/p'\'''
lt_cv_sys_global_symbol_to_c_name_address_lib_prefix='sed -n -e '\''s/^: \([^ ]*\)[ ]*$/  {\"\1\", (void *) 0},/p'\'' -e '\''s/^[ABCDGIRSTW]* \([^ ]*\) \(lib[^ ]*\)$/  {"\2", (void *) \&\2},/p'\'' -e '\''s/^[ABCDGIRSTW]* \([^ ]*\) \([^ ]*\)$/  {"lib\2", (void *) \&\2},/p'\'''
lt_cv_sys_global_symbol_to_cdecl='sed -n -e '\''s/^T .* \(.*\)$/extern int \1();/p'\'' -e '\''s/^[ABCDGIRSTW]* .* \(.*\)$/extern char \1;/p'\'''
lt_cv_sys_max_cmd_len=1572864
lt_cv_to_host_file_cmd=func_convert_file_noop
lt_cv_to_tool_file_cmd=func_convert_file_noop

## ----------------- ##
## Output variables. ##
## ----------------- ##

ACLOCAL='${SHELL} /home/centos/CNSM/CNSM-23-demo/AS-Cones/bgpsec-io/missing aclocal-1.13'
AMDEPBACKSLASH='\'
AMDEP_FALSE='#'
AMDEP_TRUE=''
AMTAR='$${TAR-tar}'
AM_BACKSLASH='\'
AM_DEFAULT_V='$(AM_DEFAULT_VERBOSITY)'
AM_DEFAULT_VERBOSITY='1'
AM_V='$(V)'
AR='ar'
AUTOCONF='${SHELL} /home/centos/CNSM/CNSM-23-demo/AS-Cones/bgpsec-io/missing autoconf'
AUTOHEADER='${SHELL} /home/centos/CNSM/CNSM-23-demo/AS-Cones/bgpsec-io/missing autoheader'
AUTOMAKE='${SHELL} /home/centos/CNSM/CNSM-23-demo/AS-Cones/bgpsec-io/missing automake-1.13'
AWK='gawk'
CC='gcc'
CCDEPMODE='depmode=gcc3'
CFLAGS='-O0 -g -DLCONFIG_INT=int -DCPU_64'
CPP='gcc -E'
CPPFLAGS=''
CPU_ARCH='64'
CPU_ARCH_FLAG='-DCPU_64'
CREATE_TESTVECTOR=''
CYGPATH_W='echo'
DEFS='-DHAVE_CONFIG_H'
DEPDIR='.deps'
DLLTOOL='false'
DSYMUTIL=''
DUMPBIN=''
ECHO_C=''
ECHO_N='-n'
ECHO_T=''
EGREP='/bin/grep -E'
EXEEXT=''
FGREP='/bin/grep -F'
GREP='/bin/grep'
HAVE_LIBCONFIG='1'
HAVE_LIBSRxCryptoAPI='1'
INSTALL_DATA='${INSTALL} -m 644'
INSTALL_PROGRAM='${INSTALL}'
INSTALL_SCRIPT='${INSTALL}'
INSTALL_STRIP_PROGRAM='$(install_sh) -c -s'
LCONFIG_INT='int'
LD='/bin/ld -m elf_x86_64'
LDFLAGS=''
LIBOBJS=''
LIBS='-lconfig -lpthread '
LIBTOOL='$(SHELL) $(top_builddir)/libtool'
LIB_VER_INFO='2:1:0'
LIB_VER_INFO_COND_FALSE='#'
LIB_VER_INFO_COND_TRUE=''
LIPO=''
LN_S='ln -s'
LTLIBOBJS=''
MAJOR_VER='2'
MAKEINFO='${SHELL} /home/centos/CNSM/CNSM-23-demo/AS-Cones/bgpsec-io/missing makeinfo'
MANIFEST_TOOL=':'
MCHECK=''
MINOR_VER='1'
MKDIR_P='/bin/mkdir -p'
NM='/bin/nm -B'
NMEDIT=''
OBJDUMP='objdump'
OBJEXT='o'
OPENSSL_CFLAGS=''
OPENSSL_LDFLAGS=''
OPENSSL_LIBS='-lcrypto -lssl '
OTOOL64=''
OTOOL=''
PACKAGE='bgpsecio'
PACKAGE_BUGREPORT='itrg-contact@list.nist.gov'
PACKAGE_NAME='bgpsecio'
PACKAGE_STRING='bgpsecio 0.2.1.11'
PACKAGE_TARNAME='bgpsecio'
PACKAGE_URL=''
PACKAGE_VERSION='0.2.1.11'
PATH_SEPARATOR=':'
PKG_VER='0'
PRINT_CRYPTO=''
RANLIB='ranlib'
SCA_CFLAGS='-I/home/centos/CNSM/CNSM-23-demo/AS-Cones/local-6.2.0/include'
SCA_LDFLAGS='-L/home/centos/CNSM/CNSM-23-demo/AS-Cones/local-6.2.0/lib64/srx'
SCA_LIBS='-lSRxCryptoAPI'
SED='/bin/sed'
SET_MAKE=''
SHELL='/bin/sh'
STRIP='strip'
TESTMAKE=''
UPD_VER='11'
VERSION='0.2.1.11'
VER_INFO='2.0.1'
ac_ct_AR='ar'
ac_ct_CC='gcc'
ac_ct_DUMPBIN=''
am__EXEEXT_FALSE=''
am__EXEEXT_TRUE='#'
am__fastdepCC_FALSE='#'
am__fastdepCC_TRUE=''
am__include='include'
am__isrc=''
am__leading_dot='.'
am__nodep='_no'
am__quote=''
am__tar='$${TAR-tar} chof - "$$tardir"'
am__untar='$${TAR-tar} xf -'
bindir='${exec_prefix}/bin'
build='x86_64-unknown-linux-gnu'
build_alias=''
build_cpu='x86_64'
build_os='linux-gnu'
build_vendor='unknown'
datadir='${datarootdir}'
datarootdir='${prefix}/share'
docdir='${datarootdir}/doc/${PACKAGE_TARNAME}'
dvidir='${docdir}'
exec_prefix='${prefix}'
host='x86_64-unknown-linux-gnu'
host_alias=''
host_cpu='x86_64'
host_os='linux-gnu'
host_vendor='unknown'
htmldir='${docdir}'
includedir='${prefix}/include'
infodir='${datarootdir}/info'
install_sh='${SHELL} /home/centos/CNSM/CNSM-23-demo/AS-Cones/bgpsec-io/install-sh'
libdir='${exec_prefix}/lib64'
libexecdir='${exec_prefix}/libexec'
localedir='${datarootdir}/locale'
localstatedir='${prefix}/var'
mandir='${datarootdir}/man'
mkdir_p='$(MKDIR_P)'
oldincludedir='/usr/include'
openssl_dir=''
pdfdir='${docdir}'
prefix='/home/centos/CNSM/CNSM-23-demo/AS-Cones/local-6.2.0'
program_transform_name='s,x,x,'
psdir='${docdir}'
sbindir='${exec_prefix}/sbin'
sca_dir='/home/centos/CNSM/CNSM-23-demo/AS-Cones/local-6.2.0'
sharedstatedir='${prefix}/com'
sysconfdir='${prefix}/etc'
target_alias=''

## ----------- ##
## confdefs.h. ##
## ----------- ##

/* confdefs.h */
#define PACKAGE_NAME "bgpsecio"
#define PACKAGE_TARNAME "bgpsecio"
#define PACKAGE_VERSION "0.2.1.11"
#define PACKAGE_STRING "bgpsecio 0.2.1.11"
#define PACKAGE_BUGREPORT "itrg-contact@list.nist.gov"
#define PACKAGE_URL ""
#define PACKAGE "bgpsecio"
#define VERSION "0.2.1.11"
#define STDC_HEADERS 1
#define HAVE_SYS_TYPES_H 1
#define HAVE_SYS_STAT_H 1
#define HAVE_STDLIB_H 1
#define HAVE_STRING_H 1
#define HAVE_MEMORY_H 1
#define HAVE_STRINGS_H 1
#define HAVE_INTTYPES_H 1
#define HAVE_STDINT_H 1
#define HAVE_UNISTD_H 1
#define HAVE_DLFCN_H 1
#define LT_OBJDIR ".libs/"
#define HAVE_PTHREAD_H 1
#define HAVE__HOME_CENTOS_CNSM_CNSM_23_DEMO_AS_CONES_LOCAL_6_2_0_INCLUDE_SRX_SRXCRYPTOAPI_H 1
#define HAVE__USR__INCLUDE_OPENSSL_CRYPTO_H 1
#define HAVE__USR__INCLUDE_OPENSSL_BIO_H 1
#define HAVE__USR__INCLUDE_OPENSSL_SHA_H 1
#define HAVE__USR__INCLUDE_OPENSSL_EC_H 1
#define HAVE__USR__INCLUDE_OPENSSL_ECDSA_H 1
#define HAVE__USR__INCLUDE_OPENSSL_ERR_H 1
#define HAVE_MALLOC_H 1
#define HAVE_NETDB_H 1
#define HAVE_STDDEF_H 1
#define HAVE_STDINT_H 1
#define HAVE_STDLIB_H 1
#define HAVE_STRING_H 1
#define HAVE_STDIO_H 1
#define HAVE_PTHREAD_H 1
#define HAVE_TIME_H 1
#define HAVE_MATH_H 1
#define HAVE_SYSLOG_H 1
#define HAVE_UNISTD_H 1
#define HAVE_ERRNO_H 1
#define HAVE_NETINET_IN_H 1
#define HAVE_ARPA_INET_H 1
#define HAVE_SYS_SOCKET_H 1
#define HAVE_SYS_TYPES_H 1
#define HAVE_READLINE_CHARDEFS_H 1
#define HAVE__BOOL 1
#define HAVE_STDBOOL_H 1
#define HAVE_STDLIB_H 1
#define HAVE_MALLOC 1
#define HAVE_STDLIB_H 1
#define HAVE_REALLOC 1
#define HAVE_LOCALTIME_R 1
#define HAVE_MEMSET 1
#define HAVE_SOCKET 1
#define HAVE_STRCHR 1
#define HAVE_STRERROR 1
#define HAVE_IPV6 1

configure: exit 0
